#
# An unexpected error has been detected by HotSpot Virtual Machine:
#
#  SIGSEGV (0xb) at pc=0xb7841428, pid=7466, tid=3085160576
#
# Java VM: Java HotSpot(TM) Client VM (1.5.0_09-b03 mixed mode)
# Problematic frame:
# V  [libjvm.so+0x1a5428]
#

---------------  T H R E A D  ---------------

Current thread (0x0805d060):  JavaThread "main" [_thread_in_vm, id=7466]

siginfo:si_signo=11, si_errno=0, si_code=1, si_addr=0x00000039

Registers:
EAX=0x0000000d, EBX=0xb7a23aec, ECX=0xaa5eef60, EDX=0xaa5eef68
ESP=0xbfca4d90, EBP=0xbfca4dc8, ESI=0x0805e744, EDI=0x0805d060
EIP=0xb7841428, CR2=0x00000039, EFLAGS=0x00210206

Top of Stack: (sp=0xbfca4d90)
0xbfca4d90:   aa5eef68 0805d060 0805e748 0805e748
0xbfca4da0:   0805d120 bfca4df0 00000000 aa5eef60
0xbfca4db0:   0805e748 0805e744 0805e740 b7a23aec
0xbfca4dc0:   0805d060 0805d120 bfca4e38 b782229a
0xbfca4dd0:   0805d120 080bb2b8 b7f86978 b7f86962
0xbfca4de0:   00000001 0805d060 00000000 00000000
0xbfca4df0:   0000000e aa5ca3a8 0805e740 080bb2b8
0xbfca4e00:   0805d060 b78a53a4 00000000 08048a67 

Instructions: (pc=0xb7841428)
0xb7841418:   85 c0 74 02 8b 08 8d 51 08 50 50 8b 41 08 57 52
0xb7841428:   ff 50 2c 8b 47 04 83 c4 10 85 c0 75 80 31 c0 85 

Stack: [0xbfaa8000,0xbfca8000),  sp=0xbfca4d90,  free space=2035k
Native frames: (J=compiled Java code, j=interpreted, Vv=VM code, C=native code)
V  [libjvm.so+0x1a5428]
V  [libjvm.so+0x18629a]
C  [libReferenciaGlobal.so+0x842]  Java_referenciaglobal_Main_LlamaImprime+0x7e
j  referenciaglobal.Main.LlamaImprime()V+0
j  referenciaglobal.Main.main([Ljava/lang/String;)V+17
v  ~StubRoutines::call_stub
V  [libjvm.so+0x17a75c]
V  [libjvm.so+0x28afd8]
V  [libjvm.so+0x17a58f]
V  [libjvm.so+0x1a4e32]
V  [libjvm.so+0x196042]
C  [java+0x1873]
C  [libc.so.6+0x15974]  __libc_start_main+0xf4

Java frames: (J=compiled Java code, j=interpreted, Vv=VM code)
j  referenciaglobal.Main.LlamaImprime()V+0
j  referenciaglobal.Main.main([Ljava/lang/String;)V+17
v  ~StubRoutines::call_stub

---------------  P R O C E S S  ---------------

Java Threads: ( => current thread )
  0x080d3320 JavaThread "Low Memory Detector" daemon [_thread_blocked, id=7481]
  0x080d1938 JavaThread "CompilerThread0" daemon [_thread_blocked, id=7480]
  0x080d0420 JavaThread "Signal Dispatcher" daemon [_thread_blocked, id=7479]
  0x080cef98 JavaThread "JDWP Command Reader" daemon [_thread_in_native, id=7477]
  0x080cdb00 JavaThread "JDWP Event Helper Thread" daemon [_thread_blocked, id=7476]
  0x080cbfd0 JavaThread "JDWP Transport Listener: dt_socket" daemon [_thread_blocked, id=7475]
  0x080bc330 JavaThread "Finalizer" daemon [_thread_blocked, id=7472]
  0x080bb700 JavaThread "Reference Handler" daemon [_thread_blocked, id=7471]
=>0x0805d060 JavaThread "main" [_thread_in_vm, id=7466]

Other Threads:
  0x080b8a48 VMThread [id=7470]
  0x080d47c0 WatcherThread [id=7482]

VM state:not at safepoint (normal execution)

VM Mutex/Monitor currently owned by a thread: None

Heap
 def new generation   total 576K, used 191K [0xaa5c0000, 0xaa660000, 0xaaaa0000)
  eden space 512K,  37% used [0xaa5c0000, 0xaa5eff90, 0xaa640000)
  from space 64K,   0% used [0xaa640000, 0xaa640000, 0xaa650000)
  to   space 64K,   0% used [0xaa650000, 0xaa650000, 0xaa660000)
 tenured generation   total 1408K, used 0K [0xaaaa0000, 0xaac00000, 0xae5c0000)
   the space 1408K,   0% used [0xaaaa0000, 0xaaaa0000, 0xaaaa0200, 0xaac00000)
 compacting perm gen  total 8192K, used 1444K [0xae5c0000, 0xaedc0000, 0xb25c0000)
   the space 8192K,  17% used [0xae5c0000, 0xae729300, 0xae729400, 0xaedc0000)
No shared spaces configured.

Dynamic libraries:
08048000-08057000 r-xp 00000000 03:03 264062     /opt/jdk1.5.0_09/jre/bin/java
08057000-08059000 rwxp 0000e000 03:03 264062     /opt/jdk1.5.0_09/jre/bin/java
08059000-081c7000 rwxp 08059000 00:00 0          [heap]
a9e5b000-a9e86000 r-xs 00000000 03:03 295505     /opt/jdk1.5.0_09/jre/lib/ext/sunpkcs11.jar
a9e86000-a9e88000 r-xs 00000000 03:03 295506     /opt/jdk1.5.0_09/jre/lib/ext/dnsns.jar
a9e88000-a9eaf000 r-xs 00000000 03:03 295504     /opt/jdk1.5.0_09/jre/lib/ext/sunjce_provider.jar
a9eaf000-a9f73000 r-xs 00000000 03:03 296079     /opt/jdk1.5.0_09/jre/lib/ext/localedata.jar
a9f73000-a9f74000 ---p a9f73000 00:00 0 
a9f74000-a9ff3000 rwxp a9f74000 00:00 0 
a9ff3000-a9ff6000 ---p a9ff3000 00:00 0 
a9ff6000-aa073000 rwxp a9ff6000 00:00 0 
aa073000-aa076000 ---p aa073000 00:00 0 
aa076000-aa0f3000 rwxp aa076000 00:00 0 
aa0f3000-aa0f6000 ---p aa0f3000 00:00 0 
aa0f6000-aa173000 rwxp aa0f6000 00:00 0 
aa173000-aa176000 ---p aa173000 00:00 0 
aa176000-aa1f3000 rwxp aa176000 00:00 0 
aa1f3000-aa1f6000 ---p aa1f3000 00:00 0 
aa1f6000-aa273000 rwxp aa1f6000 00:00 0 
aa273000-aa276000 ---p aa273000 00:00 0 
aa276000-aa2f3000 rwxp aa276000 00:00 0 
aa2f3000-aa2f7000 r-xp 00000000 03:03 264117     /opt/jdk1.5.0_09/jre/lib/i386/libdt_socket.so
aa2f7000-aa2f8000 rwxp 00003000 03:03 264117     /opt/jdk1.5.0_09/jre/lib/i386/libdt_socket.so
aa2f8000-aa3c0000 r-xp 00000000 03:03 395062     /usr/lib/locale/locale-archive
aa3c0000-aa3c3000 ---p aa3c0000 00:00 0 
aa3c3000-aa440000 rwxp aa3c3000 00:00 0 
aa440000-aa443000 ---p aa440000 00:00 0 
aa443000-aa4c0000 rwxp aa443000 00:00 0 
aa4c0000-aa4c1000 ---p aa4c0000 00:00 0 
aa4c1000-aa545000 rwxp aa4c1000 00:00 0 
aa545000-aa561000 rwxp aa545000 00:00 0 
aa561000-aa562000 rwxp aa561000 00:00 0 
aa562000-aa57f000 rwxp aa562000 00:00 0 
aa57f000-aa580000 rwxp aa57f000 00:00 0 
aa580000-aa581000 rwxp aa580000 00:00 0 
aa581000-aa583000 rwxp aa581000 00:00 0 
aa583000-aa59f000 rwxp aa583000 00:00 0 
aa59f000-aa5a3000 rwxp aa59f000 00:00 0 
aa5a3000-aa5bf000 rwxp aa5a3000 00:00 0 
aa5bf000-aa660000 rwxp aa5bf000 00:00 0 
aa660000-aaaa0000 rwxp aa660000 00:00 0 
aaaa0000-aac00000 rwxp aaaa0000 00:00 0 
aac00000-ae5c0000 rwxp aac00000 00:00 0 
ae5c0000-aedc0000 rwxp ae5c0000 00:00 0 
aedc0000-b25c0000 rwxp aedc0000 00:00 0 
b25c1000-b25c4000 rwxp b25c1000 00:00 0 
b25c4000-b2641000 rwxp b25c4000 00:00 0 
b2641000-b26d1000 rwxp b2641000 00:00 0 
b26d1000-b4641000 rwxp b26d1000 00:00 0 
b4641000-b4eb1000 r-xs 00000000 03:03 264159     /opt/jdk1.5.0_09/jre/lib/charsets.jar
b4eb1000-b4ec6000 r-xs 00000000 03:03 264123     /opt/jdk1.5.0_09/jre/lib/jce.jar
b4ec6000-b4f4b000 r-xs 00000000 03:03 264156     /opt/jdk1.5.0_09/jre/lib/jsse.jar
b4f4b000-b4fb4000 rwxp b4f4b000 00:00 0 
b4fb4000-b75ca000 r-xs 00000000 03:03 264058     /opt/jdk1.5.0_09/jre/lib/rt.jar
b75ca000-b75d9000 r-xp 00000000 03:03 264093     /opt/jdk1.5.0_09/jre/lib/i386/libzip.so
b75d9000-b75db000 rwxp 0000e000 03:03 264093     /opt/jdk1.5.0_09/jre/lib/i386/libzip.so
b75db000-b75fc000 r-xp 00000000 03:03 264091     /opt/jdk1.5.0_09/jre/lib/i386/libjava.so
b75fc000-b75fe000 rwxp 00020000 03:03 264091     /opt/jdk1.5.0_09/jre/lib/i386/libjava.so
b75fe000-b7609000 r-xp 00000000 03:03 264090     /opt/jdk1.5.0_09/jre/lib/i386/libverify.so
b7609000-b760a000 rwxp 0000b000 03:03 264090     /opt/jdk1.5.0_09/jre/lib/i386/libverify.so
b760a000-b7613000 r-xp 00000000 03:03 1692967    /lib/tls/libnss_files-2.3.2.so
b7613000-b7614000 rwxp 00008000 03:03 1692967    /lib/tls/libnss_files-2.3.2.so
b7614000-b761c000 r-xp 00000000 03:03 1692969    /lib/tls/libnss_nis-2.3.2.so
b761c000-b761d000 rwxp 00007000 03:03 1692969    /lib/tls/libnss_nis-2.3.2.so
b761d000-b7624000 r-xp 00000000 03:03 1692965    /lib/tls/libnss_compat-2.3.2.so
b7624000-b7625000 rwxp 00006000 03:03 1692965    /lib/tls/libnss_compat-2.3.2.so
b7625000-b7657000 r-xp 00000000 03:03 264116     /opt/jdk1.5.0_09/jre/lib/i386/libjdwp.so
b7657000-b7658000 rwxp 00032000 03:03 264116     /opt/jdk1.5.0_09/jre/lib/i386/libjdwp.so
b7658000-b765b000 rwxp b7658000 00:00 0 
b765b000-b766c000 r-xp 00000000 03:03 1692964    /lib/tls/libnsl-2.3.2.so
b766c000-b766d000 rwxp 00011000 03:03 1692964    /lib/tls/libnsl-2.3.2.so
b766d000-b766f000 rwxp b766d000 00:00 0 
b7671000-b7672000 rwxp b7671000 00:00 0 
b7672000-b767a000 rwxs 00000000 03:03 1543246    /tmp/hsperfdata_javi/7466
b767a000-b769b000 r-xp 00000000 03:03 1692962    /lib/tls/libm-2.3.2.so
b769b000-b769c000 rwxp 00020000 03:03 1692962    /lib/tls/libm-2.3.2.so
b769c000-b7a08000 r-xp 00000000 03:03 295494     /opt/jdk1.5.0_09/jre/lib/i386/client/libjvm.so
b7a08000-b7a27000 rwxp 0036b000 03:03 295494     /opt/jdk1.5.0_09/jre/lib/i386/client/libjvm.so
b7a27000-b7e3e000 rwxp b7a27000 00:00 0 
b7e3e000-b7f68000 r-xp 00000000 03:03 1692959    /lib/tls/libc-2.3.2.so
b7f68000-b7f71000 rwxp 00129000 03:03 1692959    /lib/tls/libc-2.3.2.so
b7f71000-b7f73000 rwxp b7f71000 00:00 0 
b7f73000-b7f75000 r-xp 00000000 03:03 1692961    /lib/tls/libdl-2.3.2.so
b7f75000-b7f76000 rwxp 00002000 03:03 1692961    /lib/tls/libdl-2.3.2.so
b7f76000-b7f77000 rwxp b7f76000 00:00 0 
b7f77000-b7f83000 r-xp 00000000 03:03 1692955    /lib/tls/libpthread-0.60.so
b7f83000-b7f84000 rwxp 0000c000 03:03 1692955    /lib/tls/libpthread-0.60.so
b7f84000-b7f86000 rwxp b7f84000 00:00 0 
b7f86000-b7f87000 r-xp 00000000 03:03 1133222    /home/javi/cursojni/eclipse/ReferenciaGlobal/Debug/libReferenciaGlobal.so
b7f87000-b7f88000 rwxp 00000000 03:03 1133222    /home/javi/cursojni/eclipse/ReferenciaGlobal/Debug/libReferenciaGlobal.so
b7f88000-b7f8e000 r-xp 00000000 03:03 264082     /opt/jdk1.5.0_09/jre/lib/i386/native_threads/libhpi.so
b7f8e000-b7f8f000 rwxp 00006000 03:03 264082     /opt/jdk1.5.0_09/jre/lib/i386/native_threads/libhpi.so
b7f8f000-b7f90000 rwxp b7f8f000 00:00 0 
b7f90000-b7f91000 r-xp b7f90000 00:00 0 
b7f91000-b7f92000 rwxp b7f91000 00:00 0 
b7f92000-b7fa8000 r-xp 00000000 03:03 1692920    /lib/ld-2.3.2.so
b7fa8000-b7fa9000 rwxp 00015000 03:03 1692920    /lib/ld-2.3.2.so
bfaa8000-bfaab000 ---p bfaa8000 00:00 0 
bfaab000-bfca8000 rwxp bfaab000 00:00 0          [stack]
ffffe000-fffff000 ---p 00000000 00:00 0          [vdso]

VM Arguments:
jvm_args: -Xdebug -Xnoagent -Djava.compiler=none -Xrunjdwp:transport=dt_socket,address=localhost:53303 -Djava.library.path=/home/javi/cursojni/eclipse/ReferenciaGlobal/Debug
java_command: referenciaglobal.Main
Launcher Type: SUN_STANDARD

Environment Variables:
PATH=/usr/local/bin:/usr/bin:/bin:/usr/bin/X11:/usr/games
USERNAME=javi
LD_LIBRARY_PATH=/opt/jdk1.5.0_09/jre/lib/i386/client:/opt/jdk1.5.0_09/jre/lib/i386:/opt/jdk1.5.0_09/jre/../lib/i386
SHELL=/bin/bash
DISPLAY=:0.0

Signal Handlers:
SIGSEGV: [libjvm.so+0x325bd0], sa_mask[0]=0x7ffbfeff, sa_flags=0x10000004
SIGBUS: [libjvm.so+0x325bd0], sa_mask[0]=0x7ffbfeff, sa_flags=0x10000004
SIGFPE: [libjvm.so+0x28a010], sa_mask[0]=0x7ffbfeff, sa_flags=0x10000004
SIGPIPE: [libjvm.so+0x28a010], sa_mask[0]=0x7ffbfeff, sa_flags=0x10000004
SIGILL: [libjvm.so+0x28a010], sa_mask[0]=0x7ffbfeff, sa_flags=0x10000004
SIGUSR1: SIG_DFL, sa_mask[0]=0x00000000, sa_flags=0x00000000
SIGUSR2: [libjvm.so+0x28c460], sa_mask[0]=0x00000004, sa_flags=0x10000004
SIGHUP: [libjvm.so+0x28be90], sa_mask[0]=0x7ffbfeff, sa_flags=0x10000004
SIGINT: [libjvm.so+0x28be90], sa_mask[0]=0x7ffbfeff, sa_flags=0x10000004
SIGQUIT: [libjvm.so+0x28be90], sa_mask[0]=0x7ffbfeff, sa_flags=0x10000004
SIGTERM: [libjvm.so+0x28be90], sa_mask[0]=0x7ffbfeff, sa_flags=0x10000004


---------------  S Y S T E M  ---------------

OS:gnulinex2006 rc1

uname:Linux 2.6.16-2-586 #1 PREEMPT Fri May 5 13:19:05 CEST 2006 i686
libc:glibc 2.3.2 NPTL 0.60 
rlimit: STACK 8192k, CORE 0k, NPROC infinity, NOFILE 1024, AS infinity
load average:0.06 0.18 0.13

CPU:total 1 (cores per cpu 1, threads per core 1) family 6 model 13 stepping 8, cmov, cx8, fxsr, mmx, sse, sse2

Memory: 4k page, physical 1034932k(13164k free), swap 714852k(714852k free)

vm_info: Java HotSpot(TM) Client VM (1.5.0_09-b03) for linux-x86, built on Oct 12 2006 10:54:08 by java_re with gcc 3.2.1-7a (J2SE release)

