#
# An unexpected error has been detected by HotSpot Virtual Machine:
#
#  SIGSEGV (0xb) at pc=0xb77bf9c3, pid=10476, tid=3084656768
#
# Java VM: Java HotSpot(TM) Client VM (1.5.0_09-b03 mixed mode)
# Problematic frame:
# V  [libjvm.so+0x19e9c3]
#

---------------  T H R E A D  ---------------

Current thread (0x0805d0b8):  JavaThread "main" [_thread_in_vm, id=10476]

siginfo:si_signo=11, si_errno=0, si_code=1, si_addr=0x00000000

Registers:
EAX=0x00000000, EBX=0xb79a8aec, ECX=0x00000000, EDX=0x00000001
ESP=0xbfe282f4, EBP=0xbfe2832c, ESI=0x0805d0b8, EDI=0x081adec0
EIP=0xb77bf9c3, CR2=0x00000000, EFLAGS=0x00210246

Top of Stack: (sp=0xbfe282f4)
0xbfe282f4:   0805d0b8 080585e4 081adeb0 081adeb0
0xbfe28304:   0805d0b8 b7ef4f40 00000008 081adec0
0xbfe28314:   bfe2832c b7e108c2 b7eedec0 00000008
0xbfe28324:   00000008 081adec0 bfe2838c b7f0b988
0xbfe28334:   0805d178 00000000 00000000 080b9800
0xbfe28344:   00000000 0805e780 0805d0b8 00000000
0xbfe28354:   00000003 080b9808 080b9804 081adec0
0xbfe28364:   081adeb0 081adec0 00000003 00000003 

Instructions: (pc=0xb77bf9c3)
0xb77bf9b3:   83 c4 10 c7 86 e8 00 00 00 06 00 00 00 8b 45 0c
0xb77bf9c3:   8b 30 8b 46 08 85 c0 0f 85 f2 00 00 00 8b 83 d4 

Stack: [0xbfc2d000,0xbfe2d000),  sp=0xbfe282f4,  free space=2028k
Native frames: (J=compiled Java code, j=interpreted, Vv=VM code, C=native code)
V  [libjvm.so+0x19e9c3]
C  [libCalculadoraMatrices.so+0x988]  Java_calculadoramatrices_CalculadoraMatrices_sumaMatrices+0x1e4
j  calculadoramatrices.CalculadoraMatrices.sumaMatrices([[I[[I)[[I+0
j  calculadoramatrices.CalculadoraMatrices.main([Ljava/lang/String;)V+127
v  ~StubRoutines::call_stub
V  [libjvm.so+0x17a75c]
V  [libjvm.so+0x28afd8]
V  [libjvm.so+0x17a58f]
V  [libjvm.so+0x1a4e32]
V  [libjvm.so+0x196042]
C  [java+0x1873]
C  [libc.so.6+0x15974]  __libc_start_main+0xf4

Java frames: (J=compiled Java code, j=interpreted, Vv=VM code)
j  calculadoramatrices.CalculadoraMatrices.sumaMatrices([[I[[I)[[I+0
j  calculadoramatrices.CalculadoraMatrices.main([Ljava/lang/String;)V+127
v  ~StubRoutines::call_stub

---------------  P R O C E S S  ---------------

Java Threads: ( => current thread )
  0x080d3390 JavaThread "Low Memory Detector" daemon [_thread_blocked, id=10492]
  0x080d1cc8 JavaThread "CompilerThread0" daemon [_thread_blocked, id=10491]
  0x080d0b48 JavaThread "Signal Dispatcher" daemon [_thread_blocked, id=10490]
  0x080cf040 JavaThread "JDWP Command Reader" daemon [_thread_in_native, id=10488]
  0x080cdb50 JavaThread "JDWP Event Helper Thread" daemon [_thread_blocked, id=10487]
  0x080cbea8 JavaThread "JDWP Transport Listener: dt_socket" daemon [_thread_blocked, id=10486]
  0x080bc370 JavaThread "Finalizer" daemon [_thread_blocked, id=10483]
  0x080bb708 JavaThread "Reference Handler" daemon [_thread_blocked, id=10482]
=>0x0805d0b8 JavaThread "main" [_thread_in_vm, id=10476]

Other Threads:
  0x080b8a88 VMThread [id=10481]
  0x080d4810 WatcherThread [id=10493]

VM state:not at safepoint (normal execution)

VM Mutex/Monitor currently owned by a thread: None

Heap
 def new generation   total 576K, used 191K [0xaa540000, 0xaa5e0000, 0xaaa20000)
  eden space 512K,  37% used [0xaa540000, 0xaa56ff10, 0xaa5c0000)
  from space 64K,   0% used [0xaa5c0000, 0xaa5c0000, 0xaa5d0000)
  to   space 64K,   0% used [0xaa5d0000, 0xaa5d0000, 0xaa5e0000)
 tenured generation   total 1408K, used 0K [0xaaa20000, 0xaab80000, 0xae540000)
   the space 1408K,   0% used [0xaaa20000, 0xaaa20000, 0xaaa20200, 0xaab80000)
 compacting perm gen  total 8192K, used 1446K [0xae540000, 0xaed40000, 0xb2540000)
   the space 8192K,  17% used [0xae540000, 0xae6a9990, 0xae6a9a00, 0xaed40000)
No shared spaces configured.

Dynamic libraries:
08048000-08057000 r-xp 00000000 03:03 264062     /opt/jdk1.5.0_09/jre/bin/java
08057000-08059000 rwxp 0000e000 03:03 264062     /opt/jdk1.5.0_09/jre/bin/java
08059000-081c6000 rwxp 08059000 00:00 0          [heap]
a9de0000-a9e0b000 r-xs 00000000 03:03 295505     /opt/jdk1.5.0_09/jre/lib/ext/sunpkcs11.jar
a9e0b000-a9e0d000 r-xs 00000000 03:03 295506     /opt/jdk1.5.0_09/jre/lib/ext/dnsns.jar
a9e0d000-a9e34000 r-xs 00000000 03:03 295504     /opt/jdk1.5.0_09/jre/lib/ext/sunjce_provider.jar
a9e34000-a9ef8000 r-xs 00000000 03:03 296079     /opt/jdk1.5.0_09/jre/lib/ext/localedata.jar
a9ef8000-a9ef9000 ---p a9ef8000 00:00 0 
a9ef9000-a9f78000 rwxp a9ef9000 00:00 0 
a9f78000-a9f7b000 ---p a9f78000 00:00 0 
a9f7b000-a9ff8000 rwxp a9f7b000 00:00 0 
a9ff8000-a9ffb000 ---p a9ff8000 00:00 0 
a9ffb000-aa078000 rwxp a9ffb000 00:00 0 
aa078000-aa07b000 ---p aa078000 00:00 0 
aa07b000-aa0f8000 rwxp aa07b000 00:00 0 
aa0f8000-aa0fb000 ---p aa0f8000 00:00 0 
aa0fb000-aa178000 rwxp aa0fb000 00:00 0 
aa178000-aa17b000 ---p aa178000 00:00 0 
aa17b000-aa1f8000 rwxp aa17b000 00:00 0 
aa1f8000-aa1fb000 ---p aa1f8000 00:00 0 
aa1fb000-aa278000 rwxp aa1fb000 00:00 0 
aa278000-aa340000 r-xp 00000000 03:03 395062     /usr/lib/locale/locale-archive
aa340000-aa343000 ---p aa340000 00:00 0 
aa343000-aa3c0000 rwxp aa343000 00:00 0 
aa3c0000-aa3c3000 ---p aa3c0000 00:00 0 
aa3c3000-aa440000 rwxp aa3c3000 00:00 0 
aa440000-aa441000 ---p aa440000 00:00 0 
aa441000-aa4c5000 rwxp aa441000 00:00 0 
aa4c5000-aa4e1000 rwxp aa4c5000 00:00 0 
aa4e1000-aa4e2000 rwxp aa4e1000 00:00 0 
aa4e2000-aa4ff000 rwxp aa4e2000 00:00 0 
aa4ff000-aa500000 rwxp aa4ff000 00:00 0 
aa500000-aa501000 rwxp aa500000 00:00 0 
aa501000-aa503000 rwxp aa501000 00:00 0 
aa503000-aa51f000 rwxp aa503000 00:00 0 
aa51f000-aa523000 rwxp aa51f000 00:00 0 
aa523000-aa53f000 rwxp aa523000 00:00 0 
aa53f000-aa5e0000 rwxp aa53f000 00:00 0 
aa5e0000-aaa20000 rwxp aa5e0000 00:00 0 
aaa20000-aab80000 rwxp aaa20000 00:00 0 
aab80000-ae540000 rwxp aab80000 00:00 0 
ae540000-aed40000 rwxp ae540000 00:00 0 
aed40000-b2540000 rwxp aed40000 00:00 0 
b2541000-b2545000 r-xp 00000000 03:03 264117     /opt/jdk1.5.0_09/jre/lib/i386/libdt_socket.so
b2545000-b2546000 rwxp 00003000 03:03 264117     /opt/jdk1.5.0_09/jre/lib/i386/libdt_socket.so
b2546000-b2549000 rwxp b2546000 00:00 0 
b2549000-b25c6000 rwxp b2549000 00:00 0 
b25c6000-b2656000 rwxp b25c6000 00:00 0 
b2656000-b45c6000 rwxp b2656000 00:00 0 
b45c6000-b4e36000 r-xs 00000000 03:03 264159     /opt/jdk1.5.0_09/jre/lib/charsets.jar
b4e36000-b4e4b000 r-xs 00000000 03:03 264123     /opt/jdk1.5.0_09/jre/lib/jce.jar
b4e4b000-b4ed0000 r-xs 00000000 03:03 264156     /opt/jdk1.5.0_09/jre/lib/jsse.jar
b4ed0000-b4f39000 rwxp b4ed0000 00:00 0 
b4f39000-b754f000 r-xs 00000000 03:03 264058     /opt/jdk1.5.0_09/jre/lib/rt.jar
b754f000-b755e000 r-xp 00000000 03:03 264093     /opt/jdk1.5.0_09/jre/lib/i386/libzip.so
b755e000-b7560000 rwxp 0000e000 03:03 264093     /opt/jdk1.5.0_09/jre/lib/i386/libzip.so
b7560000-b7581000 r-xp 00000000 03:03 264091     /opt/jdk1.5.0_09/jre/lib/i386/libjava.so
b7581000-b7583000 rwxp 00020000 03:03 264091     /opt/jdk1.5.0_09/jre/lib/i386/libjava.so
b7583000-b758e000 r-xp 00000000 03:03 264090     /opt/jdk1.5.0_09/jre/lib/i386/libverify.so
b758e000-b758f000 rwxp 0000b000 03:03 264090     /opt/jdk1.5.0_09/jre/lib/i386/libverify.so
b758f000-b7598000 r-xp 00000000 03:03 1692967    /lib/tls/libnss_files-2.3.2.so
b7598000-b7599000 rwxp 00008000 03:03 1692967    /lib/tls/libnss_files-2.3.2.so
b7599000-b75a1000 r-xp 00000000 03:03 1692969    /lib/tls/libnss_nis-2.3.2.so
b75a1000-b75a2000 rwxp 00007000 03:03 1692969    /lib/tls/libnss_nis-2.3.2.so
b75a2000-b75a9000 r-xp 00000000 03:03 1692965    /lib/tls/libnss_compat-2.3.2.so
b75a9000-b75aa000 rwxp 00006000 03:03 1692965    /lib/tls/libnss_compat-2.3.2.so
b75aa000-b75dc000 r-xp 00000000 03:03 264116     /opt/jdk1.5.0_09/jre/lib/i386/libjdwp.so
b75dc000-b75dd000 rwxp 00032000 03:03 264116     /opt/jdk1.5.0_09/jre/lib/i386/libjdwp.so
b75dd000-b75e0000 rwxp b75dd000 00:00 0 
b75e0000-b75f1000 r-xp 00000000 03:03 1692964    /lib/tls/libnsl-2.3.2.so
b75f1000-b75f2000 rwxp 00011000 03:03 1692964    /lib/tls/libnsl-2.3.2.so
b75f2000-b75f4000 rwxp b75f2000 00:00 0 
b75f6000-b75f7000 rwxp b75f6000 00:00 0 
b75f7000-b75ff000 rwxs 00000000 03:03 1543241    /tmp/hsperfdata_javi/10476
b75ff000-b7620000 r-xp 00000000 03:03 1692962    /lib/tls/libm-2.3.2.so
b7620000-b7621000 rwxp 00020000 03:03 1692962    /lib/tls/libm-2.3.2.so
b7621000-b798d000 r-xp 00000000 03:03 295494     /opt/jdk1.5.0_09/jre/lib/i386/client/libjvm.so
b798d000-b79ac000 rwxp 0036b000 03:03 295494     /opt/jdk1.5.0_09/jre/lib/i386/client/libjvm.so
b79ac000-b7dc3000 rwxp b79ac000 00:00 0 
b7dc3000-b7eed000 r-xp 00000000 03:03 1692959    /lib/tls/libc-2.3.2.so
b7eed000-b7ef6000 rwxp 00129000 03:03 1692959    /lib/tls/libc-2.3.2.so
b7ef6000-b7ef8000 rwxp b7ef6000 00:00 0 
b7ef8000-b7efa000 r-xp 00000000 03:03 1692961    /lib/tls/libdl-2.3.2.so
b7efa000-b7efb000 rwxp 00002000 03:03 1692961    /lib/tls/libdl-2.3.2.so
b7efb000-b7efc000 rwxp b7efb000 00:00 0 
b7efc000-b7f08000 r-xp 00000000 03:03 1692955    /lib/tls/libpthread-0.60.so
b7f08000-b7f09000 rwxp 0000c000 03:03 1692955    /lib/tls/libpthread-0.60.so
b7f09000-b7f0b000 rwxp b7f09000 00:00 0 
b7f0b000-b7f0c000 r-xp 00000000 03:03 1100878    /home/javi/cursojni/eclipse/CalculadoraMatrices/Debug/libCalculadoraMatrices.so
b7f0c000-b7f0d000 rwxp 00000000 03:03 1100878    /home/javi/cursojni/eclipse/CalculadoraMatrices/Debug/libCalculadoraMatrices.so
b7f0d000-b7f13000 r-xp 00000000 03:03 264082     /opt/jdk1.5.0_09/jre/lib/i386/native_threads/libhpi.so
b7f13000-b7f14000 rwxp 00006000 03:03 264082     /opt/jdk1.5.0_09/jre/lib/i386/native_threads/libhpi.so
b7f14000-b7f15000 rwxp b7f14000 00:00 0 
b7f15000-b7f16000 r-xp b7f15000 00:00 0 
b7f16000-b7f17000 rwxp b7f16000 00:00 0 
b7f17000-b7f2d000 r-xp 00000000 03:03 1692920    /lib/ld-2.3.2.so
b7f2d000-b7f2e000 rwxp 00015000 03:03 1692920    /lib/ld-2.3.2.so
bfc2d000-bfc30000 ---p bfc2d000 00:00 0 
bfc30000-bfe2d000 rwxp bfc30000 00:00 0          [stack]
ffffe000-fffff000 ---p 00000000 00:00 0          [vdso]

VM Arguments:
jvm_args: -Xdebug -Xnoagent -Djava.compiler=none -Xrunjdwp:transport=dt_socket,address=localhost:47933 -Djava.library.path=/home/javi/cursojni/eclipse/CalculadoraMatrices/Debug
java_command: calculadoramatrices.CalculadoraMatrices
Launcher Type: SUN_STANDARD

Environment Variables:
PATH=/usr/local/bin:/usr/bin:/bin:/usr/bin/X11:/usr/games
USERNAME=javi
LD_LIBRARY_PATH=/opt/jdk1.5.0_09/jre/lib/i386/client:/opt/jdk1.5.0_09/jre/lib/i386:/opt/jdk1.5.0_09/jre/../lib/i386
SHELL=/bin/bash
DISPLAY=:0.0

Signal Handlers:
SIGSEGV: [libjvm.so+0x325bd0], sa_mask[0]=0x7ffbfeff, sa_flags=0x10000004
SIGBUS: [libjvm.so+0x325bd0], sa_mask[0]=0x7ffbfeff, sa_flags=0x10000004
SIGFPE: [libjvm.so+0x28a010], sa_mask[0]=0x7ffbfeff, sa_flags=0x10000004
SIGPIPE: [libjvm.so+0x28a010], sa_mask[0]=0x7ffbfeff, sa_flags=0x10000004
SIGILL: [libjvm.so+0x28a010], sa_mask[0]=0x7ffbfeff, sa_flags=0x10000004
SIGUSR1: SIG_DFL, sa_mask[0]=0x00000000, sa_flags=0x00000000
SIGUSR2: [libjvm.so+0x28c460], sa_mask[0]=0x00000004, sa_flags=0x10000004
SIGHUP: [libjvm.so+0x28be90], sa_mask[0]=0x7ffbfeff, sa_flags=0x10000004
SIGINT: [libjvm.so+0x28be90], sa_mask[0]=0x7ffbfeff, sa_flags=0x10000004
SIGQUIT: [libjvm.so+0x28be90], sa_mask[0]=0x7ffbfeff, sa_flags=0x10000004
SIGTERM: [libjvm.so+0x28be90], sa_mask[0]=0x7ffbfeff, sa_flags=0x10000004


---------------  S Y S T E M  ---------------

OS:gnulinex2006 rc1

uname:Linux 2.6.16-2-586 #1 PREEMPT Fri May 5 13:19:05 CEST 2006 i686
libc:glibc 2.3.2 NPTL 0.60 
rlimit: STACK 8192k, CORE 0k, NPROC infinity, NOFILE 1024, AS infinity
load average:0.31 0.30 0.20

CPU:total 1 (cores per cpu 1, threads per core 1) family 6 model 13 stepping 8, cmov, cx8, fxsr, mmx, sse, sse2

Memory: 4k page, physical 1034932k(12928k free), swap 714852k(714788k free)

vm_info: Java HotSpot(TM) Client VM (1.5.0_09-b03) for linux-x86, built on Oct 12 2006 10:54:08 by java_re with gcc 3.2.1-7a (J2SE release)

