#
# An unexpected error has been detected by HotSpot Virtual Machine:
#
#  SIGSEGV (0xb) at pc=0xb7795f86, pid=11092, tid=3084599424
#
# Java VM: Java HotSpot(TM) Client VM (1.5.0_09-b03 mixed mode)
# Problematic frame:
# V  [libjvm.so+0x182f86]
#

---------------  T H R E A D  ---------------

Current thread (0x0805d078):  JavaThread "main" [_thread_in_vm, id=11092]

siginfo:si_signo=11, si_errno=0, si_code=1, si_addr=0x00000056

Registers:
EAX=0x00000001, EBX=0xb799aaec, ECX=0xaa560a00, EDX=0x00000009
ESP=0xbfa19794, EBP=0xbfa197dc, ESI=0xaa560a00, EDI=0x0805d078
EIP=0xb7795f86, CR2=0x00000056, EFLAGS=0x00010282

Top of Stack: (sp=0xbfa19794)
0xbfa19794:   bfa197f4 b778519a 0805e758 bfa197b4
0xbfa197a4:   0805d078 00000000 bfa19838 b25c9248
0xbfa197b4:   0805d078 0805e758 0805d078 0805e77c
0xbfa197c4:   0805e780 0805e790 0805d078 ae699278
0xbfa197d4:   ae699278 0805d078 bfa197fc b7efd7b1
0xbfa197e4:   0805d138 bfa19838 ae699278 0805d078
0xbfa197f4:   bfa19828 b25c215d bfa19828 b25c22dd
0xbfa19804:   0805d138 bfa19838 bfa1980c ae699278 

Instructions: (pc=0xb7795f86)
0xb7795f76:   a9 83 ec 0c 56 e8 e0 88 ff ff 83 c4 10 8d 50 08
0xb7795f86:   f6 40 55 02 0f 85 2c ff ff ff 83 ec 0c 8b 40 08 

Stack: [0xbf81f000,0xbfa1f000),  sp=0xbfa19794,  free space=2025k
Native frames: (J=compiled Java code, j=interpreted, Vv=VM code, C=native code)
V  [libjvm.so+0x182f86]
C  [libMetodosSuperClase.so+0x7b1]  Java_metodossuperclase_ClaseBase_metodoNativo+0x1d
j  metodossuperclase.ClaseBase.metodoNativo()V+0
j  metodossuperclase.Main.main([Ljava/lang/String;)V+9
v  ~StubRoutines::call_stub
V  [libjvm.so+0x17a75c]
V  [libjvm.so+0x28afd8]
V  [libjvm.so+0x17a58f]
V  [libjvm.so+0x1a4e32]
V  [libjvm.so+0x196042]
C  [java+0x1873]
C  [libc.so.6+0x15974]  __libc_start_main+0xf4

Java frames: (J=compiled Java code, j=interpreted, Vv=VM code)
j  metodossuperclase.ClaseBase.metodoNativo()V+0
j  metodossuperclase.Main.main([Ljava/lang/String;)V+9
v  ~StubRoutines::call_stub

---------------  P R O C E S S  ---------------

Java Threads: ( => current thread )
  0x080d3348 JavaThread "Low Memory Detector" daemon [_thread_blocked, id=11107]
  0x080d1960 JavaThread "CompilerThread0" daemon [_thread_blocked, id=11106]
  0x080d0448 JavaThread "Signal Dispatcher" daemon [_thread_blocked, id=11105]
  0x080cefc0 JavaThread "JDWP Command Reader" daemon [_thread_in_native, id=11103]
  0x080cdb28 JavaThread "JDWP Event Helper Thread" daemon [_thread_blocked, id=11102]
  0x080cbff8 JavaThread "JDWP Transport Listener: dt_socket" daemon [_thread_blocked, id=11101]
  0x080bc348 JavaThread "Finalizer" daemon [_thread_blocked, id=11098]
  0x080bb718 JavaThread "Reference Handler" daemon [_thread_blocked, id=11097]
=>0x0805d078 JavaThread "main" [_thread_in_vm, id=11092]

Other Threads:
  0x080b8a60 VMThread [id=11096]
  0x080d47e8 WatcherThread [id=11108]

VM state:not at safepoint (normal execution)

VM Mutex/Monitor currently owned by a thread: None

Heap
 def new generation   total 576K, used 202K [0xaa530000, 0xaa5d0000, 0xaaa10000)
  eden space 512K,  39% used [0xaa530000, 0xaa562940, 0xaa5b0000)
  from space 64K,   0% used [0xaa5b0000, 0xaa5b0000, 0xaa5c0000)
  to   space 64K,   0% used [0xaa5c0000, 0xaa5c0000, 0xaa5d0000)
 tenured generation   total 1408K, used 0K [0xaaa10000, 0xaab70000, 0xae530000)
   the space 1408K,   0% used [0xaaa10000, 0xaaa10000, 0xaaa10200, 0xaab70000)
 compacting perm gen  total 8192K, used 1445K [0xae530000, 0xaed30000, 0xb2530000)
   the space 8192K,  17% used [0xae530000, 0xae6997c0, 0xae699800, 0xaed30000)
No shared spaces configured.

Dynamic libraries:
08048000-08057000 r-xp 00000000 03:03 264062     /opt/jdk1.5.0_09/jre/bin/java
08057000-08059000 rwxp 0000e000 03:03 264062     /opt/jdk1.5.0_09/jre/bin/java
08059000-081c3000 rwxp 08059000 00:00 0          [heap]
a9dd0000-a9dfb000 r-xs 00000000 03:03 295505     /opt/jdk1.5.0_09/jre/lib/ext/sunpkcs11.jar
a9dfb000-a9dfd000 r-xs 00000000 03:03 295506     /opt/jdk1.5.0_09/jre/lib/ext/dnsns.jar
a9dfd000-a9e24000 r-xs 00000000 03:03 295504     /opt/jdk1.5.0_09/jre/lib/ext/sunjce_provider.jar
a9e24000-a9ee8000 r-xs 00000000 03:03 296079     /opt/jdk1.5.0_09/jre/lib/ext/localedata.jar
a9ee8000-a9ee9000 ---p a9ee8000 00:00 0 
a9ee9000-a9f68000 rwxp a9ee9000 00:00 0 
a9f68000-a9f6b000 ---p a9f68000 00:00 0 
a9f6b000-a9fe8000 rwxp a9f6b000 00:00 0 
a9fe8000-a9feb000 ---p a9fe8000 00:00 0 
a9feb000-aa068000 rwxp a9feb000 00:00 0 
aa068000-aa06b000 ---p aa068000 00:00 0 
aa06b000-aa0e8000 rwxp aa06b000 00:00 0 
aa0e8000-aa0eb000 ---p aa0e8000 00:00 0 
aa0eb000-aa168000 rwxp aa0eb000 00:00 0 
aa168000-aa16b000 ---p aa168000 00:00 0 
aa16b000-aa1e8000 rwxp aa16b000 00:00 0 
aa1e8000-aa1eb000 ---p aa1e8000 00:00 0 
aa1eb000-aa268000 rwxp aa1eb000 00:00 0 
aa268000-aa330000 r-xp 00000000 03:03 395062     /usr/lib/locale/locale-archive
aa330000-aa333000 ---p aa330000 00:00 0 
aa333000-aa3b0000 rwxp aa333000 00:00 0 
aa3b0000-aa3b3000 ---p aa3b0000 00:00 0 
aa3b3000-aa430000 rwxp aa3b3000 00:00 0 
aa430000-aa431000 ---p aa430000 00:00 0 
aa431000-aa4b5000 rwxp aa431000 00:00 0 
aa4b5000-aa4d1000 rwxp aa4b5000 00:00 0 
aa4d1000-aa4d2000 rwxp aa4d1000 00:00 0 
aa4d2000-aa4ef000 rwxp aa4d2000 00:00 0 
aa4ef000-aa4f0000 rwxp aa4ef000 00:00 0 
aa4f0000-aa4f1000 rwxp aa4f0000 00:00 0 
aa4f1000-aa4f3000 rwxp aa4f1000 00:00 0 
aa4f3000-aa50f000 rwxp aa4f3000 00:00 0 
aa50f000-aa513000 rwxp aa50f000 00:00 0 
aa513000-aa52f000 rwxp aa513000 00:00 0 
aa52f000-aa5d0000 rwxp aa52f000 00:00 0 
aa5d0000-aaa10000 rwxp aa5d0000 00:00 0 
aaa10000-aab70000 rwxp aaa10000 00:00 0 
aab70000-ae530000 rwxp aab70000 00:00 0 
ae530000-aed30000 rwxp ae530000 00:00 0 
aed30000-b2530000 rwxp aed30000 00:00 0 
b2533000-b2537000 r-xp 00000000 03:03 264117     /opt/jdk1.5.0_09/jre/lib/i386/libdt_socket.so
b2537000-b2538000 rwxp 00003000 03:03 264117     /opt/jdk1.5.0_09/jre/lib/i386/libdt_socket.so
b2538000-b253b000 rwxp b2538000 00:00 0 
b253b000-b25b8000 rwxp b253b000 00:00 0 
b25b8000-b2648000 rwxp b25b8000 00:00 0 
b2648000-b45b8000 rwxp b2648000 00:00 0 
b45b8000-b4e28000 r-xs 00000000 03:03 264159     /opt/jdk1.5.0_09/jre/lib/charsets.jar
b4e28000-b4e3d000 r-xs 00000000 03:03 264123     /opt/jdk1.5.0_09/jre/lib/jce.jar
b4e3d000-b4ec2000 r-xs 00000000 03:03 264156     /opt/jdk1.5.0_09/jre/lib/jsse.jar
b4ec2000-b4f2b000 rwxp b4ec2000 00:00 0 
b4f2b000-b7541000 r-xs 00000000 03:03 264058     /opt/jdk1.5.0_09/jre/lib/rt.jar
b7541000-b7550000 r-xp 00000000 03:03 264093     /opt/jdk1.5.0_09/jre/lib/i386/libzip.so
b7550000-b7552000 rwxp 0000e000 03:03 264093     /opt/jdk1.5.0_09/jre/lib/i386/libzip.so
b7552000-b7573000 r-xp 00000000 03:03 264091     /opt/jdk1.5.0_09/jre/lib/i386/libjava.so
b7573000-b7575000 rwxp 00020000 03:03 264091     /opt/jdk1.5.0_09/jre/lib/i386/libjava.so
b7575000-b7580000 r-xp 00000000 03:03 264090     /opt/jdk1.5.0_09/jre/lib/i386/libverify.so
b7580000-b7581000 rwxp 0000b000 03:03 264090     /opt/jdk1.5.0_09/jre/lib/i386/libverify.so
b7581000-b758a000 r-xp 00000000 03:03 1692967    /lib/tls/libnss_files-2.3.2.so
b758a000-b758b000 rwxp 00008000 03:03 1692967    /lib/tls/libnss_files-2.3.2.so
b758b000-b7593000 r-xp 00000000 03:03 1692969    /lib/tls/libnss_nis-2.3.2.so
b7593000-b7594000 rwxp 00007000 03:03 1692969    /lib/tls/libnss_nis-2.3.2.so
b7594000-b759b000 r-xp 00000000 03:03 1692965    /lib/tls/libnss_compat-2.3.2.so
b759b000-b759c000 rwxp 00006000 03:03 1692965    /lib/tls/libnss_compat-2.3.2.so
b759c000-b75ce000 r-xp 00000000 03:03 264116     /opt/jdk1.5.0_09/jre/lib/i386/libjdwp.so
b75ce000-b75cf000 rwxp 00032000 03:03 264116     /opt/jdk1.5.0_09/jre/lib/i386/libjdwp.so
b75cf000-b75d2000 rwxp b75cf000 00:00 0 
b75d2000-b75e3000 r-xp 00000000 03:03 1692964    /lib/tls/libnsl-2.3.2.so
b75e3000-b75e4000 rwxp 00011000 03:03 1692964    /lib/tls/libnsl-2.3.2.so
b75e4000-b75e6000 rwxp b75e4000 00:00 0 
b75e9000-b75f1000 rwxs 00000000 03:03 1543258    /tmp/hsperfdata_javi/11092
b75f1000-b7612000 r-xp 00000000 03:03 1692962    /lib/tls/libm-2.3.2.so
b7612000-b7613000 rwxp 00020000 03:03 1692962    /lib/tls/libm-2.3.2.so
b7613000-b797f000 r-xp 00000000 03:03 295494     /opt/jdk1.5.0_09/jre/lib/i386/client/libjvm.so
b797f000-b799e000 rwxp 0036b000 03:03 295494     /opt/jdk1.5.0_09/jre/lib/i386/client/libjvm.so
b799e000-b7db5000 rwxp b799e000 00:00 0 
b7db5000-b7edf000 r-xp 00000000 03:03 1692959    /lib/tls/libc-2.3.2.so
b7edf000-b7ee8000 rwxp 00129000 03:03 1692959    /lib/tls/libc-2.3.2.so
b7ee8000-b7eea000 rwxp b7ee8000 00:00 0 
b7eea000-b7eec000 r-xp 00000000 03:03 1692961    /lib/tls/libdl-2.3.2.so
b7eec000-b7eed000 rwxp 00002000 03:03 1692961    /lib/tls/libdl-2.3.2.so
b7eed000-b7eee000 rwxp b7eed000 00:00 0 
b7eee000-b7efa000 r-xp 00000000 03:03 1692955    /lib/tls/libpthread-0.60.so
b7efa000-b7efb000 rwxp 0000c000 03:03 1692955    /lib/tls/libpthread-0.60.so
b7efb000-b7efd000 rwxp b7efb000 00:00 0 
b7efd000-b7efe000 r-xp 00000000 03:03 1133037    /home/javi/cursojni/eclipse/MetodosSuperClase/Debug/libMetodosSuperClase.so
b7efe000-b7eff000 rwxp 00000000 03:03 1133037    /home/javi/cursojni/eclipse/MetodosSuperClase/Debug/libMetodosSuperClase.so
b7eff000-b7f05000 r-xp 00000000 03:03 264082     /opt/jdk1.5.0_09/jre/lib/i386/native_threads/libhpi.so
b7f05000-b7f06000 rwxp 00006000 03:03 264082     /opt/jdk1.5.0_09/jre/lib/i386/native_threads/libhpi.so
b7f06000-b7f07000 rwxp b7f06000 00:00 0 
b7f07000-b7f08000 r-xp b7f07000 00:00 0 
b7f08000-b7f09000 rwxp b7f08000 00:00 0 
b7f09000-b7f1f000 r-xp 00000000 03:03 1692920    /lib/ld-2.3.2.so
b7f1f000-b7f20000 rwxp 00015000 03:03 1692920    /lib/ld-2.3.2.so
bf81f000-bf822000 ---p bf81f000 00:00 0 
bf822000-bfa1f000 rwxp bf822000 00:00 0          [stack]
ffffe000-fffff000 ---p 00000000 00:00 0          [vdso]

VM Arguments:
jvm_args: -Xdebug -Xnoagent -Djava.compiler=none -Xrunjdwp:transport=dt_socket,address=localhost:46490 -Djava.library.path=/home/javi/cursojni/eclipse/MetodosSuperClase/Debug
java_command: metodossuperclase.Main
Launcher Type: SUN_STANDARD

Environment Variables:
PATH=/usr/local/bin:/usr/bin:/bin:/usr/bin/X11:/usr/games
USERNAME=javi
LD_LIBRARY_PATH=/opt/jdk1.5.0_09/jre/lib/i386/client:/opt/jdk1.5.0_09/jre/lib/i386:/opt/jdk1.5.0_09/jre/../lib/i386
SHELL=/bin/bash
DISPLAY=:0.0

Signal Handlers:
SIGSEGV: [libjvm.so+0x325bd0], sa_mask[0]=0x7ffbfeff, sa_flags=0x10000004
SIGBUS: [libjvm.so+0x325bd0], sa_mask[0]=0x7ffbfeff, sa_flags=0x10000004
SIGFPE: [libjvm.so+0x28a010], sa_mask[0]=0x7ffbfeff, sa_flags=0x10000004
SIGPIPE: [libjvm.so+0x28a010], sa_mask[0]=0x7ffbfeff, sa_flags=0x10000004
SIGILL: [libjvm.so+0x28a010], sa_mask[0]=0x7ffbfeff, sa_flags=0x10000004
SIGUSR1: SIG_DFL, sa_mask[0]=0x00000000, sa_flags=0x00000000
SIGUSR2: [libjvm.so+0x28c460], sa_mask[0]=0x00000004, sa_flags=0x10000004
SIGHUP: [libjvm.so+0x28be90], sa_mask[0]=0x7ffbfeff, sa_flags=0x10000004
SIGINT: [libjvm.so+0x28be90], sa_mask[0]=0x7ffbfeff, sa_flags=0x10000004
SIGQUIT: [libjvm.so+0x28be90], sa_mask[0]=0x7ffbfeff, sa_flags=0x10000004
SIGTERM: [libjvm.so+0x28be90], sa_mask[0]=0x7ffbfeff, sa_flags=0x10000004


---------------  S Y S T E M  ---------------

OS:gnulinex2006 rc1

uname:Linux 2.6.16-2-586 #1 PREEMPT Fri May 5 13:19:05 CEST 2006 i686
libc:glibc 2.3.2 NPTL 0.60 
rlimit: STACK 8192k, CORE 0k, NPROC infinity, NOFILE 1024, AS infinity
load average:0.44 0.31 0.21

CPU:total 1 (cores per cpu 1, threads per core 1) family 6 model 13 stepping 8, cmov, cx8, fxsr, mmx, sse, sse2

Memory: 4k page, physical 1034932k(14900k free), swap 714852k(714788k free)

vm_info: Java HotSpot(TM) Client VM (1.5.0_09-b03) for linux-x86, built on Oct 12 2006 10:54:08 by java_re with gcc 3.2.1-7a (J2SE release)

