#
# An unexpected error has been detected by HotSpot Virtual Machine:
#
#  SIGSEGV (0xb) at pc=0xb7e139b0, pid=5999, tid=3084517504
#
# Java VM: Java HotSpot(TM) Client VM (1.5.0_09-b03 mixed mode)
# Problematic frame:
# C  [libc.so.6+0x729b0]
#

---------------  T H R E A D  ---------------

Current thread (0x0805d088):  JavaThread "DestroyJavaVM" [_thread_in_native, id=5999]

siginfo:si_signo=11, si_errno=0, si_code=1, si_addr=0x0000000c

Registers:
EAX=0x00000001, EBX=0xb7ed2f40, ECX=0xb7ed3940, EDX=0x081ae118
ESP=0xbfb050d8, EBP=0xbfb05110, ESI=0x00000000, EDI=0xb7ed3900
EIP=0xb7e139b0, CR2=0x0000000c, EFLAGS=0x00010202

Top of Stack: (sp=0xbfb050d8)
0xbfb050d8:   bfb0510c b25a6a64 b7ed3940 080e7b70
0xbfb050e8:   b7ed3948 00000038 b7ed3900 081ae118
0xbfb050f8:   00000005 00000028 b7ed3900 b7ed2f40
0xbfb05108:   b7ed3900 00000001 bfb0512c b7e12c43
0xbfb05118:   b7ed3900 0000001e b753d88c b732f4d7
0xbfb05128:   080e7b78 bfb0518c b7538c06 0000001e
0xbfb05138:   00000030 bfb0515c b78740a3 080603b8
0xbfb05148:   bfb05154 00000010 0000000b b7986aec 

Instructions: (pc=0xb7e139b0)
0xb7e139a0:   8b 4d d0 09 84 97 48 04 00 00 8b 55 e4 89 4a 0c
0xb7e139b0:   89 56 0c 89 72 08 89 51 08 8b 57 54 8b 7d d8 89 

Stack: [0xbf90b000,0xbfb0b000),  sp=0xbfb050d8,  free space=2024k
Native frames: (J=compiled Java code, j=interpreted, Vv=VM code, C=native code)
C  [libc.so.6+0x729b0]
C  [libc.so.6+0x71c43]  malloc+0x93
C  [libzip.so+0xbc06]
C  [libzip.so+0xc0bc]  ZIP_GetEntry+0x10c
C  [libzip.so+0xc5f1]  ZIP_FindEntry+0x31
V  [libjvm.so+0xf50c4]
V  [libjvm.so+0xf61c4]
V  [libjvm.so+0x2d9d0f]
V  [libjvm.so+0x2d8ba7]
V  [libjvm.so+0x2d7bc4]
V  [libjvm.so+0x2d796a]
V  [libjvm.so+0x1210cf]
V  [libjvm.so+0x16c1f2]
j  java.lang.Shutdown.<clinit>()V+12
v  ~StubRoutines::call_stub
V  [libjvm.so+0x17a75c]
V  [libjvm.so+0x28afd8]
V  [libjvm.so+0x17a58f]
V  [libjvm.so+0x158311]
V  [libjvm.so+0x156e10]
V  [libjvm.so+0x155eb7]
V  [libjvm.so+0x25c651]
V  [libjvm.so+0x17a3cf]
V  [libjvm.so+0x17a461]
V  [libjvm.so+0x2f897e]
V  [libjvm.so+0x2f8a6f]
V  [libjvm.so+0x1a496e]
C  [java+0x160d]
C  [libc.so.6+0x15974]  __libc_start_main+0xf4

Java frames: (J=compiled Java code, j=interpreted, Vv=VM code)
j  java.lang.Shutdown.<clinit>()V+12
v  ~StubRoutines::call_stub

---------------  P R O C E S S  ---------------

Java Threads: ( => current thread )
=>0x0805d088 JavaThread "DestroyJavaVM" [_thread_in_native, id=5999]
  0x080d3360 JavaThread "Low Memory Detector" daemon [_thread_blocked, id=6014]
  0x080d1c98 JavaThread "CompilerThread0" daemon [_thread_blocked, id=6013]
  0x080d0b18 JavaThread "Signal Dispatcher" daemon [_thread_blocked, id=6012]
  0x080cf010 JavaThread "JDWP Command Reader" daemon [_thread_in_native, id=6010]
  0x080cdb20 JavaThread "JDWP Event Helper Thread" daemon [_thread_blocked, id=6009]
  0x080cbff0 JavaThread "JDWP Transport Listener: dt_socket" daemon [_thread_blocked, id=6008]
  0x080bc340 JavaThread "Finalizer" daemon [_thread_blocked, id=6005]
  0x080bb710 JavaThread "Reference Handler" daemon [_thread_blocked, id=6004]

Other Threads:
  0x080b8a58 VMThread [id=6003]
  0x080d47e0 WatcherThread [id=6015]

VM state:not at safepoint (normal execution)

VM Mutex/Monitor currently owned by a thread: None

Heap
 def new generation   total 576K, used 264K [0xaa520000, 0xaa5c0000, 0xaaa00000)
  eden space 512K,  51% used [0xaa520000, 0xaa5620c8, 0xaa5a0000)
  from space 64K,   0% used [0xaa5a0000, 0xaa5a0000, 0xaa5b0000)
  to   space 64K,   0% used [0xaa5b0000, 0xaa5b0000, 0xaa5c0000)
 tenured generation   total 1408K, used 0K [0xaaa00000, 0xaab60000, 0xae520000)
   the space 1408K,   0% used [0xaaa00000, 0xaaa00000, 0xaaa00200, 0xaab60000)
 compacting perm gen  total 8192K, used 1450K [0xae520000, 0xaed20000, 0xb2520000)
   the space 8192K,  17% used [0xae520000, 0xae68a850, 0xae68aa00, 0xaed20000)
No shared spaces configured.

Dynamic libraries:
08048000-08057000 r-xp 00000000 03:03 264062     /opt/jdk1.5.0_09/jre/bin/java
08057000-08059000 rwxp 0000e000 03:03 264062     /opt/jdk1.5.0_09/jre/bin/java
08059000-081c6000 rwxp 08059000 00:00 0          [heap]
a9dbb000-a9de6000 r-xs 00000000 03:03 295505     /opt/jdk1.5.0_09/jre/lib/ext/sunpkcs11.jar
a9de6000-a9de8000 r-xs 00000000 03:03 295506     /opt/jdk1.5.0_09/jre/lib/ext/dnsns.jar
a9de8000-a9e0f000 r-xs 00000000 03:03 295504     /opt/jdk1.5.0_09/jre/lib/ext/sunjce_provider.jar
a9e0f000-a9ed3000 r-xs 00000000 03:03 296079     /opt/jdk1.5.0_09/jre/lib/ext/localedata.jar
a9ed3000-a9ed4000 ---p a9ed3000 00:00 0 
a9ed4000-a9f53000 rwxp a9ed4000 00:00 0 
a9f53000-a9f56000 ---p a9f53000 00:00 0 
a9f56000-a9fd3000 rwxp a9f56000 00:00 0 
a9fd3000-a9fd6000 ---p a9fd3000 00:00 0 
a9fd6000-aa053000 rwxp a9fd6000 00:00 0 
aa053000-aa056000 ---p aa053000 00:00 0 
aa056000-aa0d3000 rwxp aa056000 00:00 0 
aa0d3000-aa0d6000 ---p aa0d3000 00:00 0 
aa0d6000-aa153000 rwxp aa0d6000 00:00 0 
aa153000-aa156000 ---p aa153000 00:00 0 
aa156000-aa1d3000 rwxp aa156000 00:00 0 
aa1d3000-aa1d6000 ---p aa1d3000 00:00 0 
aa1d6000-aa253000 rwxp aa1d6000 00:00 0 
aa253000-aa257000 r-xp 00000000 03:03 264117     /opt/jdk1.5.0_09/jre/lib/i386/libdt_socket.so
aa257000-aa258000 rwxp 00003000 03:03 264117     /opt/jdk1.5.0_09/jre/lib/i386/libdt_socket.so
aa258000-aa320000 r-xp 00000000 03:03 395062     /usr/lib/locale/locale-archive
aa320000-aa323000 ---p aa320000 00:00 0 
aa323000-aa3a0000 rwxp aa323000 00:00 0 
aa3a0000-aa3a3000 ---p aa3a0000 00:00 0 
aa3a3000-aa420000 rwxp aa3a3000 00:00 0 
aa420000-aa421000 ---p aa420000 00:00 0 
aa421000-aa4a5000 rwxp aa421000 00:00 0 
aa4a5000-aa4c1000 rwxp aa4a5000 00:00 0 
aa4c1000-aa4c2000 rwxp aa4c1000 00:00 0 
aa4c2000-aa4df000 rwxp aa4c2000 00:00 0 
aa4df000-aa4e0000 rwxp aa4df000 00:00 0 
aa4e0000-aa4e1000 rwxp aa4e0000 00:00 0 
aa4e1000-aa4e3000 rwxp aa4e1000 00:00 0 
aa4e3000-aa4ff000 rwxp aa4e3000 00:00 0 
aa4ff000-aa503000 rwxp aa4ff000 00:00 0 
aa503000-aa51f000 rwxp aa503000 00:00 0 
aa51f000-aa5c0000 rwxp aa51f000 00:00 0 
aa5c0000-aaa00000 rwxp aa5c0000 00:00 0 
aaa00000-aab60000 rwxp aaa00000 00:00 0 
aab60000-ae520000 rwxp aab60000 00:00 0 
ae520000-aed20000 rwxp ae520000 00:00 0 
aed20000-b2520000 rwxp aed20000 00:00 0 
b2524000-b2527000 rwxp b2524000 00:00 0 
b2527000-b25a4000 rwxp b2527000 00:00 0 
b25a4000-b2634000 rwxp b25a4000 00:00 0 
b2634000-b45a4000 rwxp b2634000 00:00 0 
b45a4000-b4e14000 r-xs 00000000 03:03 264159     /opt/jdk1.5.0_09/jre/lib/charsets.jar
b4e14000-b4e29000 r-xs 00000000 03:03 264123     /opt/jdk1.5.0_09/jre/lib/jce.jar
b4e29000-b4eae000 r-xs 00000000 03:03 264156     /opt/jdk1.5.0_09/jre/lib/jsse.jar
b4eae000-b4f17000 rwxp b4eae000 00:00 0 
b4f17000-b752d000 r-xs 00000000 03:03 264058     /opt/jdk1.5.0_09/jre/lib/rt.jar
b752d000-b753c000 r-xp 00000000 03:03 264093     /opt/jdk1.5.0_09/jre/lib/i386/libzip.so
b753c000-b753e000 rwxp 0000e000 03:03 264093     /opt/jdk1.5.0_09/jre/lib/i386/libzip.so
b753e000-b755f000 r-xp 00000000 03:03 264091     /opt/jdk1.5.0_09/jre/lib/i386/libjava.so
b755f000-b7561000 rwxp 00020000 03:03 264091     /opt/jdk1.5.0_09/jre/lib/i386/libjava.so
b7561000-b756c000 r-xp 00000000 03:03 264090     /opt/jdk1.5.0_09/jre/lib/i386/libverify.so
b756c000-b756d000 rwxp 0000b000 03:03 264090     /opt/jdk1.5.0_09/jre/lib/i386/libverify.so
b756d000-b7576000 r-xp 00000000 03:03 1692967    /lib/tls/libnss_files-2.3.2.so
b7576000-b7577000 rwxp 00008000 03:03 1692967    /lib/tls/libnss_files-2.3.2.so
b7577000-b757f000 r-xp 00000000 03:03 1692969    /lib/tls/libnss_nis-2.3.2.so
b757f000-b7580000 rwxp 00007000 03:03 1692969    /lib/tls/libnss_nis-2.3.2.so
b7580000-b7587000 r-xp 00000000 03:03 1692965    /lib/tls/libnss_compat-2.3.2.so
b7587000-b7588000 rwxp 00006000 03:03 1692965    /lib/tls/libnss_compat-2.3.2.so
b7588000-b75ba000 r-xp 00000000 03:03 264116     /opt/jdk1.5.0_09/jre/lib/i386/libjdwp.so
b75ba000-b75bb000 rwxp 00032000 03:03 264116     /opt/jdk1.5.0_09/jre/lib/i386/libjdwp.so
b75bb000-b75be000 rwxp b75bb000 00:00 0 
b75be000-b75cf000 r-xp 00000000 03:03 1692964    /lib/tls/libnsl-2.3.2.so
b75cf000-b75d0000 rwxp 00011000 03:03 1692964    /lib/tls/libnsl-2.3.2.so
b75d0000-b75d2000 rwxp b75d0000 00:00 0 
b75d5000-b75dd000 rwxs 00000000 03:03 1543189    /tmp/hsperfdata_javi/5999
b75dd000-b75fe000 r-xp 00000000 03:03 1692962    /lib/tls/libm-2.3.2.so
b75fe000-b75ff000 rwxp 00020000 03:03 1692962    /lib/tls/libm-2.3.2.so
b75ff000-b796b000 r-xp 00000000 03:03 295494     /opt/jdk1.5.0_09/jre/lib/i386/client/libjvm.so
b796b000-b798a000 rwxp 0036b000 03:03 295494     /opt/jdk1.5.0_09/jre/lib/i386/client/libjvm.so
b798a000-b7da1000 rwxp b798a000 00:00 0 
b7da1000-b7ecb000 r-xp 00000000 03:03 1692959    /lib/tls/libc-2.3.2.so
b7ecb000-b7ed4000 rwxp 00129000 03:03 1692959    /lib/tls/libc-2.3.2.so
b7ed4000-b7ed6000 rwxp b7ed4000 00:00 0 
b7ed6000-b7ed8000 r-xp 00000000 03:03 1692961    /lib/tls/libdl-2.3.2.so
b7ed8000-b7ed9000 rwxp 00002000 03:03 1692961    /lib/tls/libdl-2.3.2.so
b7ed9000-b7eda000 rwxp b7ed9000 00:00 0 
b7eda000-b7ee6000 r-xp 00000000 03:03 1692955    /lib/tls/libpthread-0.60.so
b7ee6000-b7ee7000 rwxp 0000c000 03:03 1692955    /lib/tls/libpthread-0.60.so
b7ee7000-b7ee9000 rwxp b7ee7000 00:00 0 
b7ee9000-b7eea000 r-xp 00000000 03:03 1133290    /home/javi/cursojni/eclipse/AccesoAtributosClase/Debug/libcadenas2.so
b7eea000-b7eeb000 rwxp 00000000 03:03 1133290    /home/javi/cursojni/eclipse/AccesoAtributosClase/Debug/libcadenas2.so
b7eeb000-b7ef1000 r-xp 00000000 03:03 264082     /opt/jdk1.5.0_09/jre/lib/i386/native_threads/libhpi.so
b7ef1000-b7ef2000 rwxp 00006000 03:03 264082     /opt/jdk1.5.0_09/jre/lib/i386/native_threads/libhpi.so
b7ef2000-b7ef3000 rwxp b7ef2000 00:00 0 
b7ef3000-b7ef4000 r-xp b7ef3000 00:00 0 
b7ef4000-b7ef5000 rwxp b7ef4000 00:00 0 
b7ef5000-b7f0b000 r-xp 00000000 03:03 1692920    /lib/ld-2.3.2.so
b7f0b000-b7f0c000 rwxp 00015000 03:03 1692920    /lib/ld-2.3.2.so
bf90b000-bf90e000 ---p bf90b000 00:00 0 
bf90e000-bfb0b000 rwxp bf90e000 00:00 0          [stack]
ffffe000-fffff000 ---p 00000000 00:00 0          [vdso]

VM Arguments:
jvm_args: -Xdebug -Xnoagent -Djava.compiler=none -Xrunjdwp:transport=dt_socket,address=localhost:55795 -Djava.library.path=/home/javi/cursojni/eclipse/AccesoAtributosClase/Debug
java_command: cadenas2.Main
Launcher Type: SUN_STANDARD

Environment Variables:
PATH=/usr/local/bin:/usr/bin:/bin:/usr/bin/X11:/usr/games
USERNAME=javi
LD_LIBRARY_PATH=/opt/jdk1.5.0_09/jre/lib/i386/client:/opt/jdk1.5.0_09/jre/lib/i386:/opt/jdk1.5.0_09/jre/../lib/i386
SHELL=/bin/bash
DISPLAY=:0.0

Signal Handlers:
SIGSEGV: [libjvm.so+0x325bd0], sa_mask[0]=0x7ffbfeff, sa_flags=0x10000004
SIGBUS: [libjvm.so+0x325bd0], sa_mask[0]=0x7ffbfeff, sa_flags=0x10000004
SIGFPE: [libjvm.so+0x28a010], sa_mask[0]=0x7ffbfeff, sa_flags=0x10000004
SIGPIPE: [libjvm.so+0x28a010], sa_mask[0]=0x7ffbfeff, sa_flags=0x10000004
SIGILL: [libjvm.so+0x28a010], sa_mask[0]=0x7ffbfeff, sa_flags=0x10000004
SIGUSR1: SIG_DFL, sa_mask[0]=0x00000000, sa_flags=0x00000000
SIGUSR2: [libjvm.so+0x28c460], sa_mask[0]=0x00000004, sa_flags=0x10000004
SIGHUP: [libjvm.so+0x28be90], sa_mask[0]=0x7ffbfeff, sa_flags=0x10000004
SIGINT: [libjvm.so+0x28be90], sa_mask[0]=0x7ffbfeff, sa_flags=0x10000004
SIGQUIT: [libjvm.so+0x28be90], sa_mask[0]=0x7ffbfeff, sa_flags=0x10000004
SIGTERM: [libjvm.so+0x28be90], sa_mask[0]=0x7ffbfeff, sa_flags=0x10000004


---------------  S Y S T E M  ---------------

OS:gnulinex2006 rc1

uname:Linux 2.6.16-2-586 #1 PREEMPT Fri May 5 13:19:05 CEST 2006 i686
libc:glibc 2.3.2 NPTL 0.60 
rlimit: STACK 8192k, CORE 0k, NPROC infinity, NOFILE 1024, AS infinity
load average:0.83 0.36 0.16

CPU:total 1 (cores per cpu 1, threads per core 1) family 6 model 13 stepping 8, cmov, cx8, fxsr, mmx, sse, sse2

Memory: 4k page, physical 1034932k(157536k free), swap 714852k(714852k free)

vm_info: Java HotSpot(TM) Client VM (1.5.0_09-b03) for linux-x86, built on Oct 12 2006 10:54:08 by java_re with gcc 3.2.1-7a (J2SE release)

