#
# An unexpected error has been detected by HotSpot Virtual Machine:
#
#  SIGSEGV (0xb) at pc=0xb7e110e0, pid=5245, tid=2852465584
#
# Java VM: Java HotSpot(TM) Client VM (1.5.0_09-b03 mixed mode)
# Problematic frame:
# C  [libc.so.6+0x730e0]
#

---------------  T H R E A D  ---------------

Current thread (0x080d1c98):  JavaThread "CompilerThread0" daemon [_thread_in_vm, id=5260]

siginfo:si_signo=11, si_errno=0, si_code=1, si_addr=0x00000008

Registers:
EAX=0x00000000, EBX=0xb7ecff40, ECX=0x080e5408, EDX=0xae6890e0
ESP=0xaa0522f8, EBP=0xaa05231c, ESI=0x080e5430, EDI=0x00004170
EIP=0xb7e110e0, CR2=0x00000008, EFLAGS=0x00010212

Top of Stack: (sp=0xaa0522f8)
0xaa0522f8:   0000414c 00004148 b7ed0948 00000000
0xaa052308:   b7ed0934 b7ed0924 b7ecff40 b7ed0900
0xaa052318:   00000001 aa05235c b7e108fb b7ed0900
0xaa052328:   00000160 b7979c28 aa052470 b766591b
0xaa052338:   b262b5c8 b262b6b0 00000000 00000040
0xaa052348:   00000228 b7ed0900 b7ecff40 b7ed0900
0xaa052358:   00000001 aa052378 b7e0fc43 b7ed0900
0xaa052368:   00000220 b7983aec 00000220 b262b5c8 

Instructions: (pc=0xb7e110e0)
0xb7e110d0:   32 04 01 75 4d 8b 46 0c 01 d7 8b 56 08 89 42 0c
0xb7e110e0:   89 50 08 89 3c 0f 8b 55 e4 8b 72 08 89 4a 08 89 

Stack: [0xa9fd3000,0xaa053000),  sp=0xaa0522f8,  free space=508k
Native frames: (J=compiled Java code, j=interpreted, Vv=VM code, C=native code)
C  [libc.so.6+0x730e0]
C  [libc.so.6+0x728fb]
C  [libc.so.6+0x71c43]  malloc+0x93
V  [libjvm.so+0x2859ca]
V  [libjvm.so+0xf7b79]
V  [libjvm.so+0x27942a]
V  [libjvm.so+0x2790f0]
V  [libjvm.so+0xd2d38]
V  [libjvm.so+0x6cb15]
V  [libjvm.so+0x6cbd0]
V  [libjvm.so+0x6d0a7]
V  [libjvm.so+0x6dc0b]
V  [libjvm.so+0x109a6e]
V  [libjvm.so+0x1093f3]
V  [libjvm.so+0x2f9da6]
V  [libjvm.so+0x2f43d3]
V  [libjvm.so+0x28bbe8]
C  [libpthread.so.0+0x4b63]


Current CompileTask:
HotSpot Client Compiler:  4   b  java.lang.String.indexOf(II)I (151 bytes)


---------------  P R O C E S S  ---------------

Java Threads: ( => current thread )
  0x080d3360 JavaThread "Low Memory Detector" daemon [_thread_blocked, id=5261]
=>0x080d1c98 JavaThread "CompilerThread0" daemon [_thread_in_vm, id=5260]
  0x080d0b18 JavaThread "Signal Dispatcher" daemon [_thread_blocked, id=5259]
  0x080cf010 JavaThread "JDWP Command Reader" daemon [_thread_in_native, id=5257]
  0x080cdb20 JavaThread "JDWP Event Helper Thread" daemon [_thread_blocked, id=5256]
  0x080cbff0 JavaThread "JDWP Transport Listener: dt_socket" daemon [_thread_blocked, id=5255]
  0x080bc308 JavaThread "Finalizer" daemon [_thread_blocked, id=5251]
  0x080bb6d8 JavaThread "Reference Handler" daemon [_thread_blocked, id=5250]
  0x0805d088 JavaThread "main" [_thread_blocked, id=5245]

Other Threads:
  0x080b8a58 VMThread [id=5249]
  0x080d47e0 WatcherThread [id=5262]

VM state:not at safepoint (normal execution)

VM Mutex/Monitor currently owned by a thread:  ([mutex/lock_event])
[0x0805b758/0x0805b770] CodeCache_lock - owner thread: 0x080d1c98
[0x0805ce18/0x0805ce40] MethodCompileQueue_lock - owner thread: 0x080d1c98

Heap
 def new generation   total 576K, used 202K [0xaa520000, 0xaa5c0000, 0xaaa00000)
  eden space 512K,  39% used [0xaa520000, 0xaa552870, 0xaa5a0000)
  from space 64K,   0% used [0xaa5a0000, 0xaa5a0000, 0xaa5b0000)
  to   space 64K,   0% used [0xaa5b0000, 0xaa5b0000, 0xaa5c0000)
 tenured generation   total 1408K, used 0K [0xaaa00000, 0xaab60000, 0xae520000)
   the space 1408K,   0% used [0xaaa00000, 0xaaa00000, 0xaaa00200, 0xaab60000)
 compacting perm gen  total 8192K, used 1445K [0xae520000, 0xaed20000, 0xb2520000)
   the space 8192K,  17% used [0xae520000, 0xae689438, 0xae689600, 0xaed20000)
No shared spaces configured.

Dynamic libraries:
08048000-08057000 r-xp 00000000 03:03 264062     /opt/jdk1.5.0_09/jre/bin/java
08057000-08059000 rwxp 0000e000 03:03 264062     /opt/jdk1.5.0_09/jre/bin/java
08059000-081c6000 rwxp 08059000 00:00 0          [heap]
a9c00000-a9c21000 rwxp a9c00000 00:00 0 
a9c21000-a9d00000 ---p a9c21000 00:00 0 
a9dbb000-a9de6000 r-xs 00000000 03:03 295505     /opt/jdk1.5.0_09/jre/lib/ext/sunpkcs11.jar
a9de6000-a9de8000 r-xs 00000000 03:03 295506     /opt/jdk1.5.0_09/jre/lib/ext/dnsns.jar
a9de8000-a9e0f000 r-xs 00000000 03:03 295504     /opt/jdk1.5.0_09/jre/lib/ext/sunjce_provider.jar
a9e0f000-a9ed3000 r-xs 00000000 03:03 296079     /opt/jdk1.5.0_09/jre/lib/ext/localedata.jar
a9ed3000-a9ed4000 ---p a9ed3000 00:00 0 
a9ed4000-a9f53000 rwxp a9ed4000 00:00 0 
a9f53000-a9f56000 ---p a9f53000 00:00 0 
a9f56000-a9fd3000 rwxp a9f56000 00:00 0 
a9fd3000-a9fd6000 ---p a9fd3000 00:00 0 
a9fd6000-aa053000 rwxp a9fd6000 00:00 0 
aa053000-aa056000 ---p aa053000 00:00 0 
aa056000-aa0d3000 rwxp aa056000 00:00 0 
aa0d3000-aa0d6000 ---p aa0d3000 00:00 0 
aa0d6000-aa153000 rwxp aa0d6000 00:00 0 
aa153000-aa156000 ---p aa153000 00:00 0 
aa156000-aa1d3000 rwxp aa156000 00:00 0 
aa1d3000-aa1d6000 ---p aa1d3000 00:00 0 
aa1d6000-aa253000 rwxp aa1d6000 00:00 0 
aa253000-aa257000 r-xp 00000000 03:03 264117     /opt/jdk1.5.0_09/jre/lib/i386/libdt_socket.so
aa257000-aa258000 rwxp 00003000 03:03 264117     /opt/jdk1.5.0_09/jre/lib/i386/libdt_socket.so
aa258000-aa320000 r-xp 00000000 03:03 395062     /usr/lib/locale/locale-archive
aa320000-aa323000 ---p aa320000 00:00 0 
aa323000-aa3a0000 rwxp aa323000 00:00 0 
aa3a0000-aa3a3000 ---p aa3a0000 00:00 0 
aa3a3000-aa420000 rwxp aa3a3000 00:00 0 
aa420000-aa421000 ---p aa420000 00:00 0 
aa421000-aa4a5000 rwxp aa421000 00:00 0 
aa4a5000-aa4c1000 rwxp aa4a5000 00:00 0 
aa4c1000-aa4c2000 rwxp aa4c1000 00:00 0 
aa4c2000-aa4df000 rwxp aa4c2000 00:00 0 
aa4df000-aa4e0000 rwxp aa4df000 00:00 0 
aa4e0000-aa4e1000 rwxp aa4e0000 00:00 0 
aa4e1000-aa4e3000 rwxp aa4e1000 00:00 0 
aa4e3000-aa4ff000 rwxp aa4e3000 00:00 0 
aa4ff000-aa503000 rwxp aa4ff000 00:00 0 
aa503000-aa51f000 rwxp aa503000 00:00 0 
aa51f000-aa5c0000 rwxp aa51f000 00:00 0 
aa5c0000-aaa00000 rwxp aa5c0000 00:00 0 
aaa00000-aab60000 rwxp aaa00000 00:00 0 
aab60000-ae520000 rwxp aab60000 00:00 0 
ae520000-aed20000 rwxp ae520000 00:00 0 
aed20000-b2520000 rwxp aed20000 00:00 0 
b2521000-b2524000 rwxp b2521000 00:00 0 
b2524000-b25a1000 rwxp b2524000 00:00 0 
b25a1000-b2631000 rwxp b25a1000 00:00 0 
b2631000-b45a1000 rwxp b2631000 00:00 0 
b45a1000-b4e11000 r-xs 00000000 03:03 264159     /opt/jdk1.5.0_09/jre/lib/charsets.jar
b4e11000-b4e26000 r-xs 00000000 03:03 264123     /opt/jdk1.5.0_09/jre/lib/jce.jar
b4e26000-b4eab000 r-xs 00000000 03:03 264156     /opt/jdk1.5.0_09/jre/lib/jsse.jar
b4eab000-b4f14000 rwxp b4eab000 00:00 0 
b4f14000-b752a000 r-xs 00000000 03:03 264058     /opt/jdk1.5.0_09/jre/lib/rt.jar
b752a000-b7539000 r-xp 00000000 03:03 264093     /opt/jdk1.5.0_09/jre/lib/i386/libzip.so
b7539000-b753b000 rwxp 0000e000 03:03 264093     /opt/jdk1.5.0_09/jre/lib/i386/libzip.so
b753b000-b755c000 r-xp 00000000 03:03 264091     /opt/jdk1.5.0_09/jre/lib/i386/libjava.so
b755c000-b755e000 rwxp 00020000 03:03 264091     /opt/jdk1.5.0_09/jre/lib/i386/libjava.so
b755e000-b7569000 r-xp 00000000 03:03 264090     /opt/jdk1.5.0_09/jre/lib/i386/libverify.so
b7569000-b756a000 rwxp 0000b000 03:03 264090     /opt/jdk1.5.0_09/jre/lib/i386/libverify.so
b756a000-b7573000 r-xp 00000000 03:03 1692967    /lib/tls/libnss_files-2.3.2.so
b7573000-b7574000 rwxp 00008000 03:03 1692967    /lib/tls/libnss_files-2.3.2.so
b7574000-b757c000 r-xp 00000000 03:03 1692969    /lib/tls/libnss_nis-2.3.2.so
b757c000-b757d000 rwxp 00007000 03:03 1692969    /lib/tls/libnss_nis-2.3.2.so
b757d000-b7584000 r-xp 00000000 03:03 1692965    /lib/tls/libnss_compat-2.3.2.so
b7584000-b7585000 rwxp 00006000 03:03 1692965    /lib/tls/libnss_compat-2.3.2.so
b7585000-b75b7000 r-xp 00000000 03:03 264116     /opt/jdk1.5.0_09/jre/lib/i386/libjdwp.so
b75b7000-b75b8000 rwxp 00032000 03:03 264116     /opt/jdk1.5.0_09/jre/lib/i386/libjdwp.so
b75b8000-b75bb000 rwxp b75b8000 00:00 0 
b75bb000-b75cc000 r-xp 00000000 03:03 1692964    /lib/tls/libnsl-2.3.2.so
b75cc000-b75cd000 rwxp 00011000 03:03 1692964    /lib/tls/libnsl-2.3.2.so
b75cd000-b75cf000 rwxp b75cd000 00:00 0 
b75d2000-b75da000 rwxs 00000000 03:03 1543187    /tmp/hsperfdata_javi/5245
b75da000-b75fb000 r-xp 00000000 03:03 1692962    /lib/tls/libm-2.3.2.so
b75fb000-b75fc000 rwxp 00020000 03:03 1692962    /lib/tls/libm-2.3.2.so
b75fc000-b7968000 r-xp 00000000 03:03 295494     /opt/jdk1.5.0_09/jre/lib/i386/client/libjvm.so
b7968000-b7987000 rwxp 0036b000 03:03 295494     /opt/jdk1.5.0_09/jre/lib/i386/client/libjvm.so
b7987000-b7d9e000 rwxp b7987000 00:00 0 
b7d9e000-b7ec8000 r-xp 00000000 03:03 1692959    /lib/tls/libc-2.3.2.so
b7ec8000-b7ed1000 rwxp 00129000 03:03 1692959    /lib/tls/libc-2.3.2.so
b7ed1000-b7ed3000 rwxp b7ed1000 00:00 0 
b7ed3000-b7ed5000 r-xp 00000000 03:03 1692961    /lib/tls/libdl-2.3.2.so
b7ed5000-b7ed6000 rwxp 00002000 03:03 1692961    /lib/tls/libdl-2.3.2.so
b7ed6000-b7ed7000 rwxp b7ed6000 00:00 0 
b7ed7000-b7ee3000 r-xp 00000000 03:03 1692955    /lib/tls/libpthread-0.60.so
b7ee3000-b7ee4000 rwxp 0000c000 03:03 1692955    /lib/tls/libpthread-0.60.so
b7ee4000-b7ee6000 rwxp b7ee4000 00:00 0 
b7ee6000-b7ee7000 r-xp 00000000 03:03 1132979    /home/javi/cursojni/eclipse/AccesoAtributosClase/Debug/libcadenas2.so
b7ee7000-b7ee8000 rwxp 00000000 03:03 1132979    /home/javi/cursojni/eclipse/AccesoAtributosClase/Debug/libcadenas2.so
b7ee8000-b7eee000 r-xp 00000000 03:03 264082     /opt/jdk1.5.0_09/jre/lib/i386/native_threads/libhpi.so
b7eee000-b7eef000 rwxp 00006000 03:03 264082     /opt/jdk1.5.0_09/jre/lib/i386/native_threads/libhpi.so
b7eef000-b7ef0000 rwxp b7eef000 00:00 0 
b7ef0000-b7ef1000 r-xp b7ef0000 00:00 0 
b7ef1000-b7ef2000 rwxp b7ef1000 00:00 0 
b7ef2000-b7f08000 r-xp 00000000 03:03 1692920    /lib/ld-2.3.2.so
b7f08000-b7f09000 rwxp 00015000 03:03 1692920    /lib/ld-2.3.2.so
bfa08000-bfa0b000 ---p bfa08000 00:00 0 
bfa0b000-bfc08000 rwxp bfa0b000 00:00 0          [stack]
ffffe000-fffff000 ---p 00000000 00:00 0          [vdso]

VM Arguments:
jvm_args: -Xdebug -Xnoagent -Djava.compiler=none -Xrunjdwp:transport=dt_socket,address=localhost:55936 -Djava.library.path=/home/javi/cursojni/eclipse/AccesoAtributosClase/Debug
java_command: cadenas2.Main
Launcher Type: SUN_STANDARD

Environment Variables:
PATH=/usr/local/bin:/usr/bin:/bin:/usr/bin/X11:/usr/games
USERNAME=javi
LD_LIBRARY_PATH=/opt/jdk1.5.0_09/jre/lib/i386/client:/opt/jdk1.5.0_09/jre/lib/i386:/opt/jdk1.5.0_09/jre/../lib/i386
SHELL=/bin/bash
DISPLAY=:0.0

Signal Handlers:
SIGSEGV: [libjvm.so+0x325bd0], sa_mask[0]=0x7ffbfeff, sa_flags=0x10000004
SIGBUS: [libjvm.so+0x325bd0], sa_mask[0]=0x7ffbfeff, sa_flags=0x10000004
SIGFPE: [libjvm.so+0x28a010], sa_mask[0]=0x7ffbfeff, sa_flags=0x10000004
SIGPIPE: [libjvm.so+0x28a010], sa_mask[0]=0x7ffbfeff, sa_flags=0x10000004
SIGILL: [libjvm.so+0x28a010], sa_mask[0]=0x7ffbfeff, sa_flags=0x10000004
SIGUSR1: SIG_DFL, sa_mask[0]=0x00000000, sa_flags=0x00000000
SIGUSR2: [libjvm.so+0x28c460], sa_mask[0]=0x00000004, sa_flags=0x10000004
SIGHUP: [libjvm.so+0x28be90], sa_mask[0]=0x7ffbfeff, sa_flags=0x10000004
SIGINT: [libjvm.so+0x28be90], sa_mask[0]=0x7ffbfeff, sa_flags=0x10000004
SIGQUIT: [libjvm.so+0x28be90], sa_mask[0]=0x7ffbfeff, sa_flags=0x10000004
SIGTERM: [libjvm.so+0x28be90], sa_mask[0]=0x7ffbfeff, sa_flags=0x10000004


---------------  S Y S T E M  ---------------

OS:gnulinex2006 rc1

uname:Linux 2.6.16-2-586 #1 PREEMPT Fri May 5 13:19:05 CEST 2006 i686
libc:glibc 2.3.2 NPTL 0.60 
rlimit: STACK 8192k, CORE 0k, NPROC infinity, NOFILE 1024, AS infinity
load average:0.00 0.00 0.00

CPU:total 1 (cores per cpu 1, threads per core 1) family 6 model 13 stepping 8, cmov, cx8, fxsr, mmx, sse, sse2

Memory: 4k page, physical 1034932k(200444k free), swap 714852k(714852k free)

vm_info: Java HotSpot(TM) Client VM (1.5.0_09-b03) for linux-x86, built on Oct 12 2006 10:54:08 by java_re with gcc 3.2.1-7a (J2SE release)

