#
# An unexpected error has been detected by HotSpot Virtual Machine:
#
#  SIGSEGV (0xb) at pc=0xb78735a8, pid=5871, tid=2853141424
#
# Java VM: Java HotSpot(TM) Client VM (1.5.0_09-b03 mixed mode)
# Problematic frame:
# V  [libjvm.so+0x1d05a8]
#

---------------  T H R E A D  ---------------

Current thread (0x080d1c98):  JavaThread "CompilerThread0" daemon [_thread_in_vm, id=5889]

siginfo:si_signo=11, si_errno=0, si_code=1, si_addr=0x0000013b

Registers:
EAX=0x000000b7, EBX=0xb7a2aaec, ECX=0x080d1c98, EDX=0x080f8620
ESP=0xaa0f77e0, EBP=0xaa0f7818, ESI=0x000000b7, EDI=0x080d1c98
EIP=0xb78735a8, CR2=0x0000013b, EFLAGS=0x00010206

Top of Stack: (sp=0xaa0f77e0)
0xaa0f77e0:   080e5630 00000000 000709e4 00000000
0xaa0f77f0:   b7a2aaec 080e5590 aa0f7818 b77f3051
0xaa0f7800:   aa0f7898 aa0f7890 aa0f7968 b7a2aaec
0xaa0f7810:   b7a3d920 080da358 aa0f7968 b77acb7b
0xaa0f7820:   080da358 080d1c98 b7a3d920 b7a3d920
0xaa0f7830:   00000000 aa0f7860 aa0f78f0 00000000
0xaa0f7840:   080da358 080d1d58 00000000 00000000
0xaa0f7850:   ffffffff 00000004 080d1c98 080d2254 

Instructions: (pc=0xb78735a8)
0xb7873598:   77 28 74 1c 8b 86 84 00 00 00 85 c0 74 0c 89 c6
0xb78735a8:   8b 80 84 00 00 00 85 c0 75 f4 89 96 84 00 00 00 

Stack: [0xaa078000,0xaa0f8000),  sp=0xaa0f77e0,  free space=509k
Native frames: (J=compiled Java code, j=interpreted, Vv=VM code, C=native code)
V  [libjvm.so+0x1d05a8]
V  [libjvm.so+0x109b7b]
V  [libjvm.so+0x1093f3]
V  [libjvm.so+0x2f9da6]
V  [libjvm.so+0x2f43d3]
V  [libjvm.so+0x28bbe8]
C  [libpthread.so.0+0x4b63]


Current CompileTask:
HotSpot Client Compiler:  4   b  java.lang.String.indexOf(II)I (151 bytes)


---------------  P R O C E S S  ---------------

Java Threads: ( => current thread )
  0x080d3360 JavaThread "Low Memory Detector" daemon [_thread_blocked, id=5890]
=>0x080d1c98 JavaThread "CompilerThread0" daemon [_thread_in_vm, id=5889]
  0x080d0b18 JavaThread "Signal Dispatcher" daemon [_thread_blocked, id=5888]
  0x080cf010 JavaThread "JDWP Command Reader" daemon [_thread_in_native, id=5886]
  0x080cdb20 JavaThread "JDWP Event Helper Thread" daemon [_thread_blocked, id=5885]
  0x080cbff0 JavaThread "JDWP Transport Listener: dt_socket" daemon [_thread_blocked, id=5884]
  0x080bc340 JavaThread "Finalizer" daemon [_thread_blocked, id=5881]
  0x080bb6d8 JavaThread "Reference Handler" daemon [_thread_blocked, id=5880]
  0x0805d088 JavaThread "main" [_thread_blocked, id=5871]

Other Threads:
  0x080b8a58 VMThread [id=5879]
  0x080d47e0 WatcherThread [id=5891]

VM state:not at safepoint (normal execution)

VM Mutex/Monitor currently owned by a thread: None

Heap
 def new generation   total 576K, used 202K [0xaa5c0000, 0xaa660000, 0xaaaa0000)
  eden space 512K,  39% used [0xaa5c0000, 0xaa5f2880, 0xaa640000)
  from space 64K,   0% used [0xaa640000, 0xaa640000, 0xaa650000)
  to   space 64K,   0% used [0xaa650000, 0xaa650000, 0xaa660000)
 tenured generation   total 1408K, used 0K [0xaaaa0000, 0xaac00000, 0xae5c0000)
   the space 1408K,   0% used [0xaaaa0000, 0xaaaa0000, 0xaaaa0200, 0xaac00000)
 compacting perm gen  total 8192K, used 1445K [0xae5c0000, 0xaedc0000, 0xb25c0000)
   the space 8192K,  17% used [0xae5c0000, 0xae729438, 0xae729600, 0xaedc0000)
No shared spaces configured.

Dynamic libraries:
08048000-08057000 r-xp 00000000 03:03 264062     /opt/jdk1.5.0_09/jre/bin/java
08057000-08059000 rwxp 0000e000 03:03 264062     /opt/jdk1.5.0_09/jre/bin/java
08059000-081c6000 rwxp 08059000 00:00 0          [heap]
a9d00000-a9d21000 rwxp a9d00000 00:00 0 
a9d21000-a9e00000 ---p a9d21000 00:00 0 
a9e60000-a9e8b000 r-xs 00000000 03:03 295505     /opt/jdk1.5.0_09/jre/lib/ext/sunpkcs11.jar
a9e8b000-a9e8d000 r-xs 00000000 03:03 295506     /opt/jdk1.5.0_09/jre/lib/ext/dnsns.jar
a9e8d000-a9eb4000 r-xs 00000000 03:03 295504     /opt/jdk1.5.0_09/jre/lib/ext/sunjce_provider.jar
a9eb4000-a9f78000 r-xs 00000000 03:03 296079     /opt/jdk1.5.0_09/jre/lib/ext/localedata.jar
a9f78000-a9f79000 ---p a9f78000 00:00 0 
a9f79000-a9ff8000 rwxp a9f79000 00:00 0 
a9ff8000-a9ffb000 ---p a9ff8000 00:00 0 
a9ffb000-aa078000 rwxp a9ffb000 00:00 0 
aa078000-aa07b000 ---p aa078000 00:00 0 
aa07b000-aa0f8000 rwxp aa07b000 00:00 0 
aa0f8000-aa0fb000 ---p aa0f8000 00:00 0 
aa0fb000-aa178000 rwxp aa0fb000 00:00 0 
aa178000-aa17b000 ---p aa178000 00:00 0 
aa17b000-aa1f8000 rwxp aa17b000 00:00 0 
aa1f8000-aa1fb000 ---p aa1f8000 00:00 0 
aa1fb000-aa278000 rwxp aa1fb000 00:00 0 
aa278000-aa27b000 ---p aa278000 00:00 0 
aa27b000-aa2f8000 rwxp aa27b000 00:00 0 
aa2f8000-aa3c0000 r-xp 00000000 03:03 395062     /usr/lib/locale/locale-archive
aa3c0000-aa3c3000 ---p aa3c0000 00:00 0 
aa3c3000-aa440000 rwxp aa3c3000 00:00 0 
aa440000-aa443000 ---p aa440000 00:00 0 
aa443000-aa4c0000 rwxp aa443000 00:00 0 
aa4c0000-aa4c1000 ---p aa4c0000 00:00 0 
aa4c1000-aa545000 rwxp aa4c1000 00:00 0 
aa545000-aa561000 rwxp aa545000 00:00 0 
aa561000-aa562000 rwxp aa561000 00:00 0 
aa562000-aa57f000 rwxp aa562000 00:00 0 
aa57f000-aa580000 rwxp aa57f000 00:00 0 
aa580000-aa581000 rwxp aa580000 00:00 0 
aa581000-aa583000 rwxp aa581000 00:00 0 
aa583000-aa59f000 rwxp aa583000 00:00 0 
aa59f000-aa5a3000 rwxp aa59f000 00:00 0 
aa5a3000-aa5bf000 rwxp aa5a3000 00:00 0 
aa5bf000-aa660000 rwxp aa5bf000 00:00 0 
aa660000-aaaa0000 rwxp aa660000 00:00 0 
aaaa0000-aac00000 rwxp aaaa0000 00:00 0 
aac00000-ae5c0000 rwxp aac00000 00:00 0 
ae5c0000-aedc0000 rwxp ae5c0000 00:00 0 
aedc0000-b25c0000 rwxp aedc0000 00:00 0 
b25c3000-b25c7000 r-xp 00000000 03:03 264117     /opt/jdk1.5.0_09/jre/lib/i386/libdt_socket.so
b25c7000-b25c8000 rwxp 00003000 03:03 264117     /opt/jdk1.5.0_09/jre/lib/i386/libdt_socket.so
b25c8000-b25cb000 rwxp b25c8000 00:00 0 
b25cb000-b2648000 rwxp b25cb000 00:00 0 
b2648000-b26d8000 rwxp b2648000 00:00 0 
b26d8000-b4648000 rwxp b26d8000 00:00 0 
b4648000-b4eb8000 r-xs 00000000 03:03 264159     /opt/jdk1.5.0_09/jre/lib/charsets.jar
b4eb8000-b4ecd000 r-xs 00000000 03:03 264123     /opt/jdk1.5.0_09/jre/lib/jce.jar
b4ecd000-b4f52000 r-xs 00000000 03:03 264156     /opt/jdk1.5.0_09/jre/lib/jsse.jar
b4f52000-b4fbb000 rwxp b4f52000 00:00 0 
b4fbb000-b75d1000 r-xs 00000000 03:03 264058     /opt/jdk1.5.0_09/jre/lib/rt.jar
b75d1000-b75e0000 r-xp 00000000 03:03 264093     /opt/jdk1.5.0_09/jre/lib/i386/libzip.so
b75e0000-b75e2000 rwxp 0000e000 03:03 264093     /opt/jdk1.5.0_09/jre/lib/i386/libzip.so
b75e2000-b7603000 r-xp 00000000 03:03 264091     /opt/jdk1.5.0_09/jre/lib/i386/libjava.so
b7603000-b7605000 rwxp 00020000 03:03 264091     /opt/jdk1.5.0_09/jre/lib/i386/libjava.so
b7605000-b7610000 r-xp 00000000 03:03 264090     /opt/jdk1.5.0_09/jre/lib/i386/libverify.so
b7610000-b7611000 rwxp 0000b000 03:03 264090     /opt/jdk1.5.0_09/jre/lib/i386/libverify.so
b7611000-b761a000 r-xp 00000000 03:03 1692967    /lib/tls/libnss_files-2.3.2.so
b761a000-b761b000 rwxp 00008000 03:03 1692967    /lib/tls/libnss_files-2.3.2.so
b761b000-b7623000 r-xp 00000000 03:03 1692969    /lib/tls/libnss_nis-2.3.2.so
b7623000-b7624000 rwxp 00007000 03:03 1692969    /lib/tls/libnss_nis-2.3.2.so
b7624000-b762b000 r-xp 00000000 03:03 1692965    /lib/tls/libnss_compat-2.3.2.so
b762b000-b762c000 rwxp 00006000 03:03 1692965    /lib/tls/libnss_compat-2.3.2.so
b762c000-b765e000 r-xp 00000000 03:03 264116     /opt/jdk1.5.0_09/jre/lib/i386/libjdwp.so
b765e000-b765f000 rwxp 00032000 03:03 264116     /opt/jdk1.5.0_09/jre/lib/i386/libjdwp.so
b765f000-b7662000 rwxp b765f000 00:00 0 
b7662000-b7673000 r-xp 00000000 03:03 1692964    /lib/tls/libnsl-2.3.2.so
b7673000-b7674000 rwxp 00011000 03:03 1692964    /lib/tls/libnsl-2.3.2.so
b7674000-b7676000 rwxp b7674000 00:00 0 
b7679000-b7681000 rwxs 00000000 03:03 1543186    /tmp/hsperfdata_javi/5871
b7681000-b76a2000 r-xp 00000000 03:03 1692962    /lib/tls/libm-2.3.2.so
b76a2000-b76a3000 rwxp 00020000 03:03 1692962    /lib/tls/libm-2.3.2.so
b76a3000-b7a0f000 r-xp 00000000 03:03 295494     /opt/jdk1.5.0_09/jre/lib/i386/client/libjvm.so
b7a0f000-b7a2e000 rwxp 0036b000 03:03 295494     /opt/jdk1.5.0_09/jre/lib/i386/client/libjvm.so
b7a2e000-b7e45000 rwxp b7a2e000 00:00 0 
b7e45000-b7f6f000 r-xp 00000000 03:03 1692959    /lib/tls/libc-2.3.2.so
b7f6f000-b7f78000 rwxp 00129000 03:03 1692959    /lib/tls/libc-2.3.2.so
b7f78000-b7f7a000 rwxp b7f78000 00:00 0 
b7f7a000-b7f7c000 r-xp 00000000 03:03 1692961    /lib/tls/libdl-2.3.2.so
b7f7c000-b7f7d000 rwxp 00002000 03:03 1692961    /lib/tls/libdl-2.3.2.so
b7f7d000-b7f7e000 rwxp b7f7d000 00:00 0 
b7f7e000-b7f8a000 r-xp 00000000 03:03 1692955    /lib/tls/libpthread-0.60.so
b7f8a000-b7f8b000 rwxp 0000c000 03:03 1692955    /lib/tls/libpthread-0.60.so
b7f8b000-b7f8d000 rwxp b7f8b000 00:00 0 
b7f8d000-b7f8e000 r-xp 00000000 03:03 1133290    /home/javi/cursojni/eclipse/AccesoAtributosClase/Debug/libcadenas2.so
b7f8e000-b7f8f000 rwxp 00000000 03:03 1133290    /home/javi/cursojni/eclipse/AccesoAtributosClase/Debug/libcadenas2.so
b7f8f000-b7f95000 r-xp 00000000 03:03 264082     /opt/jdk1.5.0_09/jre/lib/i386/native_threads/libhpi.so
b7f95000-b7f96000 rwxp 00006000 03:03 264082     /opt/jdk1.5.0_09/jre/lib/i386/native_threads/libhpi.so
b7f96000-b7f97000 rwxp b7f96000 00:00 0 
b7f97000-b7f98000 r-xp b7f97000 00:00 0 
b7f98000-b7f99000 rwxp b7f98000 00:00 0 
b7f99000-b7faf000 r-xp 00000000 03:03 1692920    /lib/ld-2.3.2.so
b7faf000-b7fb0000 rwxp 00015000 03:03 1692920    /lib/ld-2.3.2.so
bf8af000-bf8b2000 ---p bf8af000 00:00 0 
bf8b2000-bfaaf000 rwxp bf8b2000 00:00 0          [stack]
ffffe000-fffff000 ---p 00000000 00:00 0          [vdso]

VM Arguments:
jvm_args: -Xdebug -Xnoagent -Djava.compiler=none -Xrunjdwp:transport=dt_socket,address=localhost:60979 -Djava.library.path=/home/javi/cursojni/eclipse/AccesoAtributosClase/Debug
java_command: cadenas2.Main
Launcher Type: SUN_STANDARD

Environment Variables:
PATH=/usr/local/bin:/usr/bin:/bin:/usr/bin/X11:/usr/games
USERNAME=javi
LD_LIBRARY_PATH=/opt/jdk1.5.0_09/jre/lib/i386/client:/opt/jdk1.5.0_09/jre/lib/i386:/opt/jdk1.5.0_09/jre/../lib/i386
SHELL=/bin/bash
DISPLAY=:0.0

Signal Handlers:
SIGSEGV: [libjvm.so+0x325bd0], sa_mask[0]=0x7ffbfeff, sa_flags=0x10000004
SIGBUS: [libjvm.so+0x325bd0], sa_mask[0]=0x7ffbfeff, sa_flags=0x10000004
SIGFPE: [libjvm.so+0x28a010], sa_mask[0]=0x7ffbfeff, sa_flags=0x10000004
SIGPIPE: [libjvm.so+0x28a010], sa_mask[0]=0x7ffbfeff, sa_flags=0x10000004
SIGILL: [libjvm.so+0x28a010], sa_mask[0]=0x7ffbfeff, sa_flags=0x10000004
SIGUSR1: SIG_DFL, sa_mask[0]=0x00000000, sa_flags=0x00000000
SIGUSR2: [libjvm.so+0x28c460], sa_mask[0]=0x00000004, sa_flags=0x10000004
SIGHUP: [libjvm.so+0x28be90], sa_mask[0]=0x7ffbfeff, sa_flags=0x10000004
SIGINT: [libjvm.so+0x28be90], sa_mask[0]=0x7ffbfeff, sa_flags=0x10000004
SIGQUIT: [libjvm.so+0x28be90], sa_mask[0]=0x7ffbfeff, sa_flags=0x10000004
SIGTERM: [libjvm.so+0x28be90], sa_mask[0]=0x7ffbfeff, sa_flags=0x10000004


---------------  S Y S T E M  ---------------

OS:gnulinex2006 rc1

uname:Linux 2.6.16-2-586 #1 PREEMPT Fri May 5 13:19:05 CEST 2006 i686
libc:glibc 2.3.2 NPTL 0.60 
rlimit: STACK 8192k, CORE 0k, NPROC infinity, NOFILE 1024, AS infinity
load average:0.92 0.34 0.14

CPU:total 1 (cores per cpu 1, threads per core 1) family 6 model 13 stepping 8, cmov, cx8, fxsr, mmx, sse, sse2

Memory: 4k page, physical 1034932k(160272k free), swap 714852k(714852k free)

vm_info: Java HotSpot(TM) Client VM (1.5.0_09-b03) for linux-x86, built on Oct 12 2006 10:54:08 by java_re with gcc 3.2.1-7a (J2SE release)

