#
# An unexpected error has been detected by HotSpot Virtual Machine:
#
#  SIGSEGV (0xb) at pc=0x0061006e, pid=7169, tid=3084558464
#
# Java VM: Java HotSpot(TM) Client VM (1.5.0_09-b03 mixed mode)
# Problematic frame:
# C  0x0061006e
#

---------------  T H R E A D  ---------------

Current thread (0x0805d030):  JavaThread "main" [_thread_in_vm, id=7169]

siginfo:si_signo=11, si_errno=0, si_code=1, si_addr=0x0061006e

Registers:
EAX=0xae689350, EBX=0xb7990aec, ECX=0xaa54e428, EDX=0x0805cfe8
ESP=0xbfb10370, EBP=0xbfb103ec, ESI=0xaa54e430, EDI=0x0805d030
EIP=0x0061006e, CR2=0x0061006e, EFLAGS=0x00010206

Top of Stack: (sp=0xbfb10370)
0xbfb10370:   b779f7c1 aa54e430 0805d030 0805e700
0xbfb10380:   0805e700 00000000 0805e700 0805e6fc
0xbfb10390:   0805e6f8 0805d0f0 ae6891c8 0805d030
0xbfb103a0:   0805e6fc bfb103c0 b7990aec 0805e6f8
0xbfb103b0:   080b97a0 0805d030 b777b19a 0805e6f8
0xbfb103c0:   bfb103d4 0805d030 00000000 bfb10458
0xbfb103d0:   b25bf248 00000000 0805e6f8 0805d030
0xbfb103e0:   ae688f00 ae688f00 0805d030 bfb1041c 

Instructions: (pc=0x0061006e)
0x0061005e:   
[error occurred during error reporting, step 100, id 0xb]

Stack: [0xbf915000,0xbfb15000),  sp=0xbfb10370,  free space=2028k
Native frames: (J=compiled Java code, j=interpreted, Vv=VM code, C=native code)
C  0x0061006e
C  [libcadenas2.so+0x799]  Java_cadenas2_Main_ModificaCadena+0x65
j  cadenas2.Main.ModificaCadena()V+0
j  cadenas2.Main.main([Ljava/lang/String;)V+11
v  ~StubRoutines::call_stub
V  [libjvm.so+0x17a75c]
V  [libjvm.so+0x28afd8]
V  [libjvm.so+0x17a58f]
V  [libjvm.so+0x1a4e32]
V  [libjvm.so+0x196042]
C  [java+0x1873]
C  [libc.so.6+0x15974]  __libc_start_main+0xf4

Java frames: (J=compiled Java code, j=interpreted, Vv=VM code)
j  cadenas2.Main.ModificaCadena()V+0
j  cadenas2.Main.main([Ljava/lang/String;)V+11
v  ~StubRoutines::call_stub

---------------  P R O C E S S  ---------------

Java Threads: ( => current thread )
  0x080d32d8 JavaThread "Low Memory Detector" daemon [_thread_blocked, id=7185]
  0x080d1c10 JavaThread "CompilerThread0" daemon [_thread_blocked, id=7184]
  0x080d0a90 JavaThread "Signal Dispatcher" daemon [_thread_blocked, id=7183]
  0x080cef88 JavaThread "JDWP Command Reader" daemon [_thread_in_native, id=7181]
  0x080cda98 JavaThread "JDWP Event Helper Thread" daemon [_thread_blocked, id=7180]
  0x080cbf68 JavaThread "JDWP Transport Listener: dt_socket" daemon [_thread_blocked, id=7179]
  0x080bc2e8 JavaThread "Finalizer" daemon [_thread_blocked, id=7175]
  0x080bb6b8 JavaThread "Reference Handler" daemon [_thread_blocked, id=7174]
=>0x0805d030 JavaThread "main" [_thread_in_vm, id=7169]

Other Threads:
  0x080b8a00 VMThread [id=7173]
  0x080d4758 WatcherThread [id=7186]

VM state:not at safepoint (normal execution)

VM Mutex/Monitor currently owned by a thread: None

Heap
 def new generation   total 576K, used 191K [0xaa520000, 0xaa5c0000, 0xaaa00000)
  eden space 512K,  37% used [0xaa520000, 0xaa54ff50, 0xaa5a0000)
  from space 64K,   0% used [0xaa5a0000, 0xaa5a0000, 0xaa5b0000)
  to   space 64K,   0% used [0xaa5b0000, 0xaa5b0000, 0xaa5c0000)
 tenured generation   total 1408K, used 0K [0xaaa00000, 0xaab60000, 0xae520000)
   the space 1408K,   0% used [0xaaa00000, 0xaaa00000, 0xaaa00200, 0xaab60000)
 compacting perm gen  total 8192K, used 1444K [0xae520000, 0xaed20000, 0xb2520000)
   the space 8192K,  17% used [0xae520000, 0xae689398, 0xae689400, 0xaed20000)
No shared spaces configured.

Dynamic libraries:
08048000-08057000 r-xp 00000000 03:03 264062     /opt/jdk1.5.0_09/jre/bin/java
08057000-08059000 rwxp 0000e000 03:03 264062     /opt/jdk1.5.0_09/jre/bin/java
08059000-081c7000 rwxp 08059000 00:00 0          [heap]
a9c00000-a9c21000 rwxp a9c00000 00:00 0 
a9c21000-a9d00000 ---p a9c21000 00:00 0 
a9dc0000-a9deb000 r-xs 00000000 03:03 295505     /opt/jdk1.5.0_09/jre/lib/ext/sunpkcs11.jar
a9deb000-a9ded000 r-xs 00000000 03:03 295506     /opt/jdk1.5.0_09/jre/lib/ext/dnsns.jar
a9ded000-a9e14000 r-xs 00000000 03:03 295504     /opt/jdk1.5.0_09/jre/lib/ext/sunjce_provider.jar
a9e14000-a9ed8000 r-xs 00000000 03:03 296079     /opt/jdk1.5.0_09/jre/lib/ext/localedata.jar
a9ed8000-a9ed9000 ---p a9ed8000 00:00 0 
a9ed9000-a9f58000 rwxp a9ed9000 00:00 0 
a9f58000-a9f5b000 ---p a9f58000 00:00 0 
a9f5b000-a9fd8000 rwxp a9f5b000 00:00 0 
a9fd8000-a9fdb000 ---p a9fd8000 00:00 0 
a9fdb000-aa058000 rwxp a9fdb000 00:00 0 
aa058000-aa05b000 ---p aa058000 00:00 0 
aa05b000-aa0d8000 rwxp aa05b000 00:00 0 
aa0d8000-aa0db000 ---p aa0d8000 00:00 0 
aa0db000-aa158000 rwxp aa0db000 00:00 0 
aa158000-aa15b000 ---p aa158000 00:00 0 
aa15b000-aa1d8000 rwxp aa15b000 00:00 0 
aa1d8000-aa1db000 ---p aa1d8000 00:00 0 
aa1db000-aa258000 rwxp aa1db000 00:00 0 
aa258000-aa320000 r-xp 00000000 03:03 395062     /usr/lib/locale/locale-archive
aa320000-aa323000 ---p aa320000 00:00 0 
aa323000-aa3a0000 rwxp aa323000 00:00 0 
aa3a0000-aa3a3000 ---p aa3a0000 00:00 0 
aa3a3000-aa420000 rwxp aa3a3000 00:00 0 
aa420000-aa421000 ---p aa420000 00:00 0 
aa421000-aa4a5000 rwxp aa421000 00:00 0 
aa4a5000-aa4c1000 rwxp aa4a5000 00:00 0 
aa4c1000-aa4c2000 rwxp aa4c1000 00:00 0 
aa4c2000-aa4df000 rwxp aa4c2000 00:00 0 
aa4df000-aa4e0000 rwxp aa4df000 00:00 0 
aa4e0000-aa4e1000 rwxp aa4e0000 00:00 0 
aa4e1000-aa4e3000 rwxp aa4e1000 00:00 0 
aa4e3000-aa4ff000 rwxp aa4e3000 00:00 0 
aa4ff000-aa503000 rwxp aa4ff000 00:00 0 
aa503000-aa51f000 rwxp aa503000 00:00 0 
aa51f000-aa5c0000 rwxp aa51f000 00:00 0 
aa5c0000-aaa00000 rwxp aa5c0000 00:00 0 
aaa00000-aab60000 rwxp aaa00000 00:00 0 
aab60000-ae520000 rwxp aab60000 00:00 0 
ae520000-aed20000 rwxp ae520000 00:00 0 
aed20000-b2520000 rwxp aed20000 00:00 0 
b2529000-b252d000 r-xp 00000000 03:03 264117     /opt/jdk1.5.0_09/jre/lib/i386/libdt_socket.so
b252d000-b252e000 rwxp 00003000 03:03 264117     /opt/jdk1.5.0_09/jre/lib/i386/libdt_socket.so
b252e000-b2531000 rwxp b252e000 00:00 0 
b2531000-b25ae000 rwxp b2531000 00:00 0 
b25ae000-b263e000 rwxp b25ae000 00:00 0 
b263e000-b45ae000 rwxp b263e000 00:00 0 
b45ae000-b4e1e000 r-xs 00000000 03:03 264159     /opt/jdk1.5.0_09/jre/lib/charsets.jar
b4e1e000-b4e33000 r-xs 00000000 03:03 264123     /opt/jdk1.5.0_09/jre/lib/jce.jar
b4e33000-b4eb8000 r-xs 00000000 03:03 264156     /opt/jdk1.5.0_09/jre/lib/jsse.jar
b4eb8000-b4f21000 rwxp b4eb8000 00:00 0 
b4f21000-b7537000 r-xs 00000000 03:03 264058     /opt/jdk1.5.0_09/jre/lib/rt.jar
b7537000-b7546000 r-xp 00000000 03:03 264093     /opt/jdk1.5.0_09/jre/lib/i386/libzip.so
b7546000-b7548000 rwxp 0000e000 03:03 264093     /opt/jdk1.5.0_09/jre/lib/i386/libzip.so
b7548000-b7569000 r-xp 00000000 03:03 264091     /opt/jdk1.5.0_09/jre/lib/i386/libjava.so
b7569000-b756b000 rwxp 00020000 03:03 264091     /opt/jdk1.5.0_09/jre/lib/i386/libjava.so
b756b000-b7576000 r-xp 00000000 03:03 264090     /opt/jdk1.5.0_09/jre/lib/i386/libverify.so
b7576000-b7577000 rwxp 0000b000 03:03 264090     /opt/jdk1.5.0_09/jre/lib/i386/libverify.so
b7577000-b7580000 r-xp 00000000 03:03 1692967    /lib/tls/libnss_files-2.3.2.so
b7580000-b7581000 rwxp 00008000 03:03 1692967    /lib/tls/libnss_files-2.3.2.so
b7581000-b7589000 r-xp 00000000 03:03 1692969    /lib/tls/libnss_nis-2.3.2.so
b7589000-b758a000 rwxp 00007000 03:03 1692969    /lib/tls/libnss_nis-2.3.2.so
b758a000-b7591000 r-xp 00000000 03:03 1692965    /lib/tls/libnss_compat-2.3.2.so
b7591000-b7592000 rwxp 00006000 03:03 1692965    /lib/tls/libnss_compat-2.3.2.so
b7592000-b75c4000 r-xp 00000000 03:03 264116     /opt/jdk1.5.0_09/jre/lib/i386/libjdwp.so
b75c4000-b75c5000 rwxp 00032000 03:03 264116     /opt/jdk1.5.0_09/jre/lib/i386/libjdwp.so
b75c5000-b75c8000 rwxp b75c5000 00:00 0 
b75c8000-b75d9000 r-xp 00000000 03:03 1692964    /lib/tls/libnsl-2.3.2.so
b75d9000-b75da000 rwxp 00011000 03:03 1692964    /lib/tls/libnsl-2.3.2.so
b75da000-b75dc000 rwxp b75da000 00:00 0 
b75df000-b75e7000 rwxs 00000000 03:03 1543201    /tmp/hsperfdata_javi/7169
b75e7000-b7608000 r-xp 00000000 03:03 1692962    /lib/tls/libm-2.3.2.so
b7608000-b7609000 rwxp 00020000 03:03 1692962    /lib/tls/libm-2.3.2.so
b7609000-b7975000 r-xp 00000000 03:03 295494     /opt/jdk1.5.0_09/jre/lib/i386/client/libjvm.so
b7975000-b7994000 rwxp 0036b000 03:03 295494     /opt/jdk1.5.0_09/jre/lib/i386/client/libjvm.so
b7994000-b7dab000 rwxp b7994000 00:00 0 
b7dab000-b7ed5000 r-xp 00000000 03:03 1692959    /lib/tls/libc-2.3.2.so
b7ed5000-b7ede000 rwxp 00129000 03:03 1692959    /lib/tls/libc-2.3.2.so
b7ede000-b7ee0000 rwxp b7ede000 00:00 0 
b7ee0000-b7ee2000 r-xp 00000000 03:03 1692961    /lib/tls/libdl-2.3.2.so
b7ee2000-b7ee3000 rwxp 00002000 03:03 1692961    /lib/tls/libdl-2.3.2.so
b7ee3000-b7ee4000 rwxp b7ee3000 00:00 0 
b7ee4000-b7ef0000 r-xp 00000000 03:03 1692955    /lib/tls/libpthread-0.60.so
b7ef0000-b7ef1000 rwxp 0000c000 03:03 1692955    /lib/tls/libpthread-0.60.so
b7ef1000-b7ef3000 rwxp b7ef1000 00:00 0 
b7ef3000-b7ef4000 r-xp 00000000 03:03 1116378    /home/javi/cursojni/eclipse/cadenas2/Debug/libcadenas2.so
b7ef4000-b7ef5000 rwxp 00000000 03:03 1116378    /home/javi/cursojni/eclipse/cadenas2/Debug/libcadenas2.so
b7ef5000-b7efb000 r-xp 00000000 03:03 264082     /opt/jdk1.5.0_09/jre/lib/i386/native_threads/libhpi.so
b7efb000-b7efc000 rwxp 00006000 03:03 264082     /opt/jdk1.5.0_09/jre/lib/i386/native_threads/libhpi.so
b7efc000-b7efd000 rwxp b7efc000 00:00 0 
b7efd000-b7efe000 r-xp b7efd000 00:00 0 
b7efe000-b7eff000 rwxp b7efe000 00:00 0 
b7eff000-b7f15000 r-xp 00000000 03:03 1692920    /lib/ld-2.3.2.so
b7f15000-b7f16000 rwxp 00015000 03:03 1692920    /lib/ld-2.3.2.so
bf915000-bf918000 ---p bf915000 00:00 0 
bf918000-bfb15000 rwxp bf918000 00:00 0          [stack]
ffffe000-fffff000 ---p 00000000 00:00 0          [vdso]

VM Arguments:
jvm_args: -Xdebug -Xnoagent -Djava.compiler=none -Xrunjdwp:transport=dt_socket,address=localhost:43880 -Djava.library.path=/home/javi/cursojni/eclipse/cadenas2/Debug
java_command: cadenas2.Main
Launcher Type: SUN_STANDARD

Environment Variables:
PATH=/usr/local/bin:/usr/bin:/bin:/usr/bin/X11:/usr/games
USERNAME=javi
LD_LIBRARY_PATH=/opt/jdk1.5.0_09/jre/lib/i386/client:/opt/jdk1.5.0_09/jre/lib/i386:/opt/jdk1.5.0_09/jre/../lib/i386
SHELL=/bin/bash
DISPLAY=:0.0

Signal Handlers:
SIGSEGV: [libjvm.so+0x325bd0], sa_mask[0]=0x7ffbfeff, sa_flags=0x10000004
SIGBUS: [libjvm.so+0x325bd0], sa_mask[0]=0x7ffbfeff, sa_flags=0x10000004
SIGFPE: [libjvm.so+0x28a010], sa_mask[0]=0x7ffbfeff, sa_flags=0x10000004
SIGPIPE: [libjvm.so+0x28a010], sa_mask[0]=0x7ffbfeff, sa_flags=0x10000004
SIGILL: [libjvm.so+0x28a010], sa_mask[0]=0x7ffbfeff, sa_flags=0x10000004
SIGUSR1: SIG_DFL, sa_mask[0]=0x00000000, sa_flags=0x00000000
SIGUSR2: [libjvm.so+0x28c460], sa_mask[0]=0x00000004, sa_flags=0x10000004
SIGHUP: [libjvm.so+0x28be90], sa_mask[0]=0x7ffbfeff, sa_flags=0x10000004
SIGINT: [libjvm.so+0x28be90], sa_mask[0]=0x7ffbfeff, sa_flags=0x10000004
SIGQUIT: [libjvm.so+0x28be90], sa_mask[0]=0x7ffbfeff, sa_flags=0x10000004
SIGTERM: [libjvm.so+0x28be90], sa_mask[0]=0x7ffbfeff, sa_flags=0x10000004


---------------  S Y S T E M  ---------------

OS:gnulinex2006 rc1

uname:Linux 2.6.16-2-586 #1 PREEMPT Fri May 5 13:19:05 CEST 2006 i686
libc:glibc 2.3.2 NPTL 0.60 
rlimit: STACK 8192k, CORE 0k, NPROC infinity, NOFILE 1024, AS infinity
load average:0.05 0.19 0.29

CPU:total 1 (cores per cpu 1, threads per core 1) family 6 model 13 stepping 8, cmov, cx8, fxsr, mmx, sse, sse2

Memory: 4k page, physical 1034932k(13812k free), swap 714852k(714788k free)

vm_info: Java HotSpot(TM) Client VM (1.5.0_09-b03) for linux-x86, built on Oct 12 2006 10:54:08 by java_re with gcc 3.2.1-7a (J2SE release)

