#
# An unexpected error has been detected by HotSpot Virtual Machine:
#
#  SIGSEGV (0xb) at pc=0xb784947f, pid=6926, tid=3085365376
#
# Java VM: Java HotSpot(TM) Client VM (1.5.0_09-b03 mixed mode)
# Problematic frame:
# V  [libjvm.so+0x17b47f]
#

---------------  T H R E A D  ---------------

Current thread (0x0805d030):  JavaThread "main" [_thread_in_vm, id=6926]

siginfo:si_signo=11, si_errno=0, si_code=1, si_addr=0x00000009

Registers:
EAX=0x00000009, EBX=0xb7a55aec, ECX=0x000bfdd7, EDX=0x00000001
ESP=0xbfdd73b4, EBP=0xbfdd73bc, ESI=0x00000008, EDI=0xb7a68920
EIP=0xb784947f, CR2=0x00000009, EFLAGS=0x00010282

Top of Stack: (sp=0xbfdd73b4)
0xbfdd73b4:   b7a55aec 0805d1b8 bfdd742c b786a05a
0xbfdd73c4:   00000001 0805d030 bfdd742c b7869fa7
0xbfdd73d4:   0805d0f0 00000001 00000000 00000000
0xbfdd73e4:   0805d1b8 0805e2e8 0805e2f0 0805e6dc
0xbfdd73f4:   0805d030 b784019a 0805e6f8 bfdd7414
0xbfdd7404:   0805d030 00000000 bfdd7498 b2684248
0xbfdd7414:   00000000 0805e6f8 0805d030 ae758f00
0xbfdd7424:   ae758f00 0805d030 bfdd745c b7fb8818 

Instructions: (pc=0xb784947f)
0xb784946f:   20 00 8b 55 08 8b 83 f0 0f 00 00 8b 30 8d 04 16
0xb784947f:   8b 30 8b 83 1c 0d 00 00 8b 08 8d 04 11 8b 08 8b 

Stack: [0xbfbda000,0xbfdda000),  sp=0xbfdd73b4,  free space=2036k
Native frames: (J=compiled Java code, j=interpreted, Vv=VM code, C=native code)
V  [libjvm.so+0x17b47f]
V  [libjvm.so+0x19c05a]
C  [libcadenas2.so+0x818]  Java_cadenas2_Main_ModificaCadena+0x94
j  cadenas2.Main.ModificaCadena()V+0
j  cadenas2.Main.main([Ljava/lang/String;)V+11
v  ~StubRoutines::call_stub
V  [libjvm.so+0x17a75c]
V  [libjvm.so+0x28afd8]
V  [libjvm.so+0x17a58f]
V  [libjvm.so+0x1a4e32]
V  [libjvm.so+0x196042]
C  [java+0x1873]
C  [libc.so.6+0x15974]  __libc_start_main+0xf4

Java frames: (J=compiled Java code, j=interpreted, Vv=VM code)
j  cadenas2.Main.ModificaCadena()V+0
j  cadenas2.Main.main([Ljava/lang/String;)V+11
v  ~StubRoutines::call_stub

---------------  P R O C E S S  ---------------

Java Threads: ( => current thread )
  0x080d3290 JavaThread "Low Memory Detector" daemon [_thread_blocked, id=6945]
  0x080d18a8 JavaThread "CompilerThread0" daemon [_thread_blocked, id=6944]
  0x080d0508 JavaThread "Signal Dispatcher" daemon [_thread_blocked, id=6943]
  0x080cef98 JavaThread "JDWP Command Reader" daemon [_thread_in_native, id=6937]
  0x080cdaa8 JavaThread "JDWP Event Helper Thread" daemon [_thread_blocked, id=6936]
  0x080cbf78 JavaThread "JDWP Transport Listener: dt_socket" daemon [_thread_blocked, id=6935]
  0x080bc310 JavaThread "Finalizer" daemon [_thread_blocked, id=6933]
  0x080bb6b8 JavaThread "Reference Handler" daemon [_thread_blocked, id=6932]
=>0x0805d030 JavaThread "main" [_thread_in_vm, id=6926]

Other Threads:
  0x080b8a00 VMThread [id=6931]
  0x080d4730 WatcherThread [id=6946]

VM state:not at safepoint (normal execution)

VM Mutex/Monitor currently owned by a thread: None

Heap
 def new generation   total 576K, used 191K [0xaa5f0000, 0xaa690000, 0xaaad0000)
  eden space 512K,  37% used [0xaa5f0000, 0xaa61ff50, 0xaa670000)
  from space 64K,   0% used [0xaa670000, 0xaa670000, 0xaa680000)
  to   space 64K,   0% used [0xaa680000, 0xaa680000, 0xaa690000)
 tenured generation   total 1408K, used 0K [0xaaad0000, 0xaac30000, 0xae5f0000)
   the space 1408K,   0% used [0xaaad0000, 0xaaad0000, 0xaaad0200, 0xaac30000)
 compacting perm gen  total 8192K, used 1445K [0xae5f0000, 0xaedf0000, 0xb25f0000)
   the space 8192K,  17% used [0xae5f0000, 0xae759770, 0xae759800, 0xaedf0000)
No shared spaces configured.

Dynamic libraries:
08048000-08057000 r-xp 00000000 03:03 264062     /opt/jdk1.5.0_09/jre/bin/java
08057000-08059000 rwxp 0000e000 03:03 264062     /opt/jdk1.5.0_09/jre/bin/java
08059000-081c6000 rwxp 08059000 00:00 0          [heap]
a9e8b000-a9eb6000 r-xs 00000000 03:03 295505     /opt/jdk1.5.0_09/jre/lib/ext/sunpkcs11.jar
a9eb6000-a9eb8000 r-xs 00000000 03:03 295506     /opt/jdk1.5.0_09/jre/lib/ext/dnsns.jar
a9eb8000-a9edf000 r-xs 00000000 03:03 295504     /opt/jdk1.5.0_09/jre/lib/ext/sunjce_provider.jar
a9edf000-a9fa3000 r-xs 00000000 03:03 296079     /opt/jdk1.5.0_09/jre/lib/ext/localedata.jar
a9fa3000-a9fa4000 ---p a9fa3000 00:00 0 
a9fa4000-aa023000 rwxp a9fa4000 00:00 0 
aa023000-aa026000 ---p aa023000 00:00 0 
aa026000-aa0a3000 rwxp aa026000 00:00 0 
aa0a3000-aa0a6000 ---p aa0a3000 00:00 0 
aa0a6000-aa123000 rwxp aa0a6000 00:00 0 
aa123000-aa126000 ---p aa123000 00:00 0 
aa126000-aa1a3000 rwxp aa126000 00:00 0 
aa1a3000-aa1a6000 ---p aa1a3000 00:00 0 
aa1a6000-aa223000 rwxp aa1a6000 00:00 0 
aa223000-aa226000 ---p aa223000 00:00 0 
aa226000-aa2a3000 rwxp aa226000 00:00 0 
aa2a3000-aa2a6000 ---p aa2a3000 00:00 0 
aa2a6000-aa323000 rwxp aa2a6000 00:00 0 
aa323000-aa327000 r-xp 00000000 03:03 264117     /opt/jdk1.5.0_09/jre/lib/i386/libdt_socket.so
aa327000-aa328000 rwxp 00003000 03:03 264117     /opt/jdk1.5.0_09/jre/lib/i386/libdt_socket.so
aa328000-aa3f0000 r-xp 00000000 03:03 395062     /usr/lib/locale/locale-archive
aa3f0000-aa3f3000 ---p aa3f0000 00:00 0 
aa3f3000-aa470000 rwxp aa3f3000 00:00 0 
aa470000-aa473000 ---p aa470000 00:00 0 
aa473000-aa4f0000 rwxp aa473000 00:00 0 
aa4f0000-aa4f1000 ---p aa4f0000 00:00 0 
aa4f1000-aa575000 rwxp aa4f1000 00:00 0 
aa575000-aa591000 rwxp aa575000 00:00 0 
aa591000-aa592000 rwxp aa591000 00:00 0 
aa592000-aa5af000 rwxp aa592000 00:00 0 
aa5af000-aa5b0000 rwxp aa5af000 00:00 0 
aa5b0000-aa5b1000 rwxp aa5b0000 00:00 0 
aa5b1000-aa5b3000 rwxp aa5b1000 00:00 0 
aa5b3000-aa5cf000 rwxp aa5b3000 00:00 0 
aa5cf000-aa5d3000 rwxp aa5cf000 00:00 0 
aa5d3000-aa5ef000 rwxp aa5d3000 00:00 0 
aa5ef000-aa690000 rwxp aa5ef000 00:00 0 
aa690000-aaad0000 rwxp aa690000 00:00 0 
aaad0000-aac30000 rwxp aaad0000 00:00 0 
aac30000-ae5f0000 rwxp aac30000 00:00 0 
ae5f0000-aedf0000 rwxp ae5f0000 00:00 0 
aedf0000-b25f0000 rwxp aedf0000 00:00 0 
b25f3000-b25f6000 rwxp b25f3000 00:00 0 
b25f6000-b2673000 rwxp b25f6000 00:00 0 
b2673000-b2703000 rwxp b2673000 00:00 0 
b2703000-b4673000 rwxp b2703000 00:00 0 
b4673000-b4ee3000 r-xs 00000000 03:03 264159     /opt/jdk1.5.0_09/jre/lib/charsets.jar
b4ee3000-b4ef8000 r-xs 00000000 03:03 264123     /opt/jdk1.5.0_09/jre/lib/jce.jar
b4ef8000-b4f7d000 r-xs 00000000 03:03 264156     /opt/jdk1.5.0_09/jre/lib/jsse.jar
b4f7d000-b4fe6000 rwxp b4f7d000 00:00 0 
b4fe6000-b75fc000 r-xs 00000000 03:03 264058     /opt/jdk1.5.0_09/jre/lib/rt.jar
b75fc000-b760b000 r-xp 00000000 03:03 264093     /opt/jdk1.5.0_09/jre/lib/i386/libzip.so
b760b000-b760d000 rwxp 0000e000 03:03 264093     /opt/jdk1.5.0_09/jre/lib/i386/libzip.so
b760d000-b762e000 r-xp 00000000 03:03 264091     /opt/jdk1.5.0_09/jre/lib/i386/libjava.so
b762e000-b7630000 rwxp 00020000 03:03 264091     /opt/jdk1.5.0_09/jre/lib/i386/libjava.so
b7630000-b763b000 r-xp 00000000 03:03 264090     /opt/jdk1.5.0_09/jre/lib/i386/libverify.so
b763b000-b763c000 rwxp 0000b000 03:03 264090     /opt/jdk1.5.0_09/jre/lib/i386/libverify.so
b763c000-b7645000 r-xp 00000000 03:03 1692967    /lib/tls/libnss_files-2.3.2.so
b7645000-b7646000 rwxp 00008000 03:03 1692967    /lib/tls/libnss_files-2.3.2.so
b7646000-b764e000 r-xp 00000000 03:03 1692969    /lib/tls/libnss_nis-2.3.2.so
b764e000-b764f000 rwxp 00007000 03:03 1692969    /lib/tls/libnss_nis-2.3.2.so
b764f000-b7656000 r-xp 00000000 03:03 1692965    /lib/tls/libnss_compat-2.3.2.so
b7656000-b7657000 rwxp 00006000 03:03 1692965    /lib/tls/libnss_compat-2.3.2.so
b7657000-b7689000 r-xp 00000000 03:03 264116     /opt/jdk1.5.0_09/jre/lib/i386/libjdwp.so
b7689000-b768a000 rwxp 00032000 03:03 264116     /opt/jdk1.5.0_09/jre/lib/i386/libjdwp.so
b768a000-b768d000 rwxp b768a000 00:00 0 
b768d000-b769e000 r-xp 00000000 03:03 1692964    /lib/tls/libnsl-2.3.2.so
b769e000-b769f000 rwxp 00011000 03:03 1692964    /lib/tls/libnsl-2.3.2.so
b769f000-b76a1000 rwxp b769f000 00:00 0 
b76a4000-b76ac000 rwxs 00000000 03:03 1543188    /tmp/hsperfdata_javi/6926
b76ac000-b76cd000 r-xp 00000000 03:03 1692962    /lib/tls/libm-2.3.2.so
b76cd000-b76ce000 rwxp 00020000 03:03 1692962    /lib/tls/libm-2.3.2.so
b76ce000-b7a3a000 r-xp 00000000 03:03 295494     /opt/jdk1.5.0_09/jre/lib/i386/client/libjvm.so
b7a3a000-b7a59000 rwxp 0036b000 03:03 295494     /opt/jdk1.5.0_09/jre/lib/i386/client/libjvm.so
b7a59000-b7e70000 rwxp b7a59000 00:00 0 
b7e70000-b7f9a000 r-xp 00000000 03:03 1692959    /lib/tls/libc-2.3.2.so
b7f9a000-b7fa3000 rwxp 00129000 03:03 1692959    /lib/tls/libc-2.3.2.so
b7fa3000-b7fa5000 rwxp b7fa3000 00:00 0 
b7fa5000-b7fa7000 r-xp 00000000 03:03 1692961    /lib/tls/libdl-2.3.2.so
b7fa7000-b7fa8000 rwxp 00002000 03:03 1692961    /lib/tls/libdl-2.3.2.so
b7fa8000-b7fa9000 rwxp b7fa8000 00:00 0 
b7fa9000-b7fb5000 r-xp 00000000 03:03 1692955    /lib/tls/libpthread-0.60.so
b7fb5000-b7fb6000 rwxp 0000c000 03:03 1692955    /lib/tls/libpthread-0.60.so
b7fb6000-b7fb8000 rwxp b7fb6000 00:00 0 
b7fb8000-b7fb9000 r-xp 00000000 03:03 1116378    /home/javi/cursojni/eclipse/cadenas2/Debug/libcadenas2.so
b7fb9000-b7fba000 rwxp 00000000 03:03 1116378    /home/javi/cursojni/eclipse/cadenas2/Debug/libcadenas2.so
b7fba000-b7fc0000 r-xp 00000000 03:03 264082     /opt/jdk1.5.0_09/jre/lib/i386/native_threads/libhpi.so
b7fc0000-b7fc1000 rwxp 00006000 03:03 264082     /opt/jdk1.5.0_09/jre/lib/i386/native_threads/libhpi.so
b7fc1000-b7fc2000 rwxp b7fc1000 00:00 0 
b7fc2000-b7fc3000 r-xp b7fc2000 00:00 0 
b7fc3000-b7fc4000 rwxp b7fc3000 00:00 0 
b7fc4000-b7fda000 r-xp 00000000 03:03 1692920    /lib/ld-2.3.2.so
b7fda000-b7fdb000 rwxp 00015000 03:03 1692920    /lib/ld-2.3.2.so
bfbda000-bfbdd000 ---p bfbda000 00:00 0 
bfbdd000-bfdda000 rwxp bfbdd000 00:00 0          [stack]
ffffe000-fffff000 ---p 00000000 00:00 0          [vdso]

VM Arguments:
jvm_args: -Xdebug -Xnoagent -Djava.compiler=none -Xrunjdwp:transport=dt_socket,address=localhost:47474 -Djava.library.path=/home/javi/cursojni/eclipse/cadenas2/Debug
java_command: cadenas2.Main
Launcher Type: SUN_STANDARD

Environment Variables:
PATH=/usr/local/bin:/usr/bin:/bin:/usr/bin/X11:/usr/games
USERNAME=javi
LD_LIBRARY_PATH=/opt/jdk1.5.0_09/jre/lib/i386/client:/opt/jdk1.5.0_09/jre/lib/i386:/opt/jdk1.5.0_09/jre/../lib/i386
SHELL=/bin/bash
DISPLAY=:0.0

Signal Handlers:
SIGSEGV: [libjvm.so+0x325bd0], sa_mask[0]=0x7ffbfeff, sa_flags=0x10000004
SIGBUS: [libjvm.so+0x325bd0], sa_mask[0]=0x7ffbfeff, sa_flags=0x10000004
SIGFPE: [libjvm.so+0x28a010], sa_mask[0]=0x7ffbfeff, sa_flags=0x10000004
SIGPIPE: [libjvm.so+0x28a010], sa_mask[0]=0x7ffbfeff, sa_flags=0x10000004
SIGILL: [libjvm.so+0x28a010], sa_mask[0]=0x7ffbfeff, sa_flags=0x10000004
SIGUSR1: SIG_DFL, sa_mask[0]=0x00000000, sa_flags=0x00000000
SIGUSR2: [libjvm.so+0x28c460], sa_mask[0]=0x00000004, sa_flags=0x10000004
SIGHUP: [libjvm.so+0x28be90], sa_mask[0]=0x7ffbfeff, sa_flags=0x10000004
SIGINT: [libjvm.so+0x28be90], sa_mask[0]=0x7ffbfeff, sa_flags=0x10000004
SIGQUIT: [libjvm.so+0x28be90], sa_mask[0]=0x7ffbfeff, sa_flags=0x10000004
SIGTERM: [libjvm.so+0x28be90], sa_mask[0]=0x7ffbfeff, sa_flags=0x10000004


---------------  S Y S T E M  ---------------

OS:gnulinex2006 rc1

uname:Linux 2.6.16-2-586 #1 PREEMPT Fri May 5 13:19:05 CEST 2006 i686
libc:glibc 2.3.2 NPTL 0.60 
rlimit: STACK 8192k, CORE 0k, NPROC infinity, NOFILE 1024, AS infinity
load average:0.33 0.29 0.35

CPU:total 1 (cores per cpu 1, threads per core 1) family 6 model 13 stepping 8, cmov, cx8, fxsr, mmx, sse, sse2

Memory: 4k page, physical 1034932k(21024k free), swap 714852k(714788k free)

vm_info: Java HotSpot(TM) Client VM (1.5.0_09-b03) for linux-x86, built on Oct 12 2006 10:54:08 by java_re with gcc 3.2.1-7a (J2SE release)

