#
# An unexpected error has been detected by HotSpot Virtual Machine:
#
#  SIGSEGV (0xb) at pc=0xb77d247f, pid=7712, tid=3084877952
#
# Java VM: Java HotSpot(TM) Client VM (1.5.0_09-b03 mixed mode)
# Problematic frame:
# V  [libjvm.so+0x17b47f]
#

---------------  T H R E A D  ---------------

Current thread (0x0805d030):  JavaThread "main" [_thread_in_vm, id=7712]

siginfo:si_signo=11, si_errno=0, si_code=1, si_addr=0x00000009

Registers:
EAX=0x00000009, EBX=0xb79deaec, ECX=0x000bf95d, EDX=0x00000001
ESP=0xbf95df24, EBP=0xbf95df2c, ESI=0x00000008, EDI=0xb79f1920
EIP=0xb77d247f, CR2=0x00000009, EFLAGS=0x00010282

Top of Stack: (sp=0xbf95df24)
0xbf95df24:   b79deaec 0805d1b8 bf95df9c b77f305a
0xbf95df34:   00000001 0805d030 bf95df9c b77f2fa7
0xbf95df44:   0805d0f0 00000001 00000000 00000000
0xbf95df54:   0805d1b8 0805e2e8 0805e2f0 0805e6dc
0xbf95df64:   0805d030 00000007 bf95df74 b7f38a60
0xbf95df74:   0805d030 b78cd843 0805be80 0805d030
0xbf95df84:   0805e71c b79deaec 0805be40 ae6d8ef0
0xbf95df94:   ae6d8ef0 0805d030 bf95e0dc b7f4182a 

Instructions: (pc=0xb77d247f)
0xb77d246f:   20 00 8b 55 08 8b 83 f0 0f 00 00 8b 30 8d 04 16
0xb77d247f:   8b 30 8b 83 1c 0d 00 00 8b 08 8d 04 11 8b 08 8b 

Stack: [0xbf763000,0xbf963000),  sp=0xbf95df24,  free space=2027k
Native frames: (J=compiled Java code, j=interpreted, Vv=VM code, C=native code)
V  [libjvm.so+0x17b47f]
V  [libjvm.so+0x19c05a]
C  [libcadenas2.so+0x82a]  Java_cadenas2_Main_ModificaCadena+0x96
j  cadenas2.Main.ModificaCadena()V+0
j  cadenas2.Main.main([Ljava/lang/String;)V+11
v  ~StubRoutines::call_stub
V  [libjvm.so+0x17a75c]
V  [libjvm.so+0x28afd8]
V  [libjvm.so+0x17a58f]
V  [libjvm.so+0x1a4e32]
V  [libjvm.so+0x196042]
C  [java+0x1873]
C  [libc.so.6+0x15974]  __libc_start_main+0xf4

Java frames: (J=compiled Java code, j=interpreted, Vv=VM code)
j  cadenas2.Main.ModificaCadena()V+0
j  cadenas2.Main.main([Ljava/lang/String;)V+11
v  ~StubRoutines::call_stub

---------------  P R O C E S S  ---------------

Java Threads: ( => current thread )
  0x080d32d8 JavaThread "Low Memory Detector" daemon [_thread_blocked, id=7728]
  0x080d1c10 JavaThread "CompilerThread0" daemon [_thread_in_vm, id=7727]
  0x080d0a90 JavaThread "Signal Dispatcher" daemon [_thread_blocked, id=7726]
  0x080cef88 JavaThread "JDWP Command Reader" daemon [_thread_in_native, id=7724]
  0x080cda98 JavaThread "JDWP Event Helper Thread" daemon [_thread_blocked, id=7723]
  0x080cbf68 JavaThread "JDWP Transport Listener: dt_socket" daemon [_thread_blocked, id=7722]
  0x080bc2e8 JavaThread "Finalizer" daemon [_thread_blocked, id=7718]
  0x080bb680 JavaThread "Reference Handler" daemon [_thread_blocked, id=7717]
=>0x0805d030 JavaThread "main" [_thread_in_vm, id=7712]

Other Threads:
  0x080b8a00 VMThread [id=7716]
  0x080d4758 WatcherThread [id=7729]

VM state:not at safepoint (normal execution)

VM Mutex/Monitor currently owned by a thread: None

Heap
 def new generation   total 576K, used 191K [0xaa570000, 0xaa610000, 0xaaa50000)
  eden space 512K,  37% used [0xaa570000, 0xaa59ff60, 0xaa5f0000)
  from space 64K,   0% used [0xaa5f0000, 0xaa5f0000, 0xaa600000)
  to   space 64K,   0% used [0xaa600000, 0xaa600000, 0xaa610000)
 tenured generation   total 1408K, used 0K [0xaaa50000, 0xaabb0000, 0xae570000)
   the space 1408K,   0% used [0xaaa50000, 0xaaa50000, 0xaaa50200, 0xaabb0000)
 compacting perm gen  total 8192K, used 1445K [0xae570000, 0xaed70000, 0xb2570000)
   the space 8192K,  17% used [0xae570000, 0xae6d9758, 0xae6d9800, 0xaed70000)
No shared spaces configured.

Dynamic libraries:
08048000-08057000 r-xp 00000000 03:03 264062     /opt/jdk1.5.0_09/jre/bin/java
08057000-08059000 rwxp 0000e000 03:03 264062     /opt/jdk1.5.0_09/jre/bin/java
08059000-081c6000 rwxp 08059000 00:00 0          [heap]
a9d00000-a9d21000 rwxp a9d00000 00:00 0 
a9d21000-a9e00000 ---p a9d21000 00:00 0 
a9e10000-a9e3b000 r-xs 00000000 03:03 295505     /opt/jdk1.5.0_09/jre/lib/ext/sunpkcs11.jar
a9e3b000-a9e3d000 r-xs 00000000 03:03 295506     /opt/jdk1.5.0_09/jre/lib/ext/dnsns.jar
a9e3d000-a9e64000 r-xs 00000000 03:03 295504     /opt/jdk1.5.0_09/jre/lib/ext/sunjce_provider.jar
a9e64000-a9f28000 r-xs 00000000 03:03 296079     /opt/jdk1.5.0_09/jre/lib/ext/localedata.jar
a9f28000-a9f29000 ---p a9f28000 00:00 0 
a9f29000-a9fa8000 rwxp a9f29000 00:00 0 
a9fa8000-a9fab000 ---p a9fa8000 00:00 0 
a9fab000-aa028000 rwxp a9fab000 00:00 0 
aa028000-aa02b000 ---p aa028000 00:00 0 
aa02b000-aa0a8000 rwxp aa02b000 00:00 0 
aa0a8000-aa0ab000 ---p aa0a8000 00:00 0 
aa0ab000-aa128000 rwxp aa0ab000 00:00 0 
aa128000-aa12b000 ---p aa128000 00:00 0 
aa12b000-aa1a8000 rwxp aa12b000 00:00 0 
aa1a8000-aa1ab000 ---p aa1a8000 00:00 0 
aa1ab000-aa228000 rwxp aa1ab000 00:00 0 
aa228000-aa22b000 ---p aa228000 00:00 0 
aa22b000-aa2a8000 rwxp aa22b000 00:00 0 
aa2a8000-aa370000 r-xp 00000000 03:03 395062     /usr/lib/locale/locale-archive
aa370000-aa373000 ---p aa370000 00:00 0 
aa373000-aa3f0000 rwxp aa373000 00:00 0 
aa3f0000-aa3f3000 ---p aa3f0000 00:00 0 
aa3f3000-aa470000 rwxp aa3f3000 00:00 0 
aa470000-aa471000 ---p aa470000 00:00 0 
aa471000-aa4f5000 rwxp aa471000 00:00 0 
aa4f5000-aa511000 rwxp aa4f5000 00:00 0 
aa511000-aa512000 rwxp aa511000 00:00 0 
aa512000-aa52f000 rwxp aa512000 00:00 0 
aa52f000-aa530000 rwxp aa52f000 00:00 0 
aa530000-aa531000 rwxp aa530000 00:00 0 
aa531000-aa533000 rwxp aa531000 00:00 0 
aa533000-aa54f000 rwxp aa533000 00:00 0 
aa54f000-aa553000 rwxp aa54f000 00:00 0 
aa553000-aa56f000 rwxp aa553000 00:00 0 
aa56f000-aa610000 rwxp aa56f000 00:00 0 
aa610000-aaa50000 rwxp aa610000 00:00 0 
aaa50000-aabb0000 rwxp aaa50000 00:00 0 
aabb0000-ae570000 rwxp aabb0000 00:00 0 
ae570000-aed70000 rwxp ae570000 00:00 0 
aed70000-b2570000 rwxp aed70000 00:00 0 
b2577000-b257b000 r-xp 00000000 03:03 264117     /opt/jdk1.5.0_09/jre/lib/i386/libdt_socket.so
b257b000-b257c000 rwxp 00003000 03:03 264117     /opt/jdk1.5.0_09/jre/lib/i386/libdt_socket.so
b257c000-b257f000 rwxp b257c000 00:00 0 
b257f000-b25fc000 rwxp b257f000 00:00 0 
b25fc000-b268c000 rwxp b25fc000 00:00 0 
b268c000-b45fc000 rwxp b268c000 00:00 0 
b45fc000-b4e6c000 r-xs 00000000 03:03 264159     /opt/jdk1.5.0_09/jre/lib/charsets.jar
b4e6c000-b4e81000 r-xs 00000000 03:03 264123     /opt/jdk1.5.0_09/jre/lib/jce.jar
b4e81000-b4f06000 r-xs 00000000 03:03 264156     /opt/jdk1.5.0_09/jre/lib/jsse.jar
b4f06000-b4f6f000 rwxp b4f06000 00:00 0 
b4f6f000-b7585000 r-xs 00000000 03:03 264058     /opt/jdk1.5.0_09/jre/lib/rt.jar
b7585000-b7594000 r-xp 00000000 03:03 264093     /opt/jdk1.5.0_09/jre/lib/i386/libzip.so
b7594000-b7596000 rwxp 0000e000 03:03 264093     /opt/jdk1.5.0_09/jre/lib/i386/libzip.so
b7596000-b75b7000 r-xp 00000000 03:03 264091     /opt/jdk1.5.0_09/jre/lib/i386/libjava.so
b75b7000-b75b9000 rwxp 00020000 03:03 264091     /opt/jdk1.5.0_09/jre/lib/i386/libjava.so
b75b9000-b75c4000 r-xp 00000000 03:03 264090     /opt/jdk1.5.0_09/jre/lib/i386/libverify.so
b75c4000-b75c5000 rwxp 0000b000 03:03 264090     /opt/jdk1.5.0_09/jre/lib/i386/libverify.so
b75c5000-b75ce000 r-xp 00000000 03:03 1692967    /lib/tls/libnss_files-2.3.2.so
b75ce000-b75cf000 rwxp 00008000 03:03 1692967    /lib/tls/libnss_files-2.3.2.so
b75cf000-b75d7000 r-xp 00000000 03:03 1692969    /lib/tls/libnss_nis-2.3.2.so
b75d7000-b75d8000 rwxp 00007000 03:03 1692969    /lib/tls/libnss_nis-2.3.2.so
b75d8000-b75df000 r-xp 00000000 03:03 1692965    /lib/tls/libnss_compat-2.3.2.so
b75df000-b75e0000 rwxp 00006000 03:03 1692965    /lib/tls/libnss_compat-2.3.2.so
b75e0000-b7612000 r-xp 00000000 03:03 264116     /opt/jdk1.5.0_09/jre/lib/i386/libjdwp.so
b7612000-b7613000 rwxp 00032000 03:03 264116     /opt/jdk1.5.0_09/jre/lib/i386/libjdwp.so
b7613000-b7616000 rwxp b7613000 00:00 0 
b7616000-b7627000 r-xp 00000000 03:03 1692964    /lib/tls/libnsl-2.3.2.so
b7627000-b7628000 rwxp 00011000 03:03 1692964    /lib/tls/libnsl-2.3.2.so
b7628000-b762a000 rwxp b7628000 00:00 0 
b762d000-b7635000 rwxs 00000000 03:03 1543188    /tmp/hsperfdata_javi/7712
b7635000-b7656000 r-xp 00000000 03:03 1692962    /lib/tls/libm-2.3.2.so
b7656000-b7657000 rwxp 00020000 03:03 1692962    /lib/tls/libm-2.3.2.so
b7657000-b79c3000 r-xp 00000000 03:03 295494     /opt/jdk1.5.0_09/jre/lib/i386/client/libjvm.so
b79c3000-b79e2000 rwxp 0036b000 03:03 295494     /opt/jdk1.5.0_09/jre/lib/i386/client/libjvm.so
b79e2000-b7df9000 rwxp b79e2000 00:00 0 
b7df9000-b7f23000 r-xp 00000000 03:03 1692959    /lib/tls/libc-2.3.2.so
b7f23000-b7f2c000 rwxp 00129000 03:03 1692959    /lib/tls/libc-2.3.2.so
b7f2c000-b7f2e000 rwxp b7f2c000 00:00 0 
b7f2e000-b7f30000 r-xp 00000000 03:03 1692961    /lib/tls/libdl-2.3.2.so
b7f30000-b7f31000 rwxp 00002000 03:03 1692961    /lib/tls/libdl-2.3.2.so
b7f31000-b7f32000 rwxp b7f31000 00:00 0 
b7f32000-b7f3e000 r-xp 00000000 03:03 1692955    /lib/tls/libpthread-0.60.so
b7f3e000-b7f3f000 rwxp 0000c000 03:03 1692955    /lib/tls/libpthread-0.60.so
b7f3f000-b7f41000 rwxp b7f3f000 00:00 0 
b7f41000-b7f42000 r-xp 00000000 03:03 1116378    /home/javi/cursojni/eclipse/cadenas2/Debug/libcadenas2.so
b7f42000-b7f43000 rwxp 00000000 03:03 1116378    /home/javi/cursojni/eclipse/cadenas2/Debug/libcadenas2.so
b7f43000-b7f49000 r-xp 00000000 03:03 264082     /opt/jdk1.5.0_09/jre/lib/i386/native_threads/libhpi.so
b7f49000-b7f4a000 rwxp 00006000 03:03 264082     /opt/jdk1.5.0_09/jre/lib/i386/native_threads/libhpi.so
b7f4a000-b7f4b000 rwxp b7f4a000 00:00 0 
b7f4b000-b7f4c000 r-xp b7f4b000 00:00 0 
b7f4c000-b7f4d000 rwxp b7f4c000 00:00 0 
b7f4d000-b7f63000 r-xp 00000000 03:03 1692920    /lib/ld-2.3.2.so
b7f63000-b7f64000 rwxp 00015000 03:03 1692920    /lib/ld-2.3.2.so
bf763000-bf766000 ---p bf763000 00:00 0 
bf766000-bf963000 rwxp bf766000 00:00 0          [stack]
ffffe000-fffff000 ---p 00000000 00:00 0          [vdso]

VM Arguments:
jvm_args: -Xdebug -Xnoagent -Djava.compiler=none -Xrunjdwp:transport=dt_socket,address=localhost:39386 -Djava.library.path=/home/javi/cursojni/eclipse/cadenas2/Debug
java_command: cadenas2.Main
Launcher Type: SUN_STANDARD

Environment Variables:
PATH=/usr/local/bin:/usr/bin:/bin:/usr/bin/X11:/usr/games
USERNAME=javi
LD_LIBRARY_PATH=/opt/jdk1.5.0_09/jre/lib/i386/client:/opt/jdk1.5.0_09/jre/lib/i386:/opt/jdk1.5.0_09/jre/../lib/i386
SHELL=/bin/bash
DISPLAY=:0.0

Signal Handlers:
SIGSEGV: [libjvm.so+0x325bd0], sa_mask[0]=0x7ffbfeff, sa_flags=0x10000004
SIGBUS: [libjvm.so+0x325bd0], sa_mask[0]=0x7ffbfeff, sa_flags=0x10000004
SIGFPE: [libjvm.so+0x28a010], sa_mask[0]=0x7ffbfeff, sa_flags=0x10000004
SIGPIPE: [libjvm.so+0x28a010], sa_mask[0]=0x7ffbfeff, sa_flags=0x10000004
SIGILL: [libjvm.so+0x28a010], sa_mask[0]=0x7ffbfeff, sa_flags=0x10000004
SIGUSR1: SIG_DFL, sa_mask[0]=0x00000000, sa_flags=0x00000000
SIGUSR2: [libjvm.so+0x28c460], sa_mask[0]=0x00000004, sa_flags=0x10000004
SIGHUP: [libjvm.so+0x28be90], sa_mask[0]=0x7ffbfeff, sa_flags=0x10000004
SIGINT: [libjvm.so+0x28be90], sa_mask[0]=0x7ffbfeff, sa_flags=0x10000004
SIGQUIT: [libjvm.so+0x28be90], sa_mask[0]=0x7ffbfeff, sa_flags=0x10000004
SIGTERM: [libjvm.so+0x28be90], sa_mask[0]=0x7ffbfeff, sa_flags=0x10000004


---------------  S Y S T E M  ---------------

OS:gnulinex2006 rc1

uname:Linux 2.6.16-2-586 #1 PREEMPT Fri May 5 13:19:05 CEST 2006 i686
libc:glibc 2.3.2 NPTL 0.60 
rlimit: STACK 8192k, CORE 0k, NPROC infinity, NOFILE 1024, AS infinity
load average:0.10 0.22 0.28

CPU:total 1 (cores per cpu 1, threads per core 1) family 6 model 13 stepping 8, cmov, cx8, fxsr, mmx, sse, sse2

Memory: 4k page, physical 1034932k(13836k free), swap 714852k(714788k free)

vm_info: Java HotSpot(TM) Client VM (1.5.0_09-b03) for linux-x86, built on Oct 12 2006 10:54:08 by java_re with gcc 3.2.1-7a (J2SE release)

