#
# An unexpected error has been detected by HotSpot Virtual Machine:
#
#  SIGSEGV (0xb) at pc=0xb78293c6, pid=30268, tid=3085062272
#
# Java VM: Java HotSpot(TM) Client VM (1.5.0_09-b03 mixed mode)
# Problematic frame:
# V  [libjvm.so+0x1a53c6]
#

---------------  T H R E A D  ---------------

Current thread (0x0805d060):  JavaThread "main" [_thread_in_vm, id=30268]

siginfo:si_signo=11, si_errno=0, si_code=1, si_addr=0x00000000

Registers:
EAX=0x00000000, EBX=0xb7a0baec, ECX=0x0805e748, EDX=0x0805d018
ESP=0xbff8d138, EBP=0xbff8d16c, ESI=0x0805e744, EDI=0x0805d060
EIP=0xb78293c6, CR2=0x00000000, EFLAGS=0x00010292

Top of Stack: (sp=0xbff8d138)
0xbff8d138:   00000004 bff8d1dc b78060e1 0805d120
0xbff8d148:   0805e750 00000001 0805e744 00000000
0xbff8d158:   0805e744 0805e740 b7a0baec 0805d060
0xbff8d168:   0805d120 bff8d1dc b780a0ea 0805d120
0xbff8d178:   00000000 b7f6e7f6 b7f6e7f0 00000000
0xbff8d188:   0805d060 00000000 00000000 bff8d1f4
0xbff8d198:   b77f619a 0805e740 bff8d1b4 0805d060
0xbff8d1a8:   00000000 bff8d238 b263a248 0805d060 

Instructions: (pc=0xb78293c6)
0xb78293b6:   c0 8d 65 f4 5b 5e 5f 5d c3 90 8b 45 0c 83 ec 0c
0xb78293c6:   8b 08 51 e8 92 65 fd ff 83 c4 10 85 c0 74 1b 83 

Stack: [0xbfd90000,0xbff90000),  sp=0xbff8d138,  free space=2036k
Native frames: (J=compiled Java code, j=interpreted, Vv=VM code, C=native code)
V  [libjvm.so+0x1a53c6]
V  [libjvm.so+0x1860ea]
C  [libMetodosInstancia.so+0x77f]  Java_metodosinstancia_Main_sumaC+0x4b
j  metodosinstancia.Main.sumaC()V+0
j  metodosinstancia.Main.main([Ljava/lang/String;)V+37
v  ~StubRoutines::call_stub
V  [libjvm.so+0x17a75c]
V  [libjvm.so+0x28afd8]
V  [libjvm.so+0x17a58f]
V  [libjvm.so+0x1a4e32]
V  [libjvm.so+0x196042]
C  [java+0x1873]
C  [libc.so.6+0x15974]  __libc_start_main+0xf4

Java frames: (J=compiled Java code, j=interpreted, Vv=VM code)
j  metodosinstancia.Main.sumaC()V+0
j  metodosinstancia.Main.main([Ljava/lang/String;)V+37
v  ~StubRoutines::call_stub

---------------  P R O C E S S  ---------------

Java Threads: ( => current thread )
  0x080d3320 JavaThread "Low Memory Detector" daemon [_thread_blocked, id=30283]
  0x080d1938 JavaThread "CompilerThread0" daemon [_thread_blocked, id=30282]
  0x080d0420 JavaThread "Signal Dispatcher" daemon [_thread_blocked, id=30281]
  0x080cef98 JavaThread "JDWP Command Reader" daemon [_thread_in_native, id=30279]
  0x080cdb00 JavaThread "JDWP Event Helper Thread" daemon [_thread_blocked, id=30278]
  0x080cbfd0 JavaThread "JDWP Transport Listener: dt_socket" daemon [_thread_blocked, id=30277]
  0x080bc330 JavaThread "Finalizer" daemon [_thread_blocked, id=30274]
  0x080bb700 JavaThread "Reference Handler" daemon [_thread_blocked, id=30273]
=>0x0805d060 JavaThread "main" [_thread_in_vm, id=30268]

Other Threads:
  0x080b8a48 VMThread [id=30272]
  0x080d47c0 WatcherThread [id=30284]

VM state:not at safepoint (normal execution)

VM Mutex/Monitor currently owned by a thread: None

Heap
 def new generation   total 576K, used 202K [0xaa5a0000, 0xaa640000, 0xaaa80000)
  eden space 512K,  39% used [0xaa5a0000, 0xaa5d2918, 0xaa620000)
  from space 64K,   0% used [0xaa620000, 0xaa620000, 0xaa630000)
  to   space 64K,   0% used [0xaa630000, 0xaa630000, 0xaa640000)
 tenured generation   total 1408K, used 0K [0xaaa80000, 0xaabe0000, 0xae5a0000)
   the space 1408K,   0% used [0xaaa80000, 0xaaa80000, 0xaaa80200, 0xaabe0000)
 compacting perm gen  total 8192K, used 1445K [0xae5a0000, 0xaeda0000, 0xb25a0000)
   the space 8192K,  17% used [0xae5a0000, 0xae7095c0, 0xae709600, 0xaeda0000)
No shared spaces configured.

Dynamic libraries:
08048000-08057000 r-xp 00000000 03:03 264062     /opt/jdk1.5.0_09/jre/bin/java
08057000-08059000 rwxp 0000e000 03:03 264062     /opt/jdk1.5.0_09/jre/bin/java
08059000-081c7000 rwxp 08059000 00:00 0          [heap]
a9e40000-a9e6b000 r-xs 00000000 03:03 295505     /opt/jdk1.5.0_09/jre/lib/ext/sunpkcs11.jar
a9e6b000-a9e6d000 r-xs 00000000 03:03 295506     /opt/jdk1.5.0_09/jre/lib/ext/dnsns.jar
a9e6d000-a9e94000 r-xs 00000000 03:03 295504     /opt/jdk1.5.0_09/jre/lib/ext/sunjce_provider.jar
a9e94000-a9f58000 r-xs 00000000 03:03 296079     /opt/jdk1.5.0_09/jre/lib/ext/localedata.jar
a9f58000-a9f59000 ---p a9f58000 00:00 0 
a9f59000-a9fd8000 rwxp a9f59000 00:00 0 
a9fd8000-a9fdb000 ---p a9fd8000 00:00 0 
a9fdb000-aa058000 rwxp a9fdb000 00:00 0 
aa058000-aa05b000 ---p aa058000 00:00 0 
aa05b000-aa0d8000 rwxp aa05b000 00:00 0 
aa0d8000-aa0db000 ---p aa0d8000 00:00 0 
aa0db000-aa158000 rwxp aa0db000 00:00 0 
aa158000-aa15b000 ---p aa158000 00:00 0 
aa15b000-aa1d8000 rwxp aa15b000 00:00 0 
aa1d8000-aa1db000 ---p aa1d8000 00:00 0 
aa1db000-aa258000 rwxp aa1db000 00:00 0 
aa258000-aa25b000 ---p aa258000 00:00 0 
aa25b000-aa2d8000 rwxp aa25b000 00:00 0 
aa2d8000-aa3a0000 r-xp 00000000 03:03 395062     /usr/lib/locale/locale-archive
aa3a0000-aa3a3000 ---p aa3a0000 00:00 0 
aa3a3000-aa420000 rwxp aa3a3000 00:00 0 
aa420000-aa423000 ---p aa420000 00:00 0 
aa423000-aa4a0000 rwxp aa423000 00:00 0 
aa4a0000-aa4a1000 ---p aa4a0000 00:00 0 
aa4a1000-aa525000 rwxp aa4a1000 00:00 0 
aa525000-aa541000 rwxp aa525000 00:00 0 
aa541000-aa542000 rwxp aa541000 00:00 0 
aa542000-aa55f000 rwxp aa542000 00:00 0 
aa55f000-aa560000 rwxp aa55f000 00:00 0 
aa560000-aa561000 rwxp aa560000 00:00 0 
aa561000-aa563000 rwxp aa561000 00:00 0 
aa563000-aa57f000 rwxp aa563000 00:00 0 
aa57f000-aa583000 rwxp aa57f000 00:00 0 
aa583000-aa59f000 rwxp aa583000 00:00 0 
aa59f000-aa640000 rwxp aa59f000 00:00 0 
aa640000-aaa80000 rwxp aa640000 00:00 0 
aaa80000-aabe0000 rwxp aaa80000 00:00 0 
aabe0000-ae5a0000 rwxp aabe0000 00:00 0 
ae5a0000-aeda0000 rwxp ae5a0000 00:00 0 
aeda0000-b25a0000 rwxp aeda0000 00:00 0 
b25a4000-b25a8000 r-xp 00000000 03:03 264117     /opt/jdk1.5.0_09/jre/lib/i386/libdt_socket.so
b25a8000-b25a9000 rwxp 00003000 03:03 264117     /opt/jdk1.5.0_09/jre/lib/i386/libdt_socket.so
b25a9000-b25ac000 rwxp b25a9000 00:00 0 
b25ac000-b2629000 rwxp b25ac000 00:00 0 
b2629000-b26b9000 rwxp b2629000 00:00 0 
b26b9000-b4629000 rwxp b26b9000 00:00 0 
b4629000-b4e99000 r-xs 00000000 03:03 264159     /opt/jdk1.5.0_09/jre/lib/charsets.jar
b4e99000-b4eae000 r-xs 00000000 03:03 264123     /opt/jdk1.5.0_09/jre/lib/jce.jar
b4eae000-b4f33000 r-xs 00000000 03:03 264156     /opt/jdk1.5.0_09/jre/lib/jsse.jar
b4f33000-b4f9c000 rwxp b4f33000 00:00 0 
b4f9c000-b75b2000 r-xs 00000000 03:03 264058     /opt/jdk1.5.0_09/jre/lib/rt.jar
b75b2000-b75c1000 r-xp 00000000 03:03 264093     /opt/jdk1.5.0_09/jre/lib/i386/libzip.so
b75c1000-b75c3000 rwxp 0000e000 03:03 264093     /opt/jdk1.5.0_09/jre/lib/i386/libzip.so
b75c3000-b75e4000 r-xp 00000000 03:03 264091     /opt/jdk1.5.0_09/jre/lib/i386/libjava.so
b75e4000-b75e6000 rwxp 00020000 03:03 264091     /opt/jdk1.5.0_09/jre/lib/i386/libjava.so
b75e6000-b75f1000 r-xp 00000000 03:03 264090     /opt/jdk1.5.0_09/jre/lib/i386/libverify.so
b75f1000-b75f2000 rwxp 0000b000 03:03 264090     /opt/jdk1.5.0_09/jre/lib/i386/libverify.so
b75f2000-b75fb000 r-xp 00000000 03:03 1692967    /lib/tls/libnss_files-2.3.2.so
b75fb000-b75fc000 rwxp 00008000 03:03 1692967    /lib/tls/libnss_files-2.3.2.so
b75fc000-b7604000 r-xp 00000000 03:03 1692969    /lib/tls/libnss_nis-2.3.2.so
b7604000-b7605000 rwxp 00007000 03:03 1692969    /lib/tls/libnss_nis-2.3.2.so
b7605000-b760c000 r-xp 00000000 03:03 1692965    /lib/tls/libnss_compat-2.3.2.so
b760c000-b760d000 rwxp 00006000 03:03 1692965    /lib/tls/libnss_compat-2.3.2.so
b760d000-b763f000 r-xp 00000000 03:03 264116     /opt/jdk1.5.0_09/jre/lib/i386/libjdwp.so
b763f000-b7640000 rwxp 00032000 03:03 264116     /opt/jdk1.5.0_09/jre/lib/i386/libjdwp.so
b7640000-b7643000 rwxp b7640000 00:00 0 
b7643000-b7654000 r-xp 00000000 03:03 1692964    /lib/tls/libnsl-2.3.2.so
b7654000-b7655000 rwxp 00011000 03:03 1692964    /lib/tls/libnsl-2.3.2.so
b7655000-b7657000 rwxp b7655000 00:00 0 
b765a000-b7662000 rwxs 00000000 03:03 1543254    /tmp/hsperfdata_javi/30268
b7662000-b7683000 r-xp 00000000 03:03 1692962    /lib/tls/libm-2.3.2.so
b7683000-b7684000 rwxp 00020000 03:03 1692962    /lib/tls/libm-2.3.2.so
b7684000-b79f0000 r-xp 00000000 03:03 295494     /opt/jdk1.5.0_09/jre/lib/i386/client/libjvm.so
b79f0000-b7a0f000 rwxp 0036b000 03:03 295494     /opt/jdk1.5.0_09/jre/lib/i386/client/libjvm.so
b7a0f000-b7e26000 rwxp b7a0f000 00:00 0 
b7e26000-b7f50000 r-xp 00000000 03:03 1692959    /lib/tls/libc-2.3.2.so
b7f50000-b7f59000 rwxp 00129000 03:03 1692959    /lib/tls/libc-2.3.2.so
b7f59000-b7f5b000 rwxp b7f59000 00:00 0 
b7f5b000-b7f5d000 r-xp 00000000 03:03 1692961    /lib/tls/libdl-2.3.2.so
b7f5d000-b7f5e000 rwxp 00002000 03:03 1692961    /lib/tls/libdl-2.3.2.so
b7f5e000-b7f5f000 rwxp b7f5e000 00:00 0 
b7f5f000-b7f6b000 r-xp 00000000 03:03 1692955    /lib/tls/libpthread-0.60.so
b7f6b000-b7f6c000 rwxp 0000c000 03:03 1692955    /lib/tls/libpthread-0.60.so
b7f6c000-b7f6e000 rwxp b7f6c000 00:00 0 
b7f6e000-b7f6f000 r-xp 00000000 03:03 1116493    /home/javi/cursojni/eclipse/MetodosInstancia/Debug/libMetodosInstancia.so
b7f6f000-b7f70000 rwxp 00000000 03:03 1116493    /home/javi/cursojni/eclipse/MetodosInstancia/Debug/libMetodosInstancia.so
b7f70000-b7f76000 r-xp 00000000 03:03 264082     /opt/jdk1.5.0_09/jre/lib/i386/native_threads/libhpi.so
b7f76000-b7f77000 rwxp 00006000 03:03 264082     /opt/jdk1.5.0_09/jre/lib/i386/native_threads/libhpi.so
b7f77000-b7f78000 rwxp b7f77000 00:00 0 
b7f78000-b7f79000 r-xp b7f78000 00:00 0 
b7f79000-b7f7a000 rwxp b7f79000 00:00 0 
b7f7a000-b7f90000 r-xp 00000000 03:03 1692920    /lib/ld-2.3.2.so
b7f90000-b7f91000 rwxp 00015000 03:03 1692920    /lib/ld-2.3.2.so
bfd90000-bfd93000 ---p bfd90000 00:00 0 
bfd93000-bff90000 rwxp bfd93000 00:00 0          [stack]
ffffe000-fffff000 ---p 00000000 00:00 0          [vdso]

VM Arguments:
jvm_args: -Xdebug -Xnoagent -Djava.compiler=none -Xrunjdwp:transport=dt_socket,address=localhost:57541 -Djava.library.path=/home/javi/cursojni/eclipse/MetodosInstancia/Debug
java_command: metodosinstancia.Main
Launcher Type: SUN_STANDARD

Environment Variables:
PATH=/usr/local/bin:/usr/bin:/bin:/usr/bin/X11:/usr/games
USERNAME=javi
LD_LIBRARY_PATH=/opt/jdk1.5.0_09/jre/lib/i386/client:/opt/jdk1.5.0_09/jre/lib/i386:/opt/jdk1.5.0_09/jre/../lib/i386
SHELL=/bin/bash
DISPLAY=:0.0

Signal Handlers:
SIGSEGV: [libjvm.so+0x325bd0], sa_mask[0]=0x7ffbfeff, sa_flags=0x10000004
SIGBUS: [libjvm.so+0x325bd0], sa_mask[0]=0x7ffbfeff, sa_flags=0x10000004
SIGFPE: [libjvm.so+0x28a010], sa_mask[0]=0x7ffbfeff, sa_flags=0x10000004
SIGPIPE: [libjvm.so+0x28a010], sa_mask[0]=0x7ffbfeff, sa_flags=0x10000004
SIGILL: [libjvm.so+0x28a010], sa_mask[0]=0x7ffbfeff, sa_flags=0x10000004
SIGUSR1: SIG_DFL, sa_mask[0]=0x00000000, sa_flags=0x00000000
SIGUSR2: [libjvm.so+0x28c460], sa_mask[0]=0x00000004, sa_flags=0x10000004
SIGHUP: [libjvm.so+0x28be90], sa_mask[0]=0x7ffbfeff, sa_flags=0x10000004
SIGINT: [libjvm.so+0x28be90], sa_mask[0]=0x7ffbfeff, sa_flags=0x10000004
SIGQUIT: [libjvm.so+0x28be90], sa_mask[0]=0x7ffbfeff, sa_flags=0x10000004
SIGTERM: [libjvm.so+0x28be90], sa_mask[0]=0x7ffbfeff, sa_flags=0x10000004


---------------  S Y S T E M  ---------------

OS:gnulinex2006 rc1

uname:Linux 2.6.16-2-586 #1 PREEMPT Fri May 5 13:19:05 CEST 2006 i686
libc:glibc 2.3.2 NPTL 0.60 
rlimit: STACK 8192k, CORE 0k, NPROC infinity, NOFILE 1024, AS infinity
load average:0.12 0.19 0.12

CPU:total 1 (cores per cpu 1, threads per core 1) family 6 model 13 stepping 8, cmov, cx8, fxsr, mmx, sse, sse2

Memory: 4k page, physical 1034932k(20964k free), swap 714852k(714788k free)

vm_info: Java HotSpot(TM) Client VM (1.5.0_09-b03) for linux-x86, built on Oct 12 2006 10:54:08 by java_re with gcc 3.2.1-7a (J2SE release)

