#
# An unexpected error has been detected by HotSpot Virtual Machine:
#
#  SIGSEGV (0xb) at pc=0xb77b03c6, pid=30162, tid=3084566656
#
# Java VM: Java HotSpot(TM) Client VM (1.5.0_09-b03 mixed mode)
# Problematic frame:
# V  [libjvm.so+0x1a53c6]
#

---------------  T H R E A D  ---------------

Current thread (0x0805d060):  JavaThread "main" [_thread_in_vm, id=30162]

siginfo:si_signo=11, si_errno=0, si_code=1, si_addr=0x00000000

Registers:
EAX=0x00000000, EBX=0xb7992aec, ECX=0x0805e748, EDX=0x0805d018
ESP=0xbfd12bc8, EBP=0xbfd12bfc, ESI=0x0805e744, EDI=0x0805d060
EIP=0xb77b03c6, CR2=0x00000000, EFLAGS=0x00010292

Top of Stack: (sp=0xbfd12bc8)
0xbfd12bc8:   00000004 bfd12c6c b778d0e1 0805d120
0xbfd12bd8:   0805e750 00000001 0805e744 00000000
0xbfd12be8:   0805e744 0805e740 b7992aec 0805d060
0xbfd12bf8:   0805d120 bfd12c6c b77910ea 0805d120
0xbfd12c08:   00000000 b7ef5826 b7ef5820 00000000
0xbfd12c18:   0805d060 00000000 00000000 bfd12c40
0xbfd12c28:   b7992aec 0805e740 ae699090 0805d060
0xbfd12c38:   b777d19a 0805e740 bfd12c54 0805d060 

Instructions: (pc=0xb77b03c6)
0xb77b03b6:   c0 8d 65 f4 5b 5e 5f 5d c3 90 8b 45 0c 83 ec 0c
0xb77b03c6:   8b 08 51 e8 92 65 fd ff 83 c4 10 85 c0 74 1b 83 

Stack: [0xbfb17000,0xbfd17000),  sp=0xbfd12bc8,  free space=2030k
Native frames: (J=compiled Java code, j=interpreted, Vv=VM code, C=native code)
V  [libjvm.so+0x1a53c6]
V  [libjvm.so+0x1860ea]
C  [libMetodosInstancia.so+0x77f]  Java_metodosinstancia_Main_sumaC+0x4b
j  metodosinstancia.Main.sumaC()V+0
j  metodosinstancia.Main.main([Ljava/lang/String;)V+37
v  ~StubRoutines::call_stub
V  [libjvm.so+0x17a75c]
V  [libjvm.so+0x28afd8]
V  [libjvm.so+0x17a58f]
V  [libjvm.so+0x1a4e32]
V  [libjvm.so+0x196042]
C  [java+0x1873]
C  [libc.so.6+0x15974]  __libc_start_main+0xf4

Java frames: (J=compiled Java code, j=interpreted, Vv=VM code)
j  metodosinstancia.Main.sumaC()V+0
j  metodosinstancia.Main.main([Ljava/lang/String;)V+37
v  ~StubRoutines::call_stub

---------------  P R O C E S S  ---------------

Java Threads: ( => current thread )
  0x080d3340 JavaThread "Low Memory Detector" daemon [_thread_blocked, id=30186]
  0x080d1c78 JavaThread "CompilerThread0" daemon [_thread_blocked, id=30185]
  0x080d0af8 JavaThread "Signal Dispatcher" daemon [_thread_blocked, id=30184]
  0x080ceff0 JavaThread "JDWP Command Reader" daemon [_thread_in_native, id=30182]
  0x080cdb00 JavaThread "JDWP Event Helper Thread" daemon [_thread_blocked, id=30181]
  0x080cbfd0 JavaThread "JDWP Transport Listener: dt_socket" daemon [_thread_blocked, id=30180]
  0x080bc358 JavaThread "Finalizer" daemon [_thread_blocked, id=30177]
  0x080bb700 JavaThread "Reference Handler" daemon [_thread_blocked, id=30176]
=>0x0805d060 JavaThread "main" [_thread_in_vm, id=30162]

Other Threads:
  0x080b8a48 VMThread [id=30175]
  0x080d47c0 WatcherThread [id=30187]

VM state:not at safepoint (normal execution)

VM Mutex/Monitor currently owned by a thread: None

Heap
 def new generation   total 576K, used 202K [0xaa530000, 0xaa5d0000, 0xaaa10000)
  eden space 512K,  39% used [0xaa530000, 0xaa562918, 0xaa5b0000)
  from space 64K,   0% used [0xaa5b0000, 0xaa5b0000, 0xaa5c0000)
  to   space 64K,   0% used [0xaa5c0000, 0xaa5c0000, 0xaa5d0000)
 tenured generation   total 1408K, used 0K [0xaaa10000, 0xaab70000, 0xae530000)
   the space 1408K,   0% used [0xaaa10000, 0xaaa10000, 0xaaa10200, 0xaab70000)
 compacting perm gen  total 8192K, used 1445K [0xae530000, 0xaed30000, 0xb2530000)
   the space 8192K,  17% used [0xae530000, 0xae6995c0, 0xae699600, 0xaed30000)
No shared spaces configured.

Dynamic libraries:
08048000-08057000 r-xp 00000000 03:03 264062     /opt/jdk1.5.0_09/jre/bin/java
08057000-08059000 rwxp 0000e000 03:03 264062     /opt/jdk1.5.0_09/jre/bin/java
08059000-081c6000 rwxp 08059000 00:00 0          [heap]
a9c00000-a9c21000 rwxp a9c00000 00:00 0 
a9c21000-a9d00000 ---p a9c21000 00:00 0 
a9dcb000-a9df6000 r-xs 00000000 03:03 295505     /opt/jdk1.5.0_09/jre/lib/ext/sunpkcs11.jar
a9df6000-a9df8000 r-xs 00000000 03:03 295506     /opt/jdk1.5.0_09/jre/lib/ext/dnsns.jar
a9df8000-a9e1f000 r-xs 00000000 03:03 295504     /opt/jdk1.5.0_09/jre/lib/ext/sunjce_provider.jar
a9e1f000-a9ee3000 r-xs 00000000 03:03 296079     /opt/jdk1.5.0_09/jre/lib/ext/localedata.jar
a9ee3000-a9ee4000 ---p a9ee3000 00:00 0 
a9ee4000-a9f63000 rwxp a9ee4000 00:00 0 
a9f63000-a9f66000 ---p a9f63000 00:00 0 
a9f66000-a9fe3000 rwxp a9f66000 00:00 0 
a9fe3000-a9fe6000 ---p a9fe3000 00:00 0 
a9fe6000-aa063000 rwxp a9fe6000 00:00 0 
aa063000-aa066000 ---p aa063000 00:00 0 
aa066000-aa0e3000 rwxp aa066000 00:00 0 
aa0e3000-aa0e6000 ---p aa0e3000 00:00 0 
aa0e6000-aa163000 rwxp aa0e6000 00:00 0 
aa163000-aa166000 ---p aa163000 00:00 0 
aa166000-aa1e3000 rwxp aa166000 00:00 0 
aa1e3000-aa1e6000 ---p aa1e3000 00:00 0 
aa1e6000-aa263000 rwxp aa1e6000 00:00 0 
aa263000-aa267000 r-xp 00000000 03:03 264117     /opt/jdk1.5.0_09/jre/lib/i386/libdt_socket.so
aa267000-aa268000 rwxp 00003000 03:03 264117     /opt/jdk1.5.0_09/jre/lib/i386/libdt_socket.so
aa268000-aa330000 r-xp 00000000 03:03 395062     /usr/lib/locale/locale-archive
aa330000-aa333000 ---p aa330000 00:00 0 
aa333000-aa3b0000 rwxp aa333000 00:00 0 
aa3b0000-aa3b3000 ---p aa3b0000 00:00 0 
aa3b3000-aa430000 rwxp aa3b3000 00:00 0 
aa430000-aa431000 ---p aa430000 00:00 0 
aa431000-aa4b5000 rwxp aa431000 00:00 0 
aa4b5000-aa4d1000 rwxp aa4b5000 00:00 0 
aa4d1000-aa4d2000 rwxp aa4d1000 00:00 0 
aa4d2000-aa4ef000 rwxp aa4d2000 00:00 0 
aa4ef000-aa4f0000 rwxp aa4ef000 00:00 0 
aa4f0000-aa4f1000 rwxp aa4f0000 00:00 0 
aa4f1000-aa4f3000 rwxp aa4f1000 00:00 0 
aa4f3000-aa50f000 rwxp aa4f3000 00:00 0 
aa50f000-aa513000 rwxp aa50f000 00:00 0 
aa513000-aa52f000 rwxp aa513000 00:00 0 
aa52f000-aa5d0000 rwxp aa52f000 00:00 0 
aa5d0000-aaa10000 rwxp aa5d0000 00:00 0 
aaa10000-aab70000 rwxp aaa10000 00:00 0 
aab70000-ae530000 rwxp aab70000 00:00 0 
ae530000-aed30000 rwxp ae530000 00:00 0 
aed30000-b2530000 rwxp aed30000 00:00 0 
b2530000-b2533000 rwxp b2530000 00:00 0 
b2533000-b25b0000 rwxp b2533000 00:00 0 
b25b0000-b2640000 rwxp b25b0000 00:00 0 
b2640000-b45b0000 rwxp b2640000 00:00 0 
b45b0000-b4e20000 r-xs 00000000 03:03 264159     /opt/jdk1.5.0_09/jre/lib/charsets.jar
b4e20000-b4e35000 r-xs 00000000 03:03 264123     /opt/jdk1.5.0_09/jre/lib/jce.jar
b4e35000-b4eba000 r-xs 00000000 03:03 264156     /opt/jdk1.5.0_09/jre/lib/jsse.jar
b4eba000-b4f23000 rwxp b4eba000 00:00 0 
b4f23000-b7539000 r-xs 00000000 03:03 264058     /opt/jdk1.5.0_09/jre/lib/rt.jar
b7539000-b7548000 r-xp 00000000 03:03 264093     /opt/jdk1.5.0_09/jre/lib/i386/libzip.so
b7548000-b754a000 rwxp 0000e000 03:03 264093     /opt/jdk1.5.0_09/jre/lib/i386/libzip.so
b754a000-b756b000 r-xp 00000000 03:03 264091     /opt/jdk1.5.0_09/jre/lib/i386/libjava.so
b756b000-b756d000 rwxp 00020000 03:03 264091     /opt/jdk1.5.0_09/jre/lib/i386/libjava.so
b756d000-b7578000 r-xp 00000000 03:03 264090     /opt/jdk1.5.0_09/jre/lib/i386/libverify.so
b7578000-b7579000 rwxp 0000b000 03:03 264090     /opt/jdk1.5.0_09/jre/lib/i386/libverify.so
b7579000-b7582000 r-xp 00000000 03:03 1692967    /lib/tls/libnss_files-2.3.2.so
b7582000-b7583000 rwxp 00008000 03:03 1692967    /lib/tls/libnss_files-2.3.2.so
b7583000-b758b000 r-xp 00000000 03:03 1692969    /lib/tls/libnss_nis-2.3.2.so
b758b000-b758c000 rwxp 00007000 03:03 1692969    /lib/tls/libnss_nis-2.3.2.so
b758c000-b7593000 r-xp 00000000 03:03 1692965    /lib/tls/libnss_compat-2.3.2.so
b7593000-b7594000 rwxp 00006000 03:03 1692965    /lib/tls/libnss_compat-2.3.2.so
b7594000-b75c6000 r-xp 00000000 03:03 264116     /opt/jdk1.5.0_09/jre/lib/i386/libjdwp.so
b75c6000-b75c7000 rwxp 00032000 03:03 264116     /opt/jdk1.5.0_09/jre/lib/i386/libjdwp.so
b75c7000-b75ca000 rwxp b75c7000 00:00 0 
b75ca000-b75db000 r-xp 00000000 03:03 1692964    /lib/tls/libnsl-2.3.2.so
b75db000-b75dc000 rwxp 00011000 03:03 1692964    /lib/tls/libnsl-2.3.2.so
b75dc000-b75de000 rwxp b75dc000 00:00 0 
b75e1000-b75e9000 rwxs 00000000 03:03 1543253    /tmp/hsperfdata_javi/30162
b75e9000-b760a000 r-xp 00000000 03:03 1692962    /lib/tls/libm-2.3.2.so
b760a000-b760b000 rwxp 00020000 03:03 1692962    /lib/tls/libm-2.3.2.so
b760b000-b7977000 r-xp 00000000 03:03 295494     /opt/jdk1.5.0_09/jre/lib/i386/client/libjvm.so
b7977000-b7996000 rwxp 0036b000 03:03 295494     /opt/jdk1.5.0_09/jre/lib/i386/client/libjvm.so
b7996000-b7dad000 rwxp b7996000 00:00 0 
b7dad000-b7ed7000 r-xp 00000000 03:03 1692959    /lib/tls/libc-2.3.2.so
b7ed7000-b7ee0000 rwxp 00129000 03:03 1692959    /lib/tls/libc-2.3.2.so
b7ee0000-b7ee2000 rwxp b7ee0000 00:00 0 
b7ee2000-b7ee4000 r-xp 00000000 03:03 1692961    /lib/tls/libdl-2.3.2.so
b7ee4000-b7ee5000 rwxp 00002000 03:03 1692961    /lib/tls/libdl-2.3.2.so
b7ee5000-b7ee6000 rwxp b7ee5000 00:00 0 
b7ee6000-b7ef2000 r-xp 00000000 03:03 1692955    /lib/tls/libpthread-0.60.so
b7ef2000-b7ef3000 rwxp 0000c000 03:03 1692955    /lib/tls/libpthread-0.60.so
b7ef3000-b7ef5000 rwxp b7ef3000 00:00 0 
b7ef5000-b7ef6000 r-xp 00000000 03:03 1116493    /home/javi/cursojni/eclipse/MetodosInstancia/Debug/libMetodosInstancia.so
b7ef6000-b7ef7000 rwxp 00000000 03:03 1116493    /home/javi/cursojni/eclipse/MetodosInstancia/Debug/libMetodosInstancia.so
b7ef7000-b7efd000 r-xp 00000000 03:03 264082     /opt/jdk1.5.0_09/jre/lib/i386/native_threads/libhpi.so
b7efd000-b7efe000 rwxp 00006000 03:03 264082     /opt/jdk1.5.0_09/jre/lib/i386/native_threads/libhpi.so
b7efe000-b7eff000 rwxp b7efe000 00:00 0 
b7eff000-b7f00000 r-xp b7eff000 00:00 0 
b7f00000-b7f01000 rwxp b7f00000 00:00 0 
b7f01000-b7f17000 r-xp 00000000 03:03 1692920    /lib/ld-2.3.2.so
b7f17000-b7f18000 rwxp 00015000 03:03 1692920    /lib/ld-2.3.2.so
bfb17000-bfb1a000 ---p bfb17000 00:00 0 
bfb1a000-bfd17000 rwxp bfb1a000 00:00 0          [stack]
ffffe000-fffff000 ---p 00000000 00:00 0          [vdso]

VM Arguments:
jvm_args: -Xdebug -Xnoagent -Djava.compiler=none -Xrunjdwp:transport=dt_socket,address=localhost:34503 -Djava.library.path=/home/javi/cursojni/eclipse/MetodosInstancia/Debug
java_command: metodosinstancia.Main
Launcher Type: SUN_STANDARD

Environment Variables:
PATH=/usr/local/bin:/usr/bin:/bin:/usr/bin/X11:/usr/games
USERNAME=javi
LD_LIBRARY_PATH=/opt/jdk1.5.0_09/jre/lib/i386/client:/opt/jdk1.5.0_09/jre/lib/i386:/opt/jdk1.5.0_09/jre/../lib/i386
SHELL=/bin/bash
DISPLAY=:0.0

Signal Handlers:
SIGSEGV: [libjvm.so+0x325bd0], sa_mask[0]=0x7ffbfeff, sa_flags=0x10000004
SIGBUS: [libjvm.so+0x325bd0], sa_mask[0]=0x7ffbfeff, sa_flags=0x10000004
SIGFPE: [libjvm.so+0x28a010], sa_mask[0]=0x7ffbfeff, sa_flags=0x10000004
SIGPIPE: [libjvm.so+0x28a010], sa_mask[0]=0x7ffbfeff, sa_flags=0x10000004
SIGILL: [libjvm.so+0x28a010], sa_mask[0]=0x7ffbfeff, sa_flags=0x10000004
SIGUSR1: SIG_DFL, sa_mask[0]=0x00000000, sa_flags=0x00000000
SIGUSR2: [libjvm.so+0x28c460], sa_mask[0]=0x00000004, sa_flags=0x10000004
SIGHUP: [libjvm.so+0x28be90], sa_mask[0]=0x7ffbfeff, sa_flags=0x10000004
SIGINT: [libjvm.so+0x28be90], sa_mask[0]=0x7ffbfeff, sa_flags=0x10000004
SIGQUIT: [libjvm.so+0x28be90], sa_mask[0]=0x7ffbfeff, sa_flags=0x10000004
SIGTERM: [libjvm.so+0x28be90], sa_mask[0]=0x7ffbfeff, sa_flags=0x10000004


---------------  S Y S T E M  ---------------

OS:gnulinex2006 rc1

uname:Linux 2.6.16-2-586 #1 PREEMPT Fri May 5 13:19:05 CEST 2006 i686
libc:glibc 2.3.2 NPTL 0.60 
rlimit: STACK 8192k, CORE 0k, NPROC infinity, NOFILE 1024, AS infinity
load average:0.50 0.25 0.14

CPU:total 1 (cores per cpu 1, threads per core 1) family 6 model 13 stepping 8, cmov, cx8, fxsr, mmx, sse, sse2

Memory: 4k page, physical 1034932k(20920k free), swap 714852k(714788k free)

vm_info: Java HotSpot(TM) Client VM (1.5.0_09-b03) for linux-x86, built on Oct 12 2006 10:54:08 by java_re with gcc 3.2.1-7a (J2SE release)

