#
# An unexpected error has been detected by HotSpot Virtual Machine:
#
#  SIGSEGV (0xb) at pc=0xb78873c6, pid=30346, tid=3085447296
#
# Java VM: Java HotSpot(TM) Client VM (1.5.0_09-b03 mixed mode)
# Problematic frame:
# V  [libjvm.so+0x1a53c6]
#

---------------  T H R E A D  ---------------

Current thread (0x0805d060):  JavaThread "main" [_thread_in_vm, id=30346]

siginfo:si_signo=11, si_errno=0, si_code=1, si_addr=0x00000000

Registers:
EAX=0x00000000, EBX=0xb7a69aec, ECX=0x0805e748, EDX=0x0805d018
ESP=0xbffeb348, EBP=0xbffeb37c, ESI=0x0805e744, EDI=0x0805d060
EIP=0xb78873c6, CR2=0x00000000, EFLAGS=0x00010296

Top of Stack: (sp=0xbffeb348)
0xbffeb348:   00000004 bffeb3ec b78640e1 0805d120
0xbffeb358:   0805e750 00000001 0805e744 00000000
0xbffeb368:   0805e744 0805e740 b7a69aec 0805d060
0xbffeb378:   0805d120 bffeb3ec b78680ea 0805d120
0xbffeb388:   00000000 b7fcc837 b7fcc831 00000000
0xbffeb398:   0805d060 00000000 00000000 bffeb3c0
0xbffeb3a8:   b7a69aec 0805e740 ae769090 0805d060
0xbffeb3b8:   b785419a 0805e740 bffeb3d4 0805d060 

Instructions: (pc=0xb78873c6)
0xb78873b6:   c0 8d 65 f4 5b 5e 5f 5d c3 90 8b 45 0c 83 ec 0c
0xb78873c6:   8b 08 51 e8 92 65 fd ff 83 c4 10 85 c0 74 1b 83 

Stack: [0xbfdee000,0xbffee000),  sp=0xbffeb348,  free space=2036k
Native frames: (J=compiled Java code, j=interpreted, Vv=VM code, C=native code)
V  [libjvm.so+0x1a53c6]
V  [libjvm.so+0x1860ea]
C  [libMetodosInstancia.so+0x77f]  Java_metodosinstancia_Main_sumaC+0x4b
j  metodosinstancia.Main.sumaC()V+0
j  metodosinstancia.Main.main([Ljava/lang/String;)V+37
v  ~StubRoutines::call_stub
V  [libjvm.so+0x17a75c]
V  [libjvm.so+0x28afd8]
V  [libjvm.so+0x17a58f]
V  [libjvm.so+0x1a4e32]
V  [libjvm.so+0x196042]
C  [java+0x1873]
C  [libc.so.6+0x15974]  __libc_start_main+0xf4

Java frames: (J=compiled Java code, j=interpreted, Vv=VM code)
j  metodosinstancia.Main.sumaC()V+0
j  metodosinstancia.Main.main([Ljava/lang/String;)V+37
v  ~StubRoutines::call_stub

---------------  P R O C E S S  ---------------

Java Threads: ( => current thread )
  0x080d3340 JavaThread "Low Memory Detector" daemon [_thread_blocked, id=30361]
  0x080d1c78 JavaThread "CompilerThread0" daemon [_thread_in_vm, id=30360]
  0x080d0af8 JavaThread "Signal Dispatcher" daemon [_thread_blocked, id=30359]
  0x080ceff0 JavaThread "JDWP Command Reader" daemon [_thread_in_native, id=30357]
  0x080cdb00 JavaThread "JDWP Event Helper Thread" daemon [_thread_blocked, id=30356]
  0x080cbfd0 JavaThread "JDWP Transport Listener: dt_socket" daemon [_thread_blocked, id=30355]
  0x080bc330 JavaThread "Finalizer" daemon [_thread_blocked, id=30352]
  0x080bb700 JavaThread "Reference Handler" daemon [_thread_blocked, id=30351]
=>0x0805d060 JavaThread "main" [_thread_in_vm, id=30346]

Other Threads:
  0x080b8a48 VMThread [id=30350]
  0x080d47c0 WatcherThread [id=30362]

VM state:not at safepoint (normal execution)

VM Mutex/Monitor currently owned by a thread: None

Heap
 def new generation   total 576K, used 191K [0xaa600000, 0xaa6a0000, 0xaaae0000)
  eden space 512K,  37% used [0xaa600000, 0xaa62ff88, 0xaa680000)
  from space 64K,   0% used [0xaa680000, 0xaa680000, 0xaa690000)
  to   space 64K,   0% used [0xaa690000, 0xaa690000, 0xaa6a0000)
 tenured generation   total 1408K, used 0K [0xaaae0000, 0xaac40000, 0xae600000)
   the space 1408K,   0% used [0xaaae0000, 0xaaae0000, 0xaaae0200, 0xaac40000)
 compacting perm gen  total 8192K, used 1445K [0xae600000, 0xaee00000, 0xb2600000)
   the space 8192K,  17% used [0xae600000, 0xae7695d0, 0xae769600, 0xaee00000)
No shared spaces configured.

Dynamic libraries:
08048000-08057000 r-xp 00000000 03:03 264062     /opt/jdk1.5.0_09/jre/bin/java
08057000-08059000 rwxp 0000e000 03:03 264062     /opt/jdk1.5.0_09/jre/bin/java
08059000-081c6000 rwxp 08059000 00:00 0          [heap]
a9d00000-a9d21000 rwxp a9d00000 00:00 0 
a9d21000-a9e00000 ---p a9d21000 00:00 0 
a9ea0000-a9ecb000 r-xs 00000000 03:03 295505     /opt/jdk1.5.0_09/jre/lib/ext/sunpkcs11.jar
a9ecb000-a9ecd000 r-xs 00000000 03:03 295506     /opt/jdk1.5.0_09/jre/lib/ext/dnsns.jar
a9ecd000-a9ef4000 r-xs 00000000 03:03 295504     /opt/jdk1.5.0_09/jre/lib/ext/sunjce_provider.jar
a9ef4000-a9fb8000 r-xs 00000000 03:03 296079     /opt/jdk1.5.0_09/jre/lib/ext/localedata.jar
a9fb8000-a9fb9000 ---p a9fb8000 00:00 0 
a9fb9000-aa038000 rwxp a9fb9000 00:00 0 
aa038000-aa03b000 ---p aa038000 00:00 0 
aa03b000-aa0b8000 rwxp aa03b000 00:00 0 
aa0b8000-aa0bb000 ---p aa0b8000 00:00 0 
aa0bb000-aa138000 rwxp aa0bb000 00:00 0 
aa138000-aa13b000 ---p aa138000 00:00 0 
aa13b000-aa1b8000 rwxp aa13b000 00:00 0 
aa1b8000-aa1bb000 ---p aa1b8000 00:00 0 
aa1bb000-aa238000 rwxp aa1bb000 00:00 0 
aa238000-aa23b000 ---p aa238000 00:00 0 
aa23b000-aa2b8000 rwxp aa23b000 00:00 0 
aa2b8000-aa2bb000 ---p aa2b8000 00:00 0 
aa2bb000-aa338000 rwxp aa2bb000 00:00 0 
aa338000-aa400000 r-xp 00000000 03:03 395062     /usr/lib/locale/locale-archive
aa400000-aa403000 ---p aa400000 00:00 0 
aa403000-aa480000 rwxp aa403000 00:00 0 
aa480000-aa483000 ---p aa480000 00:00 0 
aa483000-aa500000 rwxp aa483000 00:00 0 
aa500000-aa501000 ---p aa500000 00:00 0 
aa501000-aa585000 rwxp aa501000 00:00 0 
aa585000-aa5a1000 rwxp aa585000 00:00 0 
aa5a1000-aa5a2000 rwxp aa5a1000 00:00 0 
aa5a2000-aa5bf000 rwxp aa5a2000 00:00 0 
aa5bf000-aa5c0000 rwxp aa5bf000 00:00 0 
aa5c0000-aa5c1000 rwxp aa5c0000 00:00 0 
aa5c1000-aa5c3000 rwxp aa5c1000 00:00 0 
aa5c3000-aa5df000 rwxp aa5c3000 00:00 0 
aa5df000-aa5e3000 rwxp aa5df000 00:00 0 
aa5e3000-aa5ff000 rwxp aa5e3000 00:00 0 
aa5ff000-aa6a0000 rwxp aa5ff000 00:00 0 
aa6a0000-aaae0000 rwxp aa6a0000 00:00 0 
aaae0000-aac40000 rwxp aaae0000 00:00 0 
aac40000-ae600000 rwxp aac40000 00:00 0 
ae600000-aee00000 rwxp ae600000 00:00 0 
aee00000-b2600000 rwxp aee00000 00:00 0 
b2602000-b2606000 r-xp 00000000 03:03 264117     /opt/jdk1.5.0_09/jre/lib/i386/libdt_socket.so
b2606000-b2607000 rwxp 00003000 03:03 264117     /opt/jdk1.5.0_09/jre/lib/i386/libdt_socket.so
b2607000-b260a000 rwxp b2607000 00:00 0 
b260a000-b2687000 rwxp b260a000 00:00 0 
b2687000-b2717000 rwxp b2687000 00:00 0 
b2717000-b4687000 rwxp b2717000 00:00 0 
b4687000-b4ef7000 r-xs 00000000 03:03 264159     /opt/jdk1.5.0_09/jre/lib/charsets.jar
b4ef7000-b4f0c000 r-xs 00000000 03:03 264123     /opt/jdk1.5.0_09/jre/lib/jce.jar
b4f0c000-b4f91000 r-xs 00000000 03:03 264156     /opt/jdk1.5.0_09/jre/lib/jsse.jar
b4f91000-b4ffa000 rwxp b4f91000 00:00 0 
b4ffa000-b7610000 r-xs 00000000 03:03 264058     /opt/jdk1.5.0_09/jre/lib/rt.jar
b7610000-b761f000 r-xp 00000000 03:03 264093     /opt/jdk1.5.0_09/jre/lib/i386/libzip.so
b761f000-b7621000 rwxp 0000e000 03:03 264093     /opt/jdk1.5.0_09/jre/lib/i386/libzip.so
b7621000-b7642000 r-xp 00000000 03:03 264091     /opt/jdk1.5.0_09/jre/lib/i386/libjava.so
b7642000-b7644000 rwxp 00020000 03:03 264091     /opt/jdk1.5.0_09/jre/lib/i386/libjava.so
b7644000-b764f000 r-xp 00000000 03:03 264090     /opt/jdk1.5.0_09/jre/lib/i386/libverify.so
b764f000-b7650000 rwxp 0000b000 03:03 264090     /opt/jdk1.5.0_09/jre/lib/i386/libverify.so
b7650000-b7659000 r-xp 00000000 03:03 1692967    /lib/tls/libnss_files-2.3.2.so
b7659000-b765a000 rwxp 00008000 03:03 1692967    /lib/tls/libnss_files-2.3.2.so
b765a000-b7662000 r-xp 00000000 03:03 1692969    /lib/tls/libnss_nis-2.3.2.so
b7662000-b7663000 rwxp 00007000 03:03 1692969    /lib/tls/libnss_nis-2.3.2.so
b7663000-b766a000 r-xp 00000000 03:03 1692965    /lib/tls/libnss_compat-2.3.2.so
b766a000-b766b000 rwxp 00006000 03:03 1692965    /lib/tls/libnss_compat-2.3.2.so
b766b000-b769d000 r-xp 00000000 03:03 264116     /opt/jdk1.5.0_09/jre/lib/i386/libjdwp.so
b769d000-b769e000 rwxp 00032000 03:03 264116     /opt/jdk1.5.0_09/jre/lib/i386/libjdwp.so
b769e000-b76a1000 rwxp b769e000 00:00 0 
b76a1000-b76b2000 r-xp 00000000 03:03 1692964    /lib/tls/libnsl-2.3.2.so
b76b2000-b76b3000 rwxp 00011000 03:03 1692964    /lib/tls/libnsl-2.3.2.so
b76b3000-b76b5000 rwxp b76b3000 00:00 0 
b76b8000-b76c0000 rwxs 00000000 03:03 1543256    /tmp/hsperfdata_javi/30346
b76c0000-b76e1000 r-xp 00000000 03:03 1692962    /lib/tls/libm-2.3.2.so
b76e1000-b76e2000 rwxp 00020000 03:03 1692962    /lib/tls/libm-2.3.2.so
b76e2000-b7a4e000 r-xp 00000000 03:03 295494     /opt/jdk1.5.0_09/jre/lib/i386/client/libjvm.so
b7a4e000-b7a6d000 rwxp 0036b000 03:03 295494     /opt/jdk1.5.0_09/jre/lib/i386/client/libjvm.so
b7a6d000-b7e84000 rwxp b7a6d000 00:00 0 
b7e84000-b7fae000 r-xp 00000000 03:03 1692959    /lib/tls/libc-2.3.2.so
b7fae000-b7fb7000 rwxp 00129000 03:03 1692959    /lib/tls/libc-2.3.2.so
b7fb7000-b7fb9000 rwxp b7fb7000 00:00 0 
b7fb9000-b7fbb000 r-xp 00000000 03:03 1692961    /lib/tls/libdl-2.3.2.so
b7fbb000-b7fbc000 rwxp 00002000 03:03 1692961    /lib/tls/libdl-2.3.2.so
b7fbc000-b7fbd000 rwxp b7fbc000 00:00 0 
b7fbd000-b7fc9000 r-xp 00000000 03:03 1692955    /lib/tls/libpthread-0.60.so
b7fc9000-b7fca000 rwxp 0000c000 03:03 1692955    /lib/tls/libpthread-0.60.so
b7fca000-b7fcc000 rwxp b7fca000 00:00 0 
b7fcc000-b7fcd000 r-xp 00000000 03:03 1116493    /home/javi/cursojni/eclipse/MetodosInstancia/Debug/libMetodosInstancia.so
b7fcd000-b7fce000 rwxp 00000000 03:03 1116493    /home/javi/cursojni/eclipse/MetodosInstancia/Debug/libMetodosInstancia.so
b7fce000-b7fd4000 r-xp 00000000 03:03 264082     /opt/jdk1.5.0_09/jre/lib/i386/native_threads/libhpi.so
b7fd4000-b7fd5000 rwxp 00006000 03:03 264082     /opt/jdk1.5.0_09/jre/lib/i386/native_threads/libhpi.so
b7fd5000-b7fd6000 rwxp b7fd5000 00:00 0 
b7fd6000-b7fd7000 r-xp b7fd6000 00:00 0 
b7fd7000-b7fd8000 rwxp b7fd7000 00:00 0 
b7fd8000-b7fee000 r-xp 00000000 03:03 1692920    /lib/ld-2.3.2.so
b7fee000-b7fef000 rwxp 00015000 03:03 1692920    /lib/ld-2.3.2.so
bfdee000-bfdf1000 ---p bfdee000 00:00 0 
bfdf1000-bffee000 rwxp bfdf1000 00:00 0          [stack]
ffffe000-fffff000 ---p 00000000 00:00 0          [vdso]

VM Arguments:
jvm_args: -Xdebug -Xnoagent -Djava.compiler=none -Xrunjdwp:transport=dt_socket,address=localhost:49914 -Djava.library.path=/home/javi/cursojni/eclipse/MetodosInstancia/Debug
java_command: metodosinstancia.Main
Launcher Type: SUN_STANDARD

Environment Variables:
PATH=/usr/local/bin:/usr/bin:/bin:/usr/bin/X11:/usr/games
USERNAME=javi
LD_LIBRARY_PATH=/opt/jdk1.5.0_09/jre/lib/i386/client:/opt/jdk1.5.0_09/jre/lib/i386:/opt/jdk1.5.0_09/jre/../lib/i386
SHELL=/bin/bash
DISPLAY=:0.0

Signal Handlers:
SIGSEGV: [libjvm.so+0x325bd0], sa_mask[0]=0x7ffbfeff, sa_flags=0x10000004
SIGBUS: [libjvm.so+0x325bd0], sa_mask[0]=0x7ffbfeff, sa_flags=0x10000004
SIGFPE: [libjvm.so+0x28a010], sa_mask[0]=0x7ffbfeff, sa_flags=0x10000004
SIGPIPE: [libjvm.so+0x28a010], sa_mask[0]=0x7ffbfeff, sa_flags=0x10000004
SIGILL: [libjvm.so+0x28a010], sa_mask[0]=0x7ffbfeff, sa_flags=0x10000004
SIGUSR1: SIG_DFL, sa_mask[0]=0x00000000, sa_flags=0x00000000
SIGUSR2: [libjvm.so+0x28c460], sa_mask[0]=0x00000004, sa_flags=0x10000004
SIGHUP: [libjvm.so+0x28be90], sa_mask[0]=0x7ffbfeff, sa_flags=0x10000004
SIGINT: [libjvm.so+0x28be90], sa_mask[0]=0x7ffbfeff, sa_flags=0x10000004
SIGQUIT: [libjvm.so+0x28be90], sa_mask[0]=0x7ffbfeff, sa_flags=0x10000004
SIGTERM: [libjvm.so+0x28be90], sa_mask[0]=0x7ffbfeff, sa_flags=0x10000004


---------------  S Y S T E M  ---------------

OS:gnulinex2006 rc1

uname:Linux 2.6.16-2-586 #1 PREEMPT Fri May 5 13:19:05 CEST 2006 i686
libc:glibc 2.3.2 NPTL 0.60 
rlimit: STACK 8192k, CORE 0k, NPROC infinity, NOFILE 1024, AS infinity
load average:0.66 0.30 0.16

CPU:total 1 (cores per cpu 1, threads per core 1) family 6 model 13 stepping 8, cmov, cx8, fxsr, mmx, sse, sse2

Memory: 4k page, physical 1034932k(19576k free), swap 714852k(714788k free)

vm_info: Java HotSpot(TM) Client VM (1.5.0_09-b03) for linux-x86, built on Oct 12 2006 10:54:08 by java_re with gcc 3.2.1-7a (J2SE release)

